[ 2018-03-22T17:44:41+08:00 ] ::1 /blog/index.php/index/part/id/1.html
INFO: [ app_init ] --START--
INFO: Run Behavior\BuildLiteBehavior [ RunTime:0.000000s ]
INFO: [ app_init ] --END-- [ RunTime:0.000000s ]
INFO: [ app_begin ] --START--
INFO: Run Behavior\ReadHtmlCacheBehavior [ RunTime:0.001000s ]
INFO: [ app_begin ] --END-- [ RunTime:0.001000s ]
SQL: SHOW COLUMNS FROM `tpt_category` [ RunTime:0.0120s ]
SQL: SELECT * FROM `tpt_category` WHERE ( tid = 0 )  [ RunTime:0.0010s ]
SQL: SELECT * FROM `tpt_category` WHERE ( tid != 0 )  [ RunTime:0.0000s ]
SQL: SHOW COLUMNS FROM `tpt_article` [ RunTime:0.0170s ]
SQL: SELECT * FROM `tpt_article` WHERE `commend` = 1 AND `open` = 1 ORDER BY id DESC LIMIT 3   [ RunTime:0.0010s ]
SQL: SELECT * FROM `tpt_article` WHERE `choice` = 1 AND `open` = 1 ORDER BY id DESC LIMIT 3   [ RunTime:0.0020s ]
SQL: SHOW COLUMNS FROM `tpt_links` [ RunTime:0.0230s ]
SQL: SELECT * FROM `tpt_links`  [ RunTime:0.0010s ]
SQL: SHOW COLUMNS FROM `tpt_conf` [ RunTime:0.0210s ]
SQL: SELECT * FROM `tpt_conf` WHERE `id` = 1 LIMIT 1   [ RunTime:0.0000s ]
SQL: SELECT `id` FROM `tpt_category` WHERE ( tid=1 )  [ RunTime:0.0000s ]
SQL: SELECT COUNT(*) AS tp_count FROM `tpt_article` WHERE `open` = 1 AND `tid` IN ('2','3','1') LIMIT 1   [ RunTime:0.0010s ]
SQL: SELECT * FROM `tpt_article` WHERE `open` = 1 AND `tid` IN ('2','3','1') ORDER BY id DESC LIMIT 0,8   [ RunTime:0.0030s ]
INFO: [ view_parse ] --START--
INFO: [ template_filter ] --START--
INFO: Run Behavior\ContentReplaceBehavior [ RunTime:0.000000s ]
INFO: [ template_filter ] --END-- [ RunTime:0.000000s ]
NOTIC: [8] Undefined index: title F:\wamp\www\blog\Runtime\Cache\Home\b32b0210c07de47577ce2ed2cf7df3c0.php 第 23 行.
NOTIC: [8] Use of undefined constant commend - assumed 'commend' F:\wamp\www\blog\Runtime\Cache\Home\b32b0210c07de47577ce2ed2cf7df3c0.php 第 75 行.
NOTIC: [8] Use of undefined constant pic - assumed 'pic' F:\wamp\www\blog\Runtime\Cache\Home\b32b0210c07de47577ce2ed2cf7df3c0.php 第 80 行.
NOTIC: [8] Undefined index: name F:\wamp\www\blog\Runtime\Cache\Home\b32b0210c07de47577ce2ed2cf7df3c0.php 第 91 行.
NOTIC: [8] Use of undefined constant commend - assumed 'commend' F:\wamp\www\blog\Runtime\Cache\Home\b32b0210c07de47577ce2ed2cf7df3c0.php 第 75 行.
NOTIC: [8] Use of undefined constant pic - assumed 'pic' F:\wamp\www\blog\Runtime\Cache\Home\b32b0210c07de47577ce2ed2cf7df3c0.php 第 80 行.
NOTIC: [8] Undefined index: name F:\wamp\www\blog\Runtime\Cache\Home\b32b0210c07de47577ce2ed2cf7df3c0.php 第 91 行.
NOTIC: [8] Use of undefined constant commend - assumed 'commend' F:\wamp\www\blog\Runtime\Cache\Home\b32b0210c07de47577ce2ed2cf7df3c0.php 第 75 行.
NOTIC: [8] Use of undefined constant pic - assumed 'pic' F:\wamp\www\blog\Runtime\Cache\Home\b32b0210c07de47577ce2ed2cf7df3c0.php 第 80 行.
NOTIC: [8] Undefined index: name F:\wamp\www\blog\Runtime\Cache\Home\b32b0210c07de47577ce2ed2cf7df3c0.php 第 91 行.
NOTIC: [8] Use of undefined constant pic - assumed 'pic' F:\wamp\www\blog\Runtime\Cache\Home\b32b0210c07de47577ce2ed2cf7df3c0.php 第 127 行.
NOTIC: [8] Use of undefined constant pic - assumed 'pic' F:\wamp\www\blog\Runtime\Cache\Home\b32b0210c07de47577ce2ed2cf7df3c0.php 第 127 行.
NOTIC: [8] Use of undefined constant pic - assumed 'pic' F:\wamp\www\blog\Runtime\Cache\Home\b32b0210c07de47577ce2ed2cf7df3c0.php 第 127 行.
INFO: Run Behavior\ParseTemplateBehavior [ RunTime:0.035002s ]
INFO: [ view_parse ] --END-- [ RunTime:0.035002s ]
INFO: [ view_filter ] --START--
INFO: Run Behavior\WriteHtmlCacheBehavior [ RunTime:0.001000s ]
INFO: [ view_filter ] --END-- [ RunTime:0.001000s ]
INFO: [ app_end ] --START--
INFO: Run Behavior\ShowPageTraceBehavior [ RunTime:0.001000s ]
INFO: [ app_end ] --END-- [ RunTime:0.001000s ]

[ 2018-03-22T17:44:42+08:00 ] ::1 /blog/index.php/index/part/id/1.html
INFO: [ app_init ] --START--
INFO: Run Behavior\BuildLiteBehavior [ RunTime:0.000000s ]
INFO: [ app_init ] --END-- [ RunTime:0.001000s ]
INFO: [ app_begin ] --START--
INFO: Run Behavior\ReadHtmlCacheBehavior [ RunTime:0.000000s ]
INFO: [ app_begin ] --END-- [ RunTime:0.000000s ]
SQL: SHOW COLUMNS FROM `tpt_category` [ RunTime:0.0210s ]
SQL: SELECT * FROM `tpt_category` WHERE ( tid = 0 )  [ RunTime:0.0010s ]
SQL: SELECT * FROM `tpt_category` WHERE ( tid != 0 )  [ RunTime:0.0010s ]
SQL: SHOW COLUMNS FROM `tpt_article` [ RunTime:0.0170s ]
SQL: SELECT * FROM `tpt_article` WHERE `commend` = 1 AND `open` = 1 ORDER BY id DESC LIMIT 3   [ RunTime:0.0030s ]
SQL: SELECT * FROM `tpt_article` WHERE `choice` = 1 AND `open` = 1 ORDER BY id DESC LIMIT 3   [ RunTime:0.0020s ]
SQL: SHOW COLUMNS FROM `tpt_links` [ RunTime:0.0180s ]
SQL: SELECT * FROM `tpt_links`  [ RunTime:0.0000s ]
SQL: SHOW COLUMNS FROM `tpt_conf` [ RunTime:0.0150s ]
SQL: SELECT * FROM `tpt_conf` WHERE `id` = 1 LIMIT 1   [ RunTime:0.0010s ]
SQL: SELECT `id` FROM `tpt_category` WHERE ( tid=1 )  [ RunTime:0.0000s ]
SQL: SELECT COUNT(*) AS tp_count FROM `tpt_article` WHERE `open` = 1 AND `tid` IN ('2','3','1') LIMIT 1   [ RunTime:0.0010s ]
SQL: SELECT * FROM `tpt_article` WHERE `open` = 1 AND `tid` IN ('2','3','1') ORDER BY id DESC LIMIT 0,8   [ RunTime:0.0040s ]
INFO: [ view_parse ] --START--
INFO: [ template_filter ] --START--
INFO: Run Behavior\ContentReplaceBehavior [ RunTime:0.000000s ]
INFO: [ template_filter ] --END-- [ RunTime:0.001000s ]
NOTIC: [8] Undefined index: title F:\wamp\www\blog\Runtime\Cache\Home\b32b0210c07de47577ce2ed2cf7df3c0.php 第 23 行.
NOTIC: [8] Use of undefined constant commend - assumed 'commend' F:\wamp\www\blog\Runtime\Cache\Home\b32b0210c07de47577ce2ed2cf7df3c0.php 第 75 行.
NOTIC: [8] Use of undefined constant pic - assumed 'pic' F:\wamp\www\blog\Runtime\Cache\Home\b32b0210c07de47577ce2ed2cf7df3c0.php 第 80 行.
NOTIC: [8] Undefined index: name F:\wamp\www\blog\Runtime\Cache\Home\b32b0210c07de47577ce2ed2cf7df3c0.php 第 91 行.
NOTIC: [8] Use of undefined constant commend - assumed 'commend' F:\wamp\www\blog\Runtime\Cache\Home\b32b0210c07de47577ce2ed2cf7df3c0.php 第 75 行.
NOTIC: [8] Use of undefined constant pic - assumed 'pic' F:\wamp\www\blog\Runtime\Cache\Home\b32b0210c07de47577ce2ed2cf7df3c0.php 第 80 行.
NOTIC: [8] Undefined index: name F:\wamp\www\blog\Runtime\Cache\Home\b32b0210c07de47577ce2ed2cf7df3c0.php 第 91 行.
NOTIC: [8] Use of undefined constant commend - assumed 'commend' F:\wamp\www\blog\Runtime\Cache\Home\b32b0210c07de47577ce2ed2cf7df3c0.php 第 75 行.
NOTIC: [8] Use of undefined constant pic - assumed 'pic' F:\wamp\www\blog\Runtime\Cache\Home\b32b0210c07de47577ce2ed2cf7df3c0.php 第 80 行.
NOTIC: [8] Undefined index: name F:\wamp\www\blog\Runtime\Cache\Home\b32b0210c07de47577ce2ed2cf7df3c0.php 第 91 行.
NOTIC: [8] Use of undefined constant pic - assumed 'pic' F:\wamp\www\blog\Runtime\Cache\Home\b32b0210c07de47577ce2ed2cf7df3c0.php 第 127 行.
NOTIC: [8] Use of undefined constant pic - assumed 'pic' F:\wamp\www\blog\Runtime\Cache\Home\b32b0210c07de47577ce2ed2cf7df3c0.php 第 127 行.
NOTIC: [8] Use of undefined constant pic - assumed 'pic' F:\wamp\www\blog\Runtime\Cache\Home\b32b0210c07de47577ce2ed2cf7df3c0.php 第 127 行.
INFO: Run Behavior\ParseTemplateBehavior [ RunTime:0.037002s ]
INFO: [ view_parse ] --END-- [ RunTime:0.037002s ]
INFO: [ view_filter ] --START--
INFO: Run Behavior\WriteHtmlCacheBehavior [ RunTime:0.001000s ]
INFO: [ view_filter ] --END-- [ RunTime:0.001000s ]
INFO: [ app_end ] --START--
INFO: Run Behavior\ShowPageTraceBehavior [ RunTime:0.000000s ]
INFO: [ app_end ] --END-- [ RunTime:0.000000s ]

[ 2018-03-22T17:44:43+08:00 ] ::1 /blog/index.php/index/part/id/4.html
INFO: [ app_init ] --START--
INFO: Run Behavior\BuildLiteBehavior [ RunTime:0.000000s ]
INFO: [ app_init ] --END-- [ RunTime:0.001000s ]
INFO: [ app_begin ] --START--
INFO: Run Behavior\ReadHtmlCacheBehavior [ RunTime:0.000000s ]
INFO: [ app_begin ] --END-- [ RunTime:0.000000s ]
SQL: SHOW COLUMNS FROM `tpt_category` [ RunTime:0.0190s ]
SQL: SELECT * FROM `tpt_category` WHERE ( tid = 0 )  [ RunTime:0.0010s ]
SQL: SELECT * FROM `tpt_category` WHERE ( tid != 0 )  [ RunTime:0.0010s ]
SQL: SHOW COLUMNS FROM `tpt_article` [ RunTime:0.0160s ]
SQL: SELECT * FROM `tpt_article` WHERE `commend` = 1 AND `open` = 1 ORDER BY id DESC LIMIT 3   [ RunTime:0.0020s ]
SQL: SELECT * FROM `tpt_article` WHERE `choice` = 1 AND `open` = 1 ORDER BY id DESC LIMIT 3   [ RunTime:0.0030s ]
SQL: SHOW COLUMNS FROM `tpt_links` [ RunTime:0.0150s ]
SQL: SELECT * FROM `tpt_links`  [ RunTime:0.0010s ]
SQL: SHOW COLUMNS FROM `tpt_conf` [ RunTime:0.0150s ]
SQL: SELECT * FROM `tpt_conf` WHERE `id` = 1 LIMIT 1   [ RunTime:0.0010s ]
SQL: SELECT `id` FROM `tpt_category` WHERE ( tid=4 )  [ RunTime:0.0000s ]
SQL: SELECT COUNT(*) AS tp_count FROM `tpt_article` WHERE `open` = 1 AND `tid` IN ('5','6','4') LIMIT 1   [ RunTime:0.0000s ]
SQL: SELECT * FROM `tpt_article` WHERE `open` = 1 AND `tid` IN ('5','6','4') ORDER BY id DESC LIMIT 0,8   [ RunTime:0.0020s ]
INFO: [ view_parse ] --START--
INFO: [ template_filter ] --START--
INFO: Run Behavior\ContentReplaceBehavior [ RunTime:0.000000s ]
INFO: [ template_filter ] --END-- [ RunTime:0.001000s ]
NOTIC: [8] Undefined index: title F:\wamp\www\blog\Runtime\Cache\Home\b32b0210c07de47577ce2ed2cf7df3c0.php 第 23 行.
NOTIC: [8] Use of undefined constant commend - assumed 'commend' F:\wamp\www\blog\Runtime\Cache\Home\b32b0210c07de47577ce2ed2cf7df3c0.php 第 75 行.
NOTIC: [8] Use of undefined constant pic - assumed 'pic' F:\wamp\www\blog\Runtime\Cache\Home\b32b0210c07de47577ce2ed2cf7df3c0.php 第 80 行.
NOTIC: [8] Undefined index: name F:\wamp\www\blog\Runtime\Cache\Home\b32b0210c07de47577ce2ed2cf7df3c0.php 第 91 行.
NOTIC: [8] Use of undefined constant commend - assumed 'commend' F:\wamp\www\blog\Runtime\Cache\Home\b32b0210c07de47577ce2ed2cf7df3c0.php 第 75 行.
NOTIC: [8] Use of undefined constant pic - assumed 'pic' F:\wamp\www\blog\Runtime\Cache\Home\b32b0210c07de47577ce2ed2cf7df3c0.php 第 80 行.
NOTIC: [8] Undefined index: name F:\wamp\www\blog\Runtime\Cache\Home\b32b0210c07de47577ce2ed2cf7df3c0.php 第 91 行.
NOTIC: [8] Use of undefined constant pic - assumed 'pic' F:\wamp\www\blog\Runtime\Cache\Home\b32b0210c07de47577ce2ed2cf7df3c0.php 第 127 行.
NOTIC: [8] Use of undefined constant pic - assumed 'pic' F:\wamp\www\blog\Runtime\Cache\Home\b32b0210c07de47577ce2ed2cf7df3c0.php 第 127 行.
NOTIC: [8] Use of undefined constant pic - assumed 'pic' F:\wamp\www\blog\Runtime\Cache\Home\b32b0210c07de47577ce2ed2cf7df3c0.php 第 127 行.
INFO: Run Behavior\ParseTemplateBehavior [ RunTime:0.035002s ]
INFO: [ view_parse ] --END-- [ RunTime:0.035002s ]
INFO: [ view_filter ] --START--
INFO: Run Behavior\WriteHtmlCacheBehavior [ RunTime:0.000000s ]
INFO: [ view_filter ] --END-- [ RunTime:0.001000s ]
INFO: [ app_end ] --START--
INFO: Run Behavior\ShowPageTraceBehavior [ RunTime:0.000000s ]
INFO: [ app_end ] --END-- [ RunTime:0.000000s ]

[ 2018-03-22T17:44:44+08:00 ] ::1 /blog/index.php/index/part/id/4.html
INFO: [ app_init ] --START--
INFO: Run Behavior\BuildLiteBehavior [ RunTime:0.000000s ]
INFO: [ app_init ] --END-- [ RunTime:0.001000s ]
INFO: [ app_begin ] --START--
INFO: Run Behavior\ReadHtmlCacheBehavior [ RunTime:0.001000s ]
INFO: [ app_begin ] --END-- [ RunTime:0.001000s ]
SQL: SHOW COLUMNS FROM `tpt_category` [ RunTime:0.0200s ]
SQL: SELECT * FROM `tpt_category` WHERE ( tid = 0 )  [ RunTime:0.0010s ]
SQL: SELECT * FROM `tpt_category` WHERE ( tid != 0 )  [ RunTime:0.0010s ]
SQL: SHOW COLUMNS FROM `tpt_article` [ RunTime:0.0190s ]
SQL: SELECT * FROM `tpt_article` WHERE `commend` = 1 AND `open` = 1 ORDER BY id DESC LIMIT 3   [ RunTime:0.0020s ]
SQL: SELECT * FROM `tpt_article` WHERE `choice` = 1 AND `open` = 1 ORDER BY id DESC LIMIT 3   [ RunTime:0.0020s ]
SQL: SHOW COLUMNS FROM `tpt_links` [ RunTime:0.0160s ]
SQL: SELECT * FROM `tpt_links`  [ RunTime:0.0020s ]
SQL: SHOW COLUMNS FROM `tpt_conf` [ RunTime:0.0180s ]
SQL: SELECT * FROM `tpt_conf` WHERE `id` = 1 LIMIT 1   [ RunTime:0.0010s ]
SQL: SELECT `id` FROM `tpt_category` WHERE ( tid=4 )  [ RunTime:0.0010s ]
SQL: SELECT COUNT(*) AS tp_count FROM `tpt_article` WHERE `open` = 1 AND `tid` IN ('5','6','4') LIMIT 1   [ RunTime:0.0000s ]
SQL: SELECT * FROM `tpt_article` WHERE `open` = 1 AND `tid` IN ('5','6','4') ORDER BY id DESC LIMIT 0,8   [ RunTime:0.0010s ]
INFO: [ view_parse ] --START--
INFO: [ template_filter ] --START--
INFO: Run Behavior\ContentReplaceBehavior [ RunTime:0.000000s ]
INFO: [ template_filter ] --END-- [ RunTime:0.001000s ]
NOTIC: [8] Undefined index: title F:\wamp\www\blog\Runtime\Cache\Home\b32b0210c07de47577ce2ed2cf7df3c0.php 第 23 行.
NOTIC: [8] Use of undefined constant commend - assumed 'commend' F:\wamp\www\blog\Runtime\Cache\Home\b32b0210c07de47577ce2ed2cf7df3c0.php 第 75 行.
NOTIC: [8] Use of undefined constant pic - assumed 'pic' F:\wamp\www\blog\Runtime\Cache\Home\b32b0210c07de47577ce2ed2cf7df3c0.php 第 80 行.
NOTIC: [8] Undefined index: name F:\wamp\www\blog\Runtime\Cache\Home\b32b0210c07de47577ce2ed2cf7df3c0.php 第 91 行.
NOTIC: [8] Use of undefined constant commend - assumed 'commend' F:\wamp\www\blog\Runtime\Cache\Home\b32b0210c07de47577ce2ed2cf7df3c0.php 第 75 行.
NOTIC: [8] Use of undefined constant pic - assumed 'pic' F:\wamp\www\blog\Runtime\Cache\Home\b32b0210c07de47577ce2ed2cf7df3c0.php 第 80 行.
NOTIC: [8] Undefined index: name F:\wamp\www\blog\Runtime\Cache\Home\b32b0210c07de47577ce2ed2cf7df3c0.php 第 91 行.
NOTIC: [8] Use of undefined constant pic - assumed 'pic' F:\wamp\www\blog\Runtime\Cache\Home\b32b0210c07de47577ce2ed2cf7df3c0.php 第 127 行.
NOTIC: [8] Use of undefined constant pic - assumed 'pic' F:\wamp\www\blog\Runtime\Cache\Home\b32b0210c07de47577ce2ed2cf7df3c0.php 第 127 行.
NOTIC: [8] Use of undefined constant pic - assumed 'pic' F:\wamp\www\blog\Runtime\Cache\Home\b32b0210c07de47577ce2ed2cf7df3c0.php 第 127 行.
INFO: Run Behavior\ParseTemplateBehavior [ RunTime:0.034002s ]
INFO: [ view_parse ] --END-- [ RunTime:0.034002s ]
INFO: [ view_filter ] --START--
INFO: Run Behavior\WriteHtmlCacheBehavior [ RunTime:0.001000s ]
INFO: [ view_filter ] --END-- [ RunTime:0.001000s ]
INFO: [ app_end ] --START--
INFO: Run Behavior\ShowPageTraceBehavior [ RunTime:0.000000s ]
INFO: [ app_end ] --END-- [ RunTime:0.001000s ]

[ 2018-03-22T17:44:45+08:00 ] ::1 /blog/index.php/index/part/id/8.html
INFO: [ app_init ] --START--
INFO: Run Behavior\BuildLiteBehavior [ RunTime:0.000000s ]
INFO: [ app_init ] --END-- [ RunTime:0.001000s ]
INFO: [ app_begin ] --START--
INFO: Run Behavior\ReadHtmlCacheBehavior [ RunTime:0.001000s ]
INFO: [ app_begin ] --END-- [ RunTime:0.001000s ]
SQL: SHOW COLUMNS FROM `tpt_category` [ RunTime:0.0210s ]
SQL: SELECT * FROM `tpt_category` WHERE ( tid = 0 )  [ RunTime:0.0010s ]
SQL: SELECT * FROM `tpt_category` WHERE ( tid != 0 )  [ RunTime:0.0000s ]
SQL: SHOW COLUMNS FROM `tpt_article` [ RunTime:0.0170s ]
SQL: SELECT * FROM `tpt_article` WHERE `commend` = 1 AND `open` = 1 ORDER BY id DESC LIMIT 3   [ RunTime:0.0020s ]
SQL: SELECT * FROM `tpt_article` WHERE `choice` = 1 AND `open` = 1 ORDER BY id DESC LIMIT 3   [ RunTime:0.0020s ]
SQL: SHOW COLUMNS FROM `tpt_links` [ RunTime:0.0430s ]
SQL: SELECT * FROM `tpt_links`  [ RunTime:0.0030s ]
SQL: SHOW COLUMNS FROM `tpt_conf` [ RunTime:0.0160s ]
SQL: SELECT * FROM `tpt_conf` WHERE `id` = 1 LIMIT 1   [ RunTime:0.0010s ]
SQL: SELECT `id` FROM `tpt_category` WHERE ( tid=8 )  [ RunTime:0.0010s ]
NOTIC: [8] Undefined variable: idmun F:\wamp\www\blog\Application\Home\Controller\IndexController.class.php 第 195 行.
SQL: SELECT COUNT(*) AS tp_count FROM `tpt_article` WHERE `open` = 1 AND `tid` IN ('8') LIMIT 1   [ RunTime:0.0000s ]
SQL: SELECT * FROM `tpt_article` WHERE `open` = 1 AND `tid` IN ('8') ORDER BY id DESC LIMIT 0,8   [ RunTime:0.0070s ]
INFO: [ view_parse ] --START--
INFO: [ template_filter ] --START--
INFO: Run Behavior\ContentReplaceBehavior [ RunTime:0.000000s ]
INFO: [ template_filter ] --END-- [ RunTime:0.000000s ]
NOTIC: [8] Undefined index: title F:\wamp\www\blog\Runtime\Cache\Home\b32b0210c07de47577ce2ed2cf7df3c0.php 第 23 行.
NOTIC: [8] Use of undefined constant commend - assumed 'commend' F:\wamp\www\blog\Runtime\Cache\Home\b32b0210c07de47577ce2ed2cf7df3c0.php 第 75 行.
NOTIC: [8] Use of undefined constant pic - assumed 'pic' F:\wamp\www\blog\Runtime\Cache\Home\b32b0210c07de47577ce2ed2cf7df3c0.php 第 80 行.
NOTIC: [8] Undefined index: name F:\wamp\www\blog\Runtime\Cache\Home\b32b0210c07de47577ce2ed2cf7df3c0.php 第 91 行.
NOTIC: [8] Use of undefined constant pic - assumed 'pic' F:\wamp\www\blog\Runtime\Cache\Home\b32b0210c07de47577ce2ed2cf7df3c0.php 第 127 行.
NOTIC: [8] Use of undefined constant pic - assumed 'pic' F:\wamp\www\blog\Runtime\Cache\Home\b32b0210c07de47577ce2ed2cf7df3c0.php 第 127 行.
NOTIC: [8] Use of undefined constant pic - assumed 'pic' F:\wamp\www\blog\Runtime\Cache\Home\b32b0210c07de47577ce2ed2cf7df3c0.php 第 127 行.
INFO: Run Behavior\ParseTemplateBehavior [ RunTime:0.033002s ]
INFO: [ view_parse ] --END-- [ RunTime:0.033002s ]
INFO: [ view_filter ] --START--
INFO: Run Behavior\WriteHtmlCacheBehavior [ RunTime:0.001000s ]
INFO: [ view_filter ] --END-- [ RunTime:0.001000s ]
INFO: [ app_end ] --START--
INFO: Run Behavior\ShowPageTraceBehavior [ RunTime:0.001000s ]
INFO: [ app_end ] --END-- [ RunTime:0.001000s ]

