[ 2018-03-29T09:10:41+08:00 ] ::1 /blog/
INFO: [ app_init ] --START--
INFO: Run Behavior\BuildLiteBehavior [ RunTime:0.000000s ]
INFO: [ app_init ] --END-- [ RunTime:0.007001s ]
INFO: [ app_begin ] --START--
INFO: Run Behavior\ReadHtmlCacheBehavior [ RunTime:0.010001s ]
INFO: [ app_begin ] --END-- [ RunTime:0.011001s ]
SQL: SHOW COLUMNS FROM `tpt_category` [ RunTime:0.0490s ]
SQL: SELECT * FROM `tpt_category` WHERE ( tid = 0 )  [ RunTime:0.0010s ]
SQL: SELECT * FROM `tpt_category` WHERE ( tid != 0 )  [ RunTime:0.0020s ]
SQL: SHOW COLUMNS FROM `tpt_article` [ RunTime:0.0360s ]
SQL: SELECT * FROM `tpt_article` WHERE `commend` = 1 AND `open` = 1 ORDER BY id DESC LIMIT 3   [ RunTime:0.0120s ]
SQL: SELECT * FROM `tpt_article` WHERE `choice` = 1 AND `open` = 1 ORDER BY id DESC LIMIT 3   [ RunTime:0.0030s ]
SQL: SHOW COLUMNS FROM `tpt_links` [ RunTime:0.0210s ]
SQL: SELECT * FROM `tpt_links`  [ RunTime:0.0010s ]
SQL: SHOW COLUMNS FROM `tpt_conf` [ RunTime:0.0260s ]
SQL: SELECT * FROM `tpt_conf` WHERE `id` = 1 LIMIT 1   [ RunTime:0.0020s ]
SQL: SHOW COLUMNS FROM `tpt_banner` [ RunTime:0.0200s ]
SQL: SELECT * FROM `tpt_banner` WHERE `id` = 1 LIMIT 1   [ RunTime:0.0000s ]
SQL: SHOW COLUMNS FROM `tpt_article` [ RunTime:0.0200s ]
SQL: SHOW COLUMNS FROM `tpt_category` [ RunTime:0.0190s ]
SQL: SELECT COUNT(*) AS tp_count FROM tpt_article article LEFT JOIN tpt_category category ON article.tid=category.id WHERE article.open = 1 LIMIT 1   [ RunTime:0.0020s ]
SQL: SELECT article.id AS id,article.title AS title,article.author AS author,article.view AS view,article.description AS description,article.keywords AS keywords,article.pic AS pic,article.commend AS commend,article.choice AS choice,article.time AS time,article.open AS open,category.name AS name,category.type AS type FROM tpt_article article LEFT JOIN tpt_category category ON article.tid=category.id WHERE article.open = 1 ORDER BY article.id DESC LIMIT 0,6   [ RunTime:0.0010s ]
INFO: [ view_parse ] --START--
INFO: [ template_filter ] --START--
INFO: Run Behavior\ContentReplaceBehavior [ RunTime:0.000000s ]
INFO: [ template_filter ] --END-- [ RunTime:0.000000s ]
NOTIC: [8] Undefined index: title F:\wamp\www\blog\Runtime\Cache\Home\aa448f930e00a2c77d5751c6f186e91a.php 第 23 行.
NOTIC: [8] Use of undefined constant commend - assumed 'commend' F:\wamp\www\blog\Runtime\Cache\Home\aa448f930e00a2c77d5751c6f186e91a.php 第 94 行.
NOTIC: [8] Use of undefined constant pic - assumed 'pic' F:\wamp\www\blog\Runtime\Cache\Home\aa448f930e00a2c77d5751c6f186e91a.php 第 99 行.
NOTIC: [8] Use of undefined constant commend - assumed 'commend' F:\wamp\www\blog\Runtime\Cache\Home\aa448f930e00a2c77d5751c6f186e91a.php 第 94 行.
NOTIC: [8] Use of undefined constant pic - assumed 'pic' F:\wamp\www\blog\Runtime\Cache\Home\aa448f930e00a2c77d5751c6f186e91a.php 第 99 行.
NOTIC: [8] Use of undefined constant commend - assumed 'commend' F:\wamp\www\blog\Runtime\Cache\Home\aa448f930e00a2c77d5751c6f186e91a.php 第 94 行.
NOTIC: [8] Use of undefined constant pic - assumed 'pic' F:\wamp\www\blog\Runtime\Cache\Home\aa448f930e00a2c77d5751c6f186e91a.php 第 99 行.
NOTIC: [8] Use of undefined constant commend - assumed 'commend' F:\wamp\www\blog\Runtime\Cache\Home\aa448f930e00a2c77d5751c6f186e91a.php 第 94 行.
NOTIC: [8] Use of undefined constant pic - assumed 'pic' F:\wamp\www\blog\Runtime\Cache\Home\aa448f930e00a2c77d5751c6f186e91a.php 第 99 行.
NOTIC: [8] Use of undefined constant commend - assumed 'commend' F:\wamp\www\blog\Runtime\Cache\Home\aa448f930e00a2c77d5751c6f186e91a.php 第 94 行.
NOTIC: [8] Use of undefined constant pic - assumed 'pic' F:\wamp\www\blog\Runtime\Cache\Home\aa448f930e00a2c77d5751c6f186e91a.php 第 99 行.
NOTIC: [8] Use of undefined constant commend - assumed 'commend' F:\wamp\www\blog\Runtime\Cache\Home\aa448f930e00a2c77d5751c6f186e91a.php 第 94 行.
NOTIC: [8] Use of undefined constant pic - assumed 'pic' F:\wamp\www\blog\Runtime\Cache\Home\aa448f930e00a2c77d5751c6f186e91a.php 第 99 行.
NOTIC: [8] Use of undefined constant pic - assumed 'pic' F:\wamp\www\blog\Runtime\Cache\Home\aa448f930e00a2c77d5751c6f186e91a.php 第 146 行.
NOTIC: [8] Use of undefined constant pic - assumed 'pic' F:\wamp\www\blog\Runtime\Cache\Home\aa448f930e00a2c77d5751c6f186e91a.php 第 146 行.
NOTIC: [8] Use of undefined constant pic - assumed 'pic' F:\wamp\www\blog\Runtime\Cache\Home\aa448f930e00a2c77d5751c6f186e91a.php 第 146 行.
INFO: Run Behavior\ParseTemplateBehavior [ RunTime:0.141008s ]
INFO: [ view_parse ] --END-- [ RunTime:0.141008s ]
INFO: [ view_filter ] --START--
INFO: Run Behavior\WriteHtmlCacheBehavior [ RunTime:0.019001s ]
INFO: [ view_filter ] --END-- [ RunTime:0.019001s ]
INFO: [ app_end ] --START--
INFO: Run Behavior\ShowPageTraceBehavior [ RunTime:0.013001s ]
INFO: [ app_end ] --END-- [ RunTime:0.013001s ]

[ 2018-03-29T09:10:44+08:00 ] ::1 /blog/index.php?m=home&c=index&a=part&id=1
INFO: [ app_init ] --START--
INFO: Run Behavior\BuildLiteBehavior [ RunTime:0.000000s ]
INFO: [ app_init ] --END-- [ RunTime:0.001000s ]
INFO: [ app_begin ] --START--
INFO: Run Behavior\ReadHtmlCacheBehavior [ RunTime:0.001000s ]
INFO: [ app_begin ] --END-- [ RunTime:0.001000s ]
SQL: SHOW COLUMNS FROM `tpt_category` [ RunTime:0.0180s ]
SQL: SELECT * FROM `tpt_category` WHERE ( tid = 0 )  [ RunTime:0.0010s ]
SQL: SELECT * FROM `tpt_category` WHERE ( tid != 0 )  [ RunTime:0.0010s ]
SQL: SHOW COLUMNS FROM `tpt_article` [ RunTime:0.0190s ]
SQL: SELECT * FROM `tpt_article` WHERE `commend` = 1 AND `open` = 1 ORDER BY id DESC LIMIT 3   [ RunTime:0.0020s ]
SQL: SELECT * FROM `tpt_article` WHERE `choice` = 1 AND `open` = 1 ORDER BY id DESC LIMIT 3   [ RunTime:0.0010s ]
SQL: SHOW COLUMNS FROM `tpt_links` [ RunTime:0.0170s ]
SQL: SELECT * FROM `tpt_links`  [ RunTime:0.0010s ]
SQL: SHOW COLUMNS FROM `tpt_conf` [ RunTime:0.0140s ]
SQL: SELECT * FROM `tpt_conf` WHERE `id` = 1 LIMIT 1   [ RunTime:0.0010s ]
SQL: SELECT `id` FROM `tpt_category` WHERE ( tid=1 )  [ RunTime:0.0010s ]
SQL: SELECT COUNT(*) AS tp_count FROM `tpt_article` WHERE `open` = 1 AND `tid` IN ('2','3','1') LIMIT 1   [ RunTime:0.0020s ]
SQL: SELECT * FROM `tpt_article` WHERE `open` = 1 AND `tid` IN ('2','3','1') ORDER BY id DESC LIMIT 0,8   [ RunTime:0.0020s ]
INFO: [ view_parse ] --START--
INFO: [ template_filter ] --START--
INFO: Run Behavior\ContentReplaceBehavior [ RunTime:0.000000s ]
INFO: [ template_filter ] --END-- [ RunTime:0.000000s ]
NOTIC: [8] Undefined index: title F:\wamp\www\blog\Runtime\Cache\Home\b32b0210c07de47577ce2ed2cf7df3c0.php 第 23 行.
NOTIC: [8] Use of undefined constant commend - assumed 'commend' F:\wamp\www\blog\Runtime\Cache\Home\b32b0210c07de47577ce2ed2cf7df3c0.php 第 75 行.
NOTIC: [8] Use of undefined constant pic - assumed 'pic' F:\wamp\www\blog\Runtime\Cache\Home\b32b0210c07de47577ce2ed2cf7df3c0.php 第 80 行.
NOTIC: [8] Undefined index: name F:\wamp\www\blog\Runtime\Cache\Home\b32b0210c07de47577ce2ed2cf7df3c0.php 第 91 行.
NOTIC: [8] Use of undefined constant commend - assumed 'commend' F:\wamp\www\blog\Runtime\Cache\Home\b32b0210c07de47577ce2ed2cf7df3c0.php 第 75 行.
NOTIC: [8] Use of undefined constant pic - assumed 'pic' F:\wamp\www\blog\Runtime\Cache\Home\b32b0210c07de47577ce2ed2cf7df3c0.php 第 80 行.
NOTIC: [8] Undefined index: name F:\wamp\www\blog\Runtime\Cache\Home\b32b0210c07de47577ce2ed2cf7df3c0.php 第 91 行.
NOTIC: [8] Use of undefined constant commend - assumed 'commend' F:\wamp\www\blog\Runtime\Cache\Home\b32b0210c07de47577ce2ed2cf7df3c0.php 第 75 行.
NOTIC: [8] Use of undefined constant pic - assumed 'pic' F:\wamp\www\blog\Runtime\Cache\Home\b32b0210c07de47577ce2ed2cf7df3c0.php 第 80 行.
NOTIC: [8] Undefined index: name F:\wamp\www\blog\Runtime\Cache\Home\b32b0210c07de47577ce2ed2cf7df3c0.php 第 91 行.
NOTIC: [8] Use of undefined constant pic - assumed 'pic' F:\wamp\www\blog\Runtime\Cache\Home\b32b0210c07de47577ce2ed2cf7df3c0.php 第 127 行.
NOTIC: [8] Use of undefined constant pic - assumed 'pic' F:\wamp\www\blog\Runtime\Cache\Home\b32b0210c07de47577ce2ed2cf7df3c0.php 第 127 行.
NOTIC: [8] Use of undefined constant pic - assumed 'pic' F:\wamp\www\blog\Runtime\Cache\Home\b32b0210c07de47577ce2ed2cf7df3c0.php 第 127 行.
INFO: Run Behavior\ParseTemplateBehavior [ RunTime:0.061003s ]
INFO: [ view_parse ] --END-- [ RunTime:0.061003s ]
INFO: [ view_filter ] --START--
INFO: Run Behavior\WriteHtmlCacheBehavior [ RunTime:0.001001s ]
INFO: [ view_filter ] --END-- [ RunTime:0.001001s ]
INFO: [ app_end ] --START--
INFO: Run Behavior\ShowPageTraceBehavior [ RunTime:0.001000s ]
INFO: [ app_end ] --END-- [ RunTime:0.001000s ]

[ 2018-03-29T09:10:49+08:00 ] ::1 /blog/index.php?m=home&c=index&a=part&id=1
INFO: [ app_init ] --START--
INFO: Run Behavior\BuildLiteBehavior [ RunTime:0.000000s ]
INFO: [ app_init ] --END-- [ RunTime:0.000000s ]
INFO: [ app_begin ] --START--
INFO: Run Behavior\ReadHtmlCacheBehavior [ RunTime:0.001000s ]
INFO: [ app_begin ] --END-- [ RunTime:0.001000s ]
SQL: SHOW COLUMNS FROM `tpt_category` [ RunTime:0.0150s ]
SQL: SELECT * FROM `tpt_category` WHERE ( tid = 0 )  [ RunTime:0.0010s ]
SQL: SELECT * FROM `tpt_category` WHERE ( tid != 0 )  [ RunTime:0.0010s ]
SQL: SHOW COLUMNS FROM `tpt_article` [ RunTime:0.0180s ]
SQL: SELECT * FROM `tpt_article` WHERE `commend` = 1 AND `open` = 1 ORDER BY id DESC LIMIT 3   [ RunTime:0.0010s ]
SQL: SELECT * FROM `tpt_article` WHERE `choice` = 1 AND `open` = 1 ORDER BY id DESC LIMIT 3   [ RunTime:0.0010s ]
SQL: SHOW COLUMNS FROM `tpt_links` [ RunTime:0.0140s ]
SQL: SELECT * FROM `tpt_links`  [ RunTime:0.0010s ]
SQL: SHOW COLUMNS FROM `tpt_conf` [ RunTime:0.0130s ]
SQL: SELECT * FROM `tpt_conf` WHERE `id` = 1 LIMIT 1   [ RunTime:0.0010s ]
SQL: SELECT `id` FROM `tpt_category` WHERE ( tid=1 )  [ RunTime:0.0010s ]
SQL: SELECT COUNT(*) AS tp_count FROM `tpt_article` WHERE `open` = 1 AND `tid` IN ('2','3','1') LIMIT 1   [ RunTime:0.0010s ]
SQL: SELECT * FROM `tpt_article` WHERE `open` = 1 AND `tid` IN ('2','3','1') ORDER BY id DESC LIMIT 0,8   [ RunTime:0.0020s ]
INFO: [ view_parse ] --START--
INFO: [ template_filter ] --START--
INFO: Run Behavior\ContentReplaceBehavior [ RunTime:0.000000s ]
INFO: [ template_filter ] --END-- [ RunTime:0.000000s ]
NOTIC: [8] Undefined index: title F:\wamp\www\blog\Runtime\Cache\Home\b32b0210c07de47577ce2ed2cf7df3c0.php 第 23 行.
NOTIC: [8] Use of undefined constant commend - assumed 'commend' F:\wamp\www\blog\Runtime\Cache\Home\b32b0210c07de47577ce2ed2cf7df3c0.php 第 75 行.
NOTIC: [8] Use of undefined constant pic - assumed 'pic' F:\wamp\www\blog\Runtime\Cache\Home\b32b0210c07de47577ce2ed2cf7df3c0.php 第 80 行.
NOTIC: [8] Undefined index: name F:\wamp\www\blog\Runtime\Cache\Home\b32b0210c07de47577ce2ed2cf7df3c0.php 第 91 行.
NOTIC: [8] Use of undefined constant commend - assumed 'commend' F:\wamp\www\blog\Runtime\Cache\Home\b32b0210c07de47577ce2ed2cf7df3c0.php 第 75 行.
NOTIC: [8] Use of undefined constant pic - assumed 'pic' F:\wamp\www\blog\Runtime\Cache\Home\b32b0210c07de47577ce2ed2cf7df3c0.php 第 80 行.
NOTIC: [8] Undefined index: name F:\wamp\www\blog\Runtime\Cache\Home\b32b0210c07de47577ce2ed2cf7df3c0.php 第 91 行.
NOTIC: [8] Use of undefined constant commend - assumed 'commend' F:\wamp\www\blog\Runtime\Cache\Home\b32b0210c07de47577ce2ed2cf7df3c0.php 第 75 行.
NOTIC: [8] Use of undefined constant pic - assumed 'pic' F:\wamp\www\blog\Runtime\Cache\Home\b32b0210c07de47577ce2ed2cf7df3c0.php 第 80 行.
NOTIC: [8] Undefined index: name F:\wamp\www\blog\Runtime\Cache\Home\b32b0210c07de47577ce2ed2cf7df3c0.php 第 91 行.
NOTIC: [8] Use of undefined constant pic - assumed 'pic' F:\wamp\www\blog\Runtime\Cache\Home\b32b0210c07de47577ce2ed2cf7df3c0.php 第 127 行.
NOTIC: [8] Use of undefined constant pic - assumed 'pic' F:\wamp\www\blog\Runtime\Cache\Home\b32b0210c07de47577ce2ed2cf7df3c0.php 第 127 行.
NOTIC: [8] Use of undefined constant pic - assumed 'pic' F:\wamp\www\blog\Runtime\Cache\Home\b32b0210c07de47577ce2ed2cf7df3c0.php 第 127 行.
INFO: Run Behavior\ParseTemplateBehavior [ RunTime:0.034002s ]
INFO: [ view_parse ] --END-- [ RunTime:0.034002s ]
INFO: [ view_filter ] --START--
INFO: Run Behavior\WriteHtmlCacheBehavior [ RunTime:0.001000s ]
INFO: [ view_filter ] --END-- [ RunTime:0.001000s ]
INFO: [ app_end ] --START--
INFO: Run Behavior\ShowPageTraceBehavior [ RunTime:0.001000s ]
INFO: [ app_end ] --END-- [ RunTime:0.001000s ]

[ 2018-03-29T09:10:50+08:00 ] ::1 /blog/index.php?m=home&c=index&a=article&id=8
INFO: [ app_init ] --START--
INFO: Run Behavior\BuildLiteBehavior [ RunTime:0.000000s ]
INFO: [ app_init ] --END-- [ RunTime:0.000000s ]
INFO: [ app_begin ] --START--
INFO: Run Behavior\ReadHtmlCacheBehavior [ RunTime:0.001000s ]
INFO: [ app_begin ] --END-- [ RunTime:0.001000s ]
SQL: SHOW COLUMNS FROM `tpt_category` [ RunTime:0.0130s ]
SQL: SELECT * FROM `tpt_category` WHERE ( tid = 0 )  [ RunTime:0.0010s ]
SQL: SELECT * FROM `tpt_category` WHERE ( tid != 0 )  [ RunTime:0.0010s ]
SQL: SHOW COLUMNS FROM `tpt_article` [ RunTime:0.0190s ]
SQL: SELECT * FROM `tpt_article` WHERE `commend` = 1 AND `open` = 1 ORDER BY id DESC LIMIT 3   [ RunTime:0.0020s ]
SQL: SELECT * FROM `tpt_article` WHERE `choice` = 1 AND `open` = 1 ORDER BY id DESC LIMIT 3   [ RunTime:0.0010s ]
SQL: SHOW COLUMNS FROM `tpt_links` [ RunTime:0.0170s ]
SQL: SELECT * FROM `tpt_links`  [ RunTime:0.0000s ]
SQL: SHOW COLUMNS FROM `tpt_conf` [ RunTime:0.0140s ]
SQL: SELECT * FROM `tpt_conf` WHERE `id` = 1 LIMIT 1   [ RunTime:0.0010s ]
SQL: SELECT * FROM `tpt_article` WHERE ( id = 8 ) AND `open` = 1 LIMIT 1   [ RunTime:0.0020s ]
SQL: UPDATE `tpt_article` SET `view`=view+1 WHERE ( id = 8 ) [ RunTime:0.0390s ]
SQL: SELECT * FROM `tpt_article` WHERE `id` = 8 LIMIT 1   [ RunTime:0.0020s ]
SQL: SELECT * FROM `tpt_category` WHERE ( id = 2 ) LIMIT 1   [ RunTime:0.0010s ]
INFO: [ view_parse ] --START--
INFO: [ template_filter ] --START--
INFO: Run Behavior\ContentReplaceBehavior [ RunTime:0.000000s ]
INFO: [ template_filter ] --END-- [ RunTime:0.000000s ]
NOTIC: [8] Undefined index: title F:\wamp\www\blog\Runtime\Cache\Home\d58be5712d74f334ac386227169db94b.php 第 23 行.
NOTIC: [8] Use of undefined constant pic - assumed 'pic' F:\wamp\www\blog\Runtime\Cache\Home\d58be5712d74f334ac386227169db94b.php 第 151 行.
NOTIC: [8] Use of undefined constant pic - assumed 'pic' F:\wamp\www\blog\Runtime\Cache\Home\d58be5712d74f334ac386227169db94b.php 第 151 行.
NOTIC: [8] Use of undefined constant pic - assumed 'pic' F:\wamp\www\blog\Runtime\Cache\Home\d58be5712d74f334ac386227169db94b.php 第 151 行.
INFO: Run Behavior\ParseTemplateBehavior [ RunTime:0.057004s ]
INFO: [ view_parse ] --END-- [ RunTime:0.057004s ]
INFO: [ view_filter ] --START--
INFO: Run Behavior\WriteHtmlCacheBehavior [ RunTime:0.001000s ]
INFO: [ view_filter ] --END-- [ RunTime:0.001000s ]
INFO: [ app_end ] --START--
INFO: Run Behavior\ShowPageTraceBehavior [ RunTime:0.000000s ]
INFO: [ app_end ] --END-- [ RunTime:0.000000s ]

[ 2018-03-29T09:10:54+08:00 ] ::1 /blog/
INFO: [ app_init ] --START--
INFO: Run Behavior\BuildLiteBehavior [ RunTime:0.000000s ]
INFO: [ app_init ] --END-- [ RunTime:0.000000s ]
INFO: [ app_begin ] --START--
INFO: Run Behavior\ReadHtmlCacheBehavior [ RunTime:0.001000s ]
INFO: [ app_begin ] --END-- [ RunTime:0.001000s ]
SQL: SHOW COLUMNS FROM `tpt_category` [ RunTime:0.0190s ]
SQL: SELECT * FROM `tpt_category` WHERE ( tid = 0 )  [ RunTime:0.0010s ]
SQL: SELECT * FROM `tpt_category` WHERE ( tid != 0 )  [ RunTime:0.0010s ]
SQL: SHOW COLUMNS FROM `tpt_article` [ RunTime:0.0330s ]
SQL: SELECT * FROM `tpt_article` WHERE `commend` = 1 AND `open` = 1 ORDER BY id DESC LIMIT 3   [ RunTime:0.0020s ]
SQL: SELECT * FROM `tpt_article` WHERE `choice` = 1 AND `open` = 1 ORDER BY id DESC LIMIT 3   [ RunTime:0.0020s ]
SQL: SHOW COLUMNS FROM `tpt_links` [ RunTime:0.0270s ]
SQL: SELECT * FROM `tpt_links`  [ RunTime:0.0010s ]
SQL: SHOW COLUMNS FROM `tpt_conf` [ RunTime:0.0160s ]
SQL: SELECT * FROM `tpt_conf` WHERE `id` = 1 LIMIT 1   [ RunTime:0.0010s ]
SQL: SHOW COLUMNS FROM `tpt_banner` [ RunTime:0.0190s ]
SQL: SELECT * FROM `tpt_banner` WHERE `id` = 1 LIMIT 1   [ RunTime:0.0030s ]
SQL: SHOW COLUMNS FROM `tpt_article` [ RunTime:0.0500s ]
SQL: SHOW COLUMNS FROM `tpt_category` [ RunTime:0.0770s ]
SQL: SELECT COUNT(*) AS tp_count FROM tpt_article article LEFT JOIN tpt_category category ON article.tid=category.id WHERE article.open = 1 LIMIT 1   [ RunTime:0.0000s ]
SQL: SELECT article.id AS id,article.title AS title,article.author AS author,article.view AS view,article.description AS description,article.keywords AS keywords,article.pic AS pic,article.commend AS commend,article.choice AS choice,article.time AS time,article.open AS open,category.name AS name,category.type AS type FROM tpt_article article LEFT JOIN tpt_category category ON article.tid=category.id WHERE article.open = 1 ORDER BY article.id DESC LIMIT 0,6   [ RunTime:0.0020s ]
INFO: [ view_parse ] --START--
INFO: [ template_filter ] --START--
INFO: Run Behavior\ContentReplaceBehavior [ RunTime:0.000000s ]
INFO: [ template_filter ] --END-- [ RunTime:0.001000s ]
NOTIC: [8] Undefined index: title F:\wamp\www\blog\Runtime\Cache\Home\aa448f930e00a2c77d5751c6f186e91a.php 第 23 行.
NOTIC: [8] Use of undefined constant commend - assumed 'commend' F:\wamp\www\blog\Runtime\Cache\Home\aa448f930e00a2c77d5751c6f186e91a.php 第 94 行.
NOTIC: [8] Use of undefined constant pic - assumed 'pic' F:\wamp\www\blog\Runtime\Cache\Home\aa448f930e00a2c77d5751c6f186e91a.php 第 99 行.
NOTIC: [8] Use of undefined constant commend - assumed 'commend' F:\wamp\www\blog\Runtime\Cache\Home\aa448f930e00a2c77d5751c6f186e91a.php 第 94 行.
NOTIC: [8] Use of undefined constant pic - assumed 'pic' F:\wamp\www\blog\Runtime\Cache\Home\aa448f930e00a2c77d5751c6f186e91a.php 第 99 行.
NOTIC: [8] Use of undefined constant commend - assumed 'commend' F:\wamp\www\blog\Runtime\Cache\Home\aa448f930e00a2c77d5751c6f186e91a.php 第 94 行.
NOTIC: [8] Use of undefined constant pic - assumed 'pic' F:\wamp\www\blog\Runtime\Cache\Home\aa448f930e00a2c77d5751c6f186e91a.php 第 99 行.
NOTIC: [8] Use of undefined constant commend - assumed 'commend' F:\wamp\www\blog\Runtime\Cache\Home\aa448f930e00a2c77d5751c6f186e91a.php 第 94 行.
NOTIC: [8] Use of undefined constant pic - assumed 'pic' F:\wamp\www\blog\Runtime\Cache\Home\aa448f930e00a2c77d5751c6f186e91a.php 第 99 行.
NOTIC: [8] Use of undefined constant commend - assumed 'commend' F:\wamp\www\blog\Runtime\Cache\Home\aa448f930e00a2c77d5751c6f186e91a.php 第 94 行.
NOTIC: [8] Use of undefined constant pic - assumed 'pic' F:\wamp\www\blog\Runtime\Cache\Home\aa448f930e00a2c77d5751c6f186e91a.php 第 99 行.
NOTIC: [8] Use of undefined constant commend - assumed 'commend' F:\wamp\www\blog\Runtime\Cache\Home\aa448f930e00a2c77d5751c6f186e91a.php 第 94 行.
NOTIC: [8] Use of undefined constant pic - assumed 'pic' F:\wamp\www\blog\Runtime\Cache\Home\aa448f930e00a2c77d5751c6f186e91a.php 第 99 行.
NOTIC: [8] Use of undefined constant pic - assumed 'pic' F:\wamp\www\blog\Runtime\Cache\Home\aa448f930e00a2c77d5751c6f186e91a.php 第 146 行.
NOTIC: [8] Use of undefined constant pic - assumed 'pic' F:\wamp\www\blog\Runtime\Cache\Home\aa448f930e00a2c77d5751c6f186e91a.php 第 146 行.
NOTIC: [8] Use of undefined constant pic - assumed 'pic' F:\wamp\www\blog\Runtime\Cache\Home\aa448f930e00a2c77d5751c6f186e91a.php 第 146 行.
INFO: Run Behavior\ParseTemplateBehavior [ RunTime:0.088005s ]
INFO: [ view_parse ] --END-- [ RunTime:0.088005s ]
INFO: [ view_filter ] --START--
INFO: Run Behavior\WriteHtmlCacheBehavior [ RunTime:0.000000s ]
INFO: [ view_filter ] --END-- [ RunTime:0.000000s ]
INFO: [ app_end ] --START--
INFO: Run Behavior\ShowPageTraceBehavior [ RunTime:0.000000s ]
INFO: [ app_end ] --END-- [ RunTime:0.001000s ]

[ 2018-03-29T09:10:56+08:00 ] ::1 /blog/index.php?m=home&c=index&a=part&id=4
INFO: [ app_init ] --START--
INFO: Run Behavior\BuildLiteBehavior [ RunTime:0.000000s ]
INFO: [ app_init ] --END-- [ RunTime:0.000000s ]
INFO: [ app_begin ] --START--
INFO: Run Behavior\ReadHtmlCacheBehavior [ RunTime:0.000000s ]
INFO: [ app_begin ] --END-- [ RunTime:0.000000s ]
SQL: SHOW COLUMNS FROM `tpt_category` [ RunTime:0.0150s ]
SQL: SELECT * FROM `tpt_category` WHERE ( tid = 0 )  [ RunTime:0.0000s ]
SQL: SELECT * FROM `tpt_category` WHERE ( tid != 0 )  [ RunTime:0.0000s ]
SQL: SHOW COLUMNS FROM `tpt_article` [ RunTime:0.0170s ]
SQL: SELECT * FROM `tpt_article` WHERE `commend` = 1 AND `open` = 1 ORDER BY id DESC LIMIT 3   [ RunTime:0.0010s ]
SQL: SELECT * FROM `tpt_article` WHERE `choice` = 1 AND `open` = 1 ORDER BY id DESC LIMIT 3   [ RunTime:0.0010s ]
SQL: SHOW COLUMNS FROM `tpt_links` [ RunTime:0.0150s ]
SQL: SELECT * FROM `tpt_links`  [ RunTime:0.0010s ]
SQL: SHOW COLUMNS FROM `tpt_conf` [ RunTime:0.0120s ]
SQL: SELECT * FROM `tpt_conf` WHERE `id` = 1 LIMIT 1   [ RunTime:0.0010s ]
SQL: SELECT `id` FROM `tpt_category` WHERE ( tid=4 )  [ RunTime:0.0010s ]
SQL: SELECT COUNT(*) AS tp_count FROM `tpt_article` WHERE `open` = 1 AND `tid` IN ('5','6','4') LIMIT 1   [ RunTime:0.0010s ]
SQL: SELECT * FROM `tpt_article` WHERE `open` = 1 AND `tid` IN ('5','6','4') ORDER BY id DESC LIMIT 0,8   [ RunTime:0.0000s ]
INFO: [ view_parse ] --START--
INFO: [ template_filter ] --START--
INFO: Run Behavior\ContentReplaceBehavior [ RunTime:0.000000s ]
INFO: [ template_filter ] --END-- [ RunTime:0.000000s ]
NOTIC: [8] Undefined index: title F:\wamp\www\blog\Runtime\Cache\Home\b32b0210c07de47577ce2ed2cf7df3c0.php 第 23 行.
NOTIC: [8] Use of undefined constant commend - assumed 'commend' F:\wamp\www\blog\Runtime\Cache\Home\b32b0210c07de47577ce2ed2cf7df3c0.php 第 75 行.
NOTIC: [8] Use of undefined constant pic - assumed 'pic' F:\wamp\www\blog\Runtime\Cache\Home\b32b0210c07de47577ce2ed2cf7df3c0.php 第 80 行.
NOTIC: [8] Undefined index: name F:\wamp\www\blog\Runtime\Cache\Home\b32b0210c07de47577ce2ed2cf7df3c0.php 第 91 行.
NOTIC: [8] Use of undefined constant commend - assumed 'commend' F:\wamp\www\blog\Runtime\Cache\Home\b32b0210c07de47577ce2ed2cf7df3c0.php 第 75 行.
NOTIC: [8] Use of undefined constant pic - assumed 'pic' F:\wamp\www\blog\Runtime\Cache\Home\b32b0210c07de47577ce2ed2cf7df3c0.php 第 80 行.
NOTIC: [8] Undefined index: name F:\wamp\www\blog\Runtime\Cache\Home\b32b0210c07de47577ce2ed2cf7df3c0.php 第 91 行.
NOTIC: [8] Use of undefined constant pic - assumed 'pic' F:\wamp\www\blog\Runtime\Cache\Home\b32b0210c07de47577ce2ed2cf7df3c0.php 第 127 行.
NOTIC: [8] Use of undefined constant pic - assumed 'pic' F:\wamp\www\blog\Runtime\Cache\Home\b32b0210c07de47577ce2ed2cf7df3c0.php 第 127 行.
NOTIC: [8] Use of undefined constant pic - assumed 'pic' F:\wamp\www\blog\Runtime\Cache\Home\b32b0210c07de47577ce2ed2cf7df3c0.php 第 127 行.
INFO: Run Behavior\ParseTemplateBehavior [ RunTime:0.034002s ]
INFO: [ view_parse ] --END-- [ RunTime:0.034002s ]
INFO: [ view_filter ] --START--
INFO: Run Behavior\WriteHtmlCacheBehavior [ RunTime:0.000000s ]
INFO: [ view_filter ] --END-- [ RunTime:0.000000s ]
INFO: [ app_end ] --START--
INFO: Run Behavior\ShowPageTraceBehavior [ RunTime:0.000000s ]
INFO: [ app_end ] --END-- [ RunTime:0.000000s ]

[ 2018-03-29T09:11:36+08:00 ] ::1 /blog/index.php?m=home&c=index&a=part&id=4
INFO: [ app_init ] --START--
INFO: Run Behavior\BuildLiteBehavior [ RunTime:0.000000s ]
INFO: [ app_init ] --END-- [ RunTime:0.001000s ]
INFO: [ app_begin ] --START--
INFO: Run Behavior\ReadHtmlCacheBehavior [ RunTime:0.000000s ]
INFO: [ app_begin ] --END-- [ RunTime:0.001000s ]
SQL: SHOW COLUMNS FROM `tpt_category` [ RunTime:0.0180s ]
SQL: SELECT * FROM `tpt_category` WHERE ( tid = 0 )  [ RunTime:0.0020s ]
SQL: SELECT * FROM `tpt_category` WHERE ( tid != 0 )  [ RunTime:0.0010s ]
SQL: SHOW COLUMNS FROM `tpt_article` [ RunTime:0.0150s ]
SQL: SELECT * FROM `tpt_article` WHERE `commend` = 1 AND `open` = 1 ORDER BY id DESC LIMIT 3   [ RunTime:0.0020s ]
SQL: SELECT * FROM `tpt_article` WHERE `choice` = 1 AND `open` = 1 ORDER BY id DESC LIMIT 3   [ RunTime:0.0020s ]
SQL: SHOW COLUMNS FROM `tpt_links` [ RunTime:0.0160s ]
SQL: SELECT * FROM `tpt_links`  [ RunTime:0.0010s ]
SQL: SHOW COLUMNS FROM `tpt_conf` [ RunTime:0.0170s ]
SQL: SELECT * FROM `tpt_conf` WHERE `id` = 1 LIMIT 1   [ RunTime:0.0010s ]
SQL: SELECT `id` FROM `tpt_category` WHERE ( tid=4 )  [ RunTime:0.0000s ]
SQL: SELECT COUNT(*) AS tp_count FROM `tpt_article` WHERE `open` = 1 AND `tid` IN ('5','6','4') LIMIT 1   [ RunTime:0.0010s ]
SQL: SELECT * FROM `tpt_article` WHERE `open` = 1 AND `tid` IN ('5','6','4') ORDER BY id DESC LIMIT 0,8   [ RunTime:0.0020s ]
INFO: [ view_parse ] --START--
INFO: [ template_filter ] --START--
INFO: Run Behavior\ContentReplaceBehavior [ RunTime:0.000000s ]
INFO: [ template_filter ] --END-- [ RunTime:0.001000s ]
NOTIC: [8] Undefined index: title F:\wamp\www\blog\Runtime\Cache\Home\b32b0210c07de47577ce2ed2cf7df3c0.php 第 23 行.
NOTIC: [8] Use of undefined constant commend - assumed 'commend' F:\wamp\www\blog\Runtime\Cache\Home\b32b0210c07de47577ce2ed2cf7df3c0.php 第 75 行.
NOTIC: [8] Use of undefined constant pic - assumed 'pic' F:\wamp\www\blog\Runtime\Cache\Home\b32b0210c07de47577ce2ed2cf7df3c0.php 第 80 行.
NOTIC: [8] Undefined index: name F:\wamp\www\blog\Runtime\Cache\Home\b32b0210c07de47577ce2ed2cf7df3c0.php 第 91 行.
NOTIC: [8] Use of undefined constant commend - assumed 'commend' F:\wamp\www\blog\Runtime\Cache\Home\b32b0210c07de47577ce2ed2cf7df3c0.php 第 75 行.
NOTIC: [8] Use of undefined constant pic - assumed 'pic' F:\wamp\www\blog\Runtime\Cache\Home\b32b0210c07de47577ce2ed2cf7df3c0.php 第 80 行.
NOTIC: [8] Undefined index: name F:\wamp\www\blog\Runtime\Cache\Home\b32b0210c07de47577ce2ed2cf7df3c0.php 第 91 行.
NOTIC: [8] Use of undefined constant pic - assumed 'pic' F:\wamp\www\blog\Runtime\Cache\Home\b32b0210c07de47577ce2ed2cf7df3c0.php 第 127 行.
NOTIC: [8] Use of undefined constant pic - assumed 'pic' F:\wamp\www\blog\Runtime\Cache\Home\b32b0210c07de47577ce2ed2cf7df3c0.php 第 127 行.
NOTIC: [8] Use of undefined constant pic - assumed 'pic' F:\wamp\www\blog\Runtime\Cache\Home\b32b0210c07de47577ce2ed2cf7df3c0.php 第 127 行.
INFO: Run Behavior\ParseTemplateBehavior [ RunTime:0.033002s ]
INFO: [ view_parse ] --END-- [ RunTime:0.033002s ]
INFO: [ view_filter ] --START--
INFO: Run Behavior\WriteHtmlCacheBehavior [ RunTime:0.000000s ]
INFO: [ view_filter ] --END-- [ RunTime:0.000000s ]
INFO: [ app_end ] --START--
INFO: Run Behavior\ShowPageTraceBehavior [ RunTime:0.001000s ]
INFO: [ app_end ] --END-- [ RunTime:0.001000s ]

[ 2018-03-29T09:11:39+08:00 ] ::1 /blog/index.php?m=home&c=index&a=part&id=7
INFO: [ app_init ] --START--
INFO: Run Behavior\BuildLiteBehavior [ RunTime:0.000000s ]
INFO: [ app_init ] --END-- [ RunTime:0.000000s ]
INFO: [ app_begin ] --START--
INFO: Run Behavior\ReadHtmlCacheBehavior [ RunTime:0.000000s ]
INFO: [ app_begin ] --END-- [ RunTime:0.001000s ]
SQL: SHOW COLUMNS FROM `tpt_category` [ RunTime:0.0190s ]
SQL: SELECT * FROM `tpt_category` WHERE ( tid = 0 )  [ RunTime:0.0010s ]
SQL: SELECT * FROM `tpt_category` WHERE ( tid != 0 )  [ RunTime:0.0010s ]
SQL: SHOW COLUMNS FROM `tpt_article` [ RunTime:0.0160s ]
SQL: SELECT * FROM `tpt_article` WHERE `commend` = 1 AND `open` = 1 ORDER BY id DESC LIMIT 3   [ RunTime:0.0020s ]
SQL: SELECT * FROM `tpt_article` WHERE `choice` = 1 AND `open` = 1 ORDER BY id DESC LIMIT 3   [ RunTime:0.0020s ]
SQL: SHOW COLUMNS FROM `tpt_links` [ RunTime:0.0160s ]
SQL: SELECT * FROM `tpt_links`  [ RunTime:0.0000s ]
SQL: SHOW COLUMNS FROM `tpt_conf` [ RunTime:0.0180s ]
SQL: SELECT * FROM `tpt_conf` WHERE `id` = 1 LIMIT 1   [ RunTime:0.0010s ]
SQL: SELECT `id` FROM `tpt_category` WHERE ( tid=7 )  [ RunTime:0.0010s ]
NOTIC: [8] Undefined variable: idmun F:\wamp\www\blog\Application\Home\Controller\IndexController.class.php 第 195 行.
SQL: SELECT COUNT(*) AS tp_count FROM `tpt_article` WHERE `open` = 1 AND `tid` IN ('7') LIMIT 1   [ RunTime:0.0010s ]
SQL: SELECT * FROM `tpt_article` WHERE `open` = 1 AND `tid` IN ('7') ORDER BY id DESC LIMIT 0,8   [ RunTime:0.0010s ]
INFO: [ view_parse ] --START--
INFO: [ template_filter ] --START--
INFO: Run Behavior\ContentReplaceBehavior [ RunTime:0.000000s ]
INFO: [ template_filter ] --END-- [ RunTime:0.000000s ]
NOTIC: [8] Undefined index: title F:\wamp\www\blog\Runtime\Cache\Home\b32b0210c07de47577ce2ed2cf7df3c0.php 第 23 行.
NOTIC: [8] Use of undefined constant commend - assumed 'commend' F:\wamp\www\blog\Runtime\Cache\Home\b32b0210c07de47577ce2ed2cf7df3c0.php 第 75 行.
NOTIC: [8] Use of undefined constant pic - assumed 'pic' F:\wamp\www\blog\Runtime\Cache\Home\b32b0210c07de47577ce2ed2cf7df3c0.php 第 80 行.
NOTIC: [8] Undefined index: name F:\wamp\www\blog\Runtime\Cache\Home\b32b0210c07de47577ce2ed2cf7df3c0.php 第 91 行.
NOTIC: [8] Use of undefined constant pic - assumed 'pic' F:\wamp\www\blog\Runtime\Cache\Home\b32b0210c07de47577ce2ed2cf7df3c0.php 第 127 行.
NOTIC: [8] Use of undefined constant pic - assumed 'pic' F:\wamp\www\blog\Runtime\Cache\Home\b32b0210c07de47577ce2ed2cf7df3c0.php 第 127 行.
NOTIC: [8] Use of undefined constant pic - assumed 'pic' F:\wamp\www\blog\Runtime\Cache\Home\b32b0210c07de47577ce2ed2cf7df3c0.php 第 127 行.
INFO: Run Behavior\ParseTemplateBehavior [ RunTime:0.033002s ]
INFO: [ view_parse ] --END-- [ RunTime:0.033002s ]
INFO: [ view_filter ] --START--
INFO: Run Behavior\WriteHtmlCacheBehavior [ RunTime:0.001000s ]
INFO: [ view_filter ] --END-- [ RunTime:0.001000s ]
INFO: [ app_end ] --START--
INFO: Run Behavior\ShowPageTraceBehavior [ RunTime:0.000000s ]
INFO: [ app_end ] --END-- [ RunTime:0.001000s ]

[ 2018-03-29T09:11:40+08:00 ] ::1 /blog/index.php?m=home&c=index&a=part&id=8
INFO: [ app_init ] --START--
INFO: Run Behavior\BuildLiteBehavior [ RunTime:0.000000s ]
INFO: [ app_init ] --END-- [ RunTime:0.000000s ]
INFO: [ app_begin ] --START--
INFO: Run Behavior\ReadHtmlCacheBehavior [ RunTime:0.001000s ]
INFO: [ app_begin ] --END-- [ RunTime:0.001000s ]
SQL: SHOW COLUMNS FROM `tpt_category` [ RunTime:0.0180s ]
SQL: SELECT * FROM `tpt_category` WHERE ( tid = 0 )  [ RunTime:0.0010s ]
SQL: SELECT * FROM `tpt_category` WHERE ( tid != 0 )  [ RunTime:0.0010s ]
SQL: SHOW COLUMNS FROM `tpt_article` [ RunTime:0.0170s ]
SQL: SELECT * FROM `tpt_article` WHERE `commend` = 1 AND `open` = 1 ORDER BY id DESC LIMIT 3   [ RunTime:0.0030s ]
SQL: SELECT * FROM `tpt_article` WHERE `choice` = 1 AND `open` = 1 ORDER BY id DESC LIMIT 3   [ RunTime:0.0020s ]
SQL: SHOW COLUMNS FROM `tpt_links` [ RunTime:0.0160s ]
SQL: SELECT * FROM `tpt_links`  [ RunTime:0.0010s ]
SQL: SHOW COLUMNS FROM `tpt_conf` [ RunTime:0.0170s ]
SQL: SELECT * FROM `tpt_conf` WHERE `id` = 1 LIMIT 1   [ RunTime:0.0000s ]
SQL: SELECT `id` FROM `tpt_category` WHERE ( tid=8 )  [ RunTime:0.0000s ]
NOTIC: [8] Undefined variable: idmun F:\wamp\www\blog\Application\Home\Controller\IndexController.class.php 第 195 行.
SQL: SELECT COUNT(*) AS tp_count FROM `tpt_article` WHERE `open` = 1 AND `tid` IN ('8') LIMIT 1   [ RunTime:0.0000s ]
SQL: SELECT * FROM `tpt_article` WHERE `open` = 1 AND `tid` IN ('8') ORDER BY id DESC LIMIT 0,8   [ RunTime:0.0010s ]
INFO: [ view_parse ] --START--
INFO: [ template_filter ] --START--
INFO: Run Behavior\ContentReplaceBehavior [ RunTime:0.000000s ]
INFO: [ template_filter ] --END-- [ RunTime:0.001000s ]
NOTIC: [8] Undefined index: title F:\wamp\www\blog\Runtime\Cache\Home\b32b0210c07de47577ce2ed2cf7df3c0.php 第 23 行.
NOTIC: [8] Use of undefined constant commend - assumed 'commend' F:\wamp\www\blog\Runtime\Cache\Home\b32b0210c07de47577ce2ed2cf7df3c0.php 第 75 行.
NOTIC: [8] Use of undefined constant pic - assumed 'pic' F:\wamp\www\blog\Runtime\Cache\Home\b32b0210c07de47577ce2ed2cf7df3c0.php 第 80 行.
NOTIC: [8] Undefined index: name F:\wamp\www\blog\Runtime\Cache\Home\b32b0210c07de47577ce2ed2cf7df3c0.php 第 91 行.
NOTIC: [8] Use of undefined constant pic - assumed 'pic' F:\wamp\www\blog\Runtime\Cache\Home\b32b0210c07de47577ce2ed2cf7df3c0.php 第 127 行.
NOTIC: [8] Use of undefined constant pic - assumed 'pic' F:\wamp\www\blog\Runtime\Cache\Home\b32b0210c07de47577ce2ed2cf7df3c0.php 第 127 行.
NOTIC: [8] Use of undefined constant pic - assumed 'pic' F:\wamp\www\blog\Runtime\Cache\Home\b32b0210c07de47577ce2ed2cf7df3c0.php 第 127 行.
INFO: Run Behavior\ParseTemplateBehavior [ RunTime:0.033002s ]
INFO: [ view_parse ] --END-- [ RunTime:0.034002s ]
INFO: [ view_filter ] --START--
INFO: Run Behavior\WriteHtmlCacheBehavior [ RunTime:0.000000s ]
INFO: [ view_filter ] --END-- [ RunTime:0.001000s ]
INFO: [ app_end ] --START--
INFO: Run Behavior\ShowPageTraceBehavior [ RunTime:0.000000s ]
INFO: [ app_end ] --END-- [ RunTime:0.000000s ]

[ 2018-03-29T10:03:15+08:00 ] ::1 /blog/
INFO: [ app_init ] --START--
INFO: Run Behavior\BuildLiteBehavior [ RunTime:0.000000s ]
INFO: [ app_init ] --END-- [ RunTime:0.000000s ]
INFO: [ app_begin ] --START--
INFO: Run Behavior\ReadHtmlCacheBehavior [ RunTime:0.001000s ]
INFO: [ app_begin ] --END-- [ RunTime:0.001000s ]
SQL: SHOW COLUMNS FROM `tpt_category` [ RunTime:0.0170s ]
SQL: SELECT * FROM `tpt_category` WHERE ( tid = 0 )  [ RunTime:0.0010s ]
SQL: SELECT * FROM `tpt_category` WHERE ( tid != 0 )  [ RunTime:0.0010s ]
SQL: SHOW COLUMNS FROM `tpt_article` [ RunTime:0.0120s ]
SQL: SELECT * FROM `tpt_article` WHERE `commend` = 1 AND `open` = 1 ORDER BY id DESC LIMIT 3   [ RunTime:0.0020s ]
SQL: SELECT * FROM `tpt_article` WHERE `choice` = 1 AND `open` = 1 ORDER BY id DESC LIMIT 3   [ RunTime:0.0020s ]
SQL: SHOW COLUMNS FROM `tpt_links` [ RunTime:0.0170s ]
SQL: SELECT * FROM `tpt_links`  [ RunTime:0.0010s ]
SQL: SHOW COLUMNS FROM `tpt_conf` [ RunTime:0.0140s ]
SQL: SELECT * FROM `tpt_conf` WHERE `id` = 1 LIMIT 1   [ RunTime:0.0000s ]
SQL: SHOW COLUMNS FROM `tpt_banner` [ RunTime:0.0140s ]
SQL: SELECT * FROM `tpt_banner` WHERE `id` = 1 LIMIT 1   [ RunTime:0.0010s ]
SQL: SHOW COLUMNS FROM `tpt_article` [ RunTime:0.0160s ]
SQL: SHOW COLUMNS FROM `tpt_category` [ RunTime:0.0150s ]
SQL: SELECT COUNT(*) AS tp_count FROM tpt_article article LEFT JOIN tpt_category category ON article.tid=category.id WHERE article.open = 1 LIMIT 1   [ RunTime:0.0010s ]
SQL: SELECT article.id AS id,article.title AS title,article.author AS author,article.view AS view,article.description AS description,article.keywords AS keywords,article.pic AS pic,article.commend AS commend,article.choice AS choice,article.time AS time,article.open AS open,category.name AS name,category.type AS type FROM tpt_article article LEFT JOIN tpt_category category ON article.tid=category.id WHERE article.open = 1 ORDER BY article.id DESC LIMIT 0,6   [ RunTime:0.0020s ]
INFO: [ view_parse ] --START--
INFO: [ template_filter ] --START--
INFO: Run Behavior\ContentReplaceBehavior [ RunTime:0.000000s ]
INFO: [ template_filter ] --END-- [ RunTime:0.000000s ]
NOTIC: [8] Undefined index: title F:\wamp\www\blog\Runtime\Cache\Home\aa448f930e00a2c77d5751c6f186e91a.php 第 23 行.
NOTIC: [8] Use of undefined constant commend - assumed 'commend' F:\wamp\www\blog\Runtime\Cache\Home\aa448f930e00a2c77d5751c6f186e91a.php 第 94 行.
NOTIC: [8] Use of undefined constant pic - assumed 'pic' F:\wamp\www\blog\Runtime\Cache\Home\aa448f930e00a2c77d5751c6f186e91a.php 第 99 行.
NOTIC: [8] Use of undefined constant commend - assumed 'commend' F:\wamp\www\blog\Runtime\Cache\Home\aa448f930e00a2c77d5751c6f186e91a.php 第 94 行.
NOTIC: [8] Use of undefined constant pic - assumed 'pic' F:\wamp\www\blog\Runtime\Cache\Home\aa448f930e00a2c77d5751c6f186e91a.php 第 99 行.
NOTIC: [8] Use of undefined constant commend - assumed 'commend' F:\wamp\www\blog\Runtime\Cache\Home\aa448f930e00a2c77d5751c6f186e91a.php 第 94 行.
NOTIC: [8] Use of undefined constant pic - assumed 'pic' F:\wamp\www\blog\Runtime\Cache\Home\aa448f930e00a2c77d5751c6f186e91a.php 第 99 行.
NOTIC: [8] Use of undefined constant commend - assumed 'commend' F:\wamp\www\blog\Runtime\Cache\Home\aa448f930e00a2c77d5751c6f186e91a.php 第 94 行.
NOTIC: [8] Use of undefined constant pic - assumed 'pic' F:\wamp\www\blog\Runtime\Cache\Home\aa448f930e00a2c77d5751c6f186e91a.php 第 99 行.
NOTIC: [8] Use of undefined constant commend - assumed 'commend' F:\wamp\www\blog\Runtime\Cache\Home\aa448f930e00a2c77d5751c6f186e91a.php 第 94 行.
NOTIC: [8] Use of undefined constant pic - assumed 'pic' F:\wamp\www\blog\Runtime\Cache\Home\aa448f930e00a2c77d5751c6f186e91a.php 第 99 行.
NOTIC: [8] Use of undefined constant commend - assumed 'commend' F:\wamp\www\blog\Runtime\Cache\Home\aa448f930e00a2c77d5751c6f186e91a.php 第 94 行.
NOTIC: [8] Use of undefined constant pic - assumed 'pic' F:\wamp\www\blog\Runtime\Cache\Home\aa448f930e00a2c77d5751c6f186e91a.php 第 99 行.
NOTIC: [8] Use of undefined constant pic - assumed 'pic' F:\wamp\www\blog\Runtime\Cache\Home\aa448f930e00a2c77d5751c6f186e91a.php 第 146 行.
NOTIC: [8] Use of undefined constant pic - assumed 'pic' F:\wamp\www\blog\Runtime\Cache\Home\aa448f930e00a2c77d5751c6f186e91a.php 第 146 行.
NOTIC: [8] Use of undefined constant pic - assumed 'pic' F:\wamp\www\blog\Runtime\Cache\Home\aa448f930e00a2c77d5751c6f186e91a.php 第 146 行.
INFO: Run Behavior\ParseTemplateBehavior [ RunTime:0.042003s ]
INFO: [ view_parse ] --END-- [ RunTime:0.044003s ]
INFO: [ view_filter ] --START--
INFO: Run Behavior\WriteHtmlCacheBehavior [ RunTime:0.000000s ]
INFO: [ view_filter ] --END-- [ RunTime:0.000000s ]
INFO: [ app_end ] --START--
INFO: Run Behavior\ShowPageTraceBehavior [ RunTime:0.000000s ]
INFO: [ app_end ] --END-- [ RunTime:0.001000s ]

[ 2018-03-29T10:11:15+08:00 ] ::1 /blog/
INFO: [ app_init ] --START--
INFO: Run Behavior\BuildLiteBehavior [ RunTime:0.000000s ]
INFO: [ app_init ] --END-- [ RunTime:0.001000s ]
INFO: [ app_begin ] --START--
INFO: Run Behavior\ReadHtmlCacheBehavior [ RunTime:0.001000s ]
INFO: [ app_begin ] --END-- [ RunTime:0.001000s ]
SQL: SHOW COLUMNS FROM `tpt_category` [ RunTime:0.0200s ]
SQL: SELECT * FROM `tpt_category` WHERE ( tid = 0 )  [ RunTime:0.0010s ]
SQL: SELECT * FROM `tpt_category` WHERE ( tid != 0 )  [ RunTime:0.0010s ]
SQL: SHOW COLUMNS FROM `tpt_article` [ RunTime:0.0160s ]
SQL: SELECT * FROM `tpt_article` WHERE `commend` = 1 AND `open` = 1 ORDER BY id DESC LIMIT 3   [ RunTime:0.0020s ]
SQL: SELECT * FROM `tpt_article` WHERE `choice` = 1 AND `open` = 1 ORDER BY id DESC LIMIT 3   [ RunTime:0.0020s ]
SQL: SHOW COLUMNS FROM `tpt_links` [ RunTime:0.0290s ]
SQL: SELECT * FROM `tpt_links`  [ RunTime:0.0010s ]
SQL: SHOW COLUMNS FROM `tpt_conf` [ RunTime:0.0190s ]
SQL: SELECT * FROM `tpt_conf` WHERE `id` = 1 LIMIT 1   [ RunTime:0.0010s ]
SQL: SHOW COLUMNS FROM `tpt_banner` [ RunTime:0.0200s ]
SQL: SELECT * FROM `tpt_banner` WHERE `id` = 1 LIMIT 1   [ RunTime:0.0030s ]
SQL: SHOW COLUMNS FROM `tpt_article` [ RunTime:0.0180s ]
SQL: SHOW COLUMNS FROM `tpt_category` [ RunTime:0.0160s ]
SQL: SELECT COUNT(*) AS tp_count FROM tpt_article article LEFT JOIN tpt_category category ON article.tid=category.id WHERE article.open = 1 LIMIT 1   [ RunTime:0.0030s ]
SQL: SELECT article.id AS id,article.title AS title,article.author AS author,article.view AS view,article.description AS description,article.keywords AS keywords,article.pic AS pic,article.commend AS commend,article.choice AS choice,article.time AS time,article.open AS open,category.name AS name,category.type AS type FROM tpt_article article LEFT JOIN tpt_category category ON article.tid=category.id WHERE article.open = 1 ORDER BY article.id DESC LIMIT 0,6   [ RunTime:0.0010s ]
INFO: [ view_parse ] --START--
INFO: [ template_filter ] --START--
INFO: Run Behavior\ContentReplaceBehavior [ RunTime:0.000000s ]
INFO: [ template_filter ] --END-- [ RunTime:0.002000s ]
NOTIC: [8] Undefined index: title F:\wamp\www\blog\Runtime\Cache\Home\aa448f930e00a2c77d5751c6f186e91a.php 第 23 行.
NOTIC: [8] Use of undefined constant commend - assumed 'commend' F:\wamp\www\blog\Runtime\Cache\Home\aa448f930e00a2c77d5751c6f186e91a.php 第 94 行.
NOTIC: [8] Use of undefined constant pic - assumed 'pic' F:\wamp\www\blog\Runtime\Cache\Home\aa448f930e00a2c77d5751c6f186e91a.php 第 99 行.
NOTIC: [8] Use of undefined constant commend - assumed 'commend' F:\wamp\www\blog\Runtime\Cache\Home\aa448f930e00a2c77d5751c6f186e91a.php 第 94 行.
NOTIC: [8] Use of undefined constant pic - assumed 'pic' F:\wamp\www\blog\Runtime\Cache\Home\aa448f930e00a2c77d5751c6f186e91a.php 第 99 行.
NOTIC: [8] Use of undefined constant commend - assumed 'commend' F:\wamp\www\blog\Runtime\Cache\Home\aa448f930e00a2c77d5751c6f186e91a.php 第 94 行.
NOTIC: [8] Use of undefined constant pic - assumed 'pic' F:\wamp\www\blog\Runtime\Cache\Home\aa448f930e00a2c77d5751c6f186e91a.php 第 99 行.
NOTIC: [8] Use of undefined constant commend - assumed 'commend' F:\wamp\www\blog\Runtime\Cache\Home\aa448f930e00a2c77d5751c6f186e91a.php 第 94 行.
NOTIC: [8] Use of undefined constant pic - assumed 'pic' F:\wamp\www\blog\Runtime\Cache\Home\aa448f930e00a2c77d5751c6f186e91a.php 第 99 行.
NOTIC: [8] Use of undefined constant commend - assumed 'commend' F:\wamp\www\blog\Runtime\Cache\Home\aa448f930e00a2c77d5751c6f186e91a.php 第 94 行.
NOTIC: [8] Use of undefined constant pic - assumed 'pic' F:\wamp\www\blog\Runtime\Cache\Home\aa448f930e00a2c77d5751c6f186e91a.php 第 99 行.
NOTIC: [8] Use of undefined constant commend - assumed 'commend' F:\wamp\www\blog\Runtime\Cache\Home\aa448f930e00a2c77d5751c6f186e91a.php 第 94 行.
NOTIC: [8] Use of undefined constant pic - assumed 'pic' F:\wamp\www\blog\Runtime\Cache\Home\aa448f930e00a2c77d5751c6f186e91a.php 第 99 行.
NOTIC: [8] Use of undefined constant pic - assumed 'pic' F:\wamp\www\blog\Runtime\Cache\Home\aa448f930e00a2c77d5751c6f186e91a.php 第 146 行.
NOTIC: [8] Use of undefined constant pic - assumed 'pic' F:\wamp\www\blog\Runtime\Cache\Home\aa448f930e00a2c77d5751c6f186e91a.php 第 146 行.
NOTIC: [8] Use of undefined constant pic - assumed 'pic' F:\wamp\www\blog\Runtime\Cache\Home\aa448f930e00a2c77d5751c6f186e91a.php 第 146 行.
INFO: Run Behavior\ParseTemplateBehavior [ RunTime:0.044003s ]
INFO: [ view_parse ] --END-- [ RunTime:0.044003s ]
INFO: [ view_filter ] --START--
INFO: Run Behavior\WriteHtmlCacheBehavior [ RunTime:0.001000s ]
INFO: [ view_filter ] --END-- [ RunTime:0.001000s ]
INFO: [ app_end ] --START--
INFO: Run Behavior\ShowPageTraceBehavior [ RunTime:0.001000s ]
INFO: [ app_end ] --END-- [ RunTime:0.001000s ]

[ 2018-03-29T10:11:15+08:00 ] ::1 /blog/index.php?m=home&c=index&a=part&id=1
INFO: [ app_init ] --START--
INFO: Run Behavior\BuildLiteBehavior [ RunTime:0.000000s ]
INFO: [ app_init ] --END-- [ RunTime:0.000000s ]
INFO: [ app_begin ] --START--
INFO: Run Behavior\ReadHtmlCacheBehavior [ RunTime:0.002001s ]
INFO: [ app_begin ] --END-- [ RunTime:0.002001s ]
SQL: SHOW COLUMNS FROM `tpt_category` [ RunTime:0.0150s ]
SQL: SELECT * FROM `tpt_category` WHERE ( tid = 0 )  [ RunTime:0.0010s ]
SQL: SELECT * FROM `tpt_category` WHERE ( tid != 0 )  [ RunTime:0.0010s ]
SQL: SHOW COLUMNS FROM `tpt_article` [ RunTime:0.0150s ]
SQL: SELECT * FROM `tpt_article` WHERE `commend` = 1 AND `open` = 1 ORDER BY id DESC LIMIT 3   [ RunTime:0.0010s ]
SQL: SELECT * FROM `tpt_article` WHERE `choice` = 1 AND `open` = 1 ORDER BY id DESC LIMIT 3   [ RunTime:0.0010s ]
SQL: SHOW COLUMNS FROM `tpt_links` [ RunTime:0.0150s ]
SQL: SELECT * FROM `tpt_links`  [ RunTime:0.0010s ]
SQL: SHOW COLUMNS FROM `tpt_conf` [ RunTime:0.0130s ]
SQL: SELECT * FROM `tpt_conf` WHERE `id` = 1 LIMIT 1   [ RunTime:0.0000s ]
SQL: SELECT `id` FROM `tpt_category` WHERE ( tid=1 )  [ RunTime:0.0010s ]
SQL: SELECT COUNT(*) AS tp_count FROM `tpt_article` WHERE `open` = 1 AND `tid` IN ('2','3','1') LIMIT 1   [ RunTime:0.0010s ]
SQL: SELECT * FROM `tpt_article` WHERE `open` = 1 AND `tid` IN ('2','3','1') ORDER BY id DESC LIMIT 0,8   [ RunTime:0.0020s ]
INFO: [ view_parse ] --START--
INFO: [ template_filter ] --START--
INFO: Run Behavior\ContentReplaceBehavior [ RunTime:0.000000s ]
INFO: [ template_filter ] --END-- [ RunTime:0.000000s ]
NOTIC: [8] Undefined index: title F:\wamp\www\blog\Runtime\Cache\Home\b32b0210c07de47577ce2ed2cf7df3c0.php 第 23 行.
NOTIC: [8] Use of undefined constant commend - assumed 'commend' F:\wamp\www\blog\Runtime\Cache\Home\b32b0210c07de47577ce2ed2cf7df3c0.php 第 75 行.
NOTIC: [8] Use of undefined constant pic - assumed 'pic' F:\wamp\www\blog\Runtime\Cache\Home\b32b0210c07de47577ce2ed2cf7df3c0.php 第 80 行.
NOTIC: [8] Undefined index: name F:\wamp\www\blog\Runtime\Cache\Home\b32b0210c07de47577ce2ed2cf7df3c0.php 第 91 行.
NOTIC: [8] Use of undefined constant commend - assumed 'commend' F:\wamp\www\blog\Runtime\Cache\Home\b32b0210c07de47577ce2ed2cf7df3c0.php 第 75 行.
NOTIC: [8] Use of undefined constant pic - assumed 'pic' F:\wamp\www\blog\Runtime\Cache\Home\b32b0210c07de47577ce2ed2cf7df3c0.php 第 80 行.
NOTIC: [8] Undefined index: name F:\wamp\www\blog\Runtime\Cache\Home\b32b0210c07de47577ce2ed2cf7df3c0.php 第 91 行.
NOTIC: [8] Use of undefined constant commend - assumed 'commend' F:\wamp\www\blog\Runtime\Cache\Home\b32b0210c07de47577ce2ed2cf7df3c0.php 第 75 行.
NOTIC: [8] Use of undefined constant pic - assumed 'pic' F:\wamp\www\blog\Runtime\Cache\Home\b32b0210c07de47577ce2ed2cf7df3c0.php 第 80 行.
NOTIC: [8] Undefined index: name F:\wamp\www\blog\Runtime\Cache\Home\b32b0210c07de47577ce2ed2cf7df3c0.php 第 91 行.
NOTIC: [8] Use of undefined constant pic - assumed 'pic' F:\wamp\www\blog\Runtime\Cache\Home\b32b0210c07de47577ce2ed2cf7df3c0.php 第 127 行.
NOTIC: [8] Use of undefined constant pic - assumed 'pic' F:\wamp\www\blog\Runtime\Cache\Home\b32b0210c07de47577ce2ed2cf7df3c0.php 第 127 行.
NOTIC: [8] Use of undefined constant pic - assumed 'pic' F:\wamp\www\blog\Runtime\Cache\Home\b32b0210c07de47577ce2ed2cf7df3c0.php 第 127 行.
INFO: Run Behavior\ParseTemplateBehavior [ RunTime:0.054003s ]
INFO: [ view_parse ] --END-- [ RunTime:0.054003s ]
INFO: [ view_filter ] --START--
INFO: Run Behavior\WriteHtmlCacheBehavior [ RunTime:0.000000s ]
INFO: [ view_filter ] --END-- [ RunTime:0.000000s ]
INFO: [ app_end ] --START--
INFO: Run Behavior\ShowPageTraceBehavior [ RunTime:0.001000s ]
INFO: [ app_end ] --END-- [ RunTime:0.001000s ]

[ 2018-03-29T10:13:23+08:00 ] ::1 /blog/index.php?m=home&c=index&a=part&id=1
INFO: [ app_init ] --START--
INFO: Run Behavior\BuildLiteBehavior [ RunTime:0.000000s ]
INFO: [ app_init ] --END-- [ RunTime:0.000000s ]
INFO: [ app_begin ] --START--
INFO: Run Behavior\ReadHtmlCacheBehavior [ RunTime:0.000000s ]
INFO: [ app_begin ] --END-- [ RunTime:0.001000s ]
SQL: SHOW COLUMNS FROM `tpt_category` [ RunTime:0.0210s ]
SQL: SELECT * FROM `tpt_category` WHERE ( tid = 0 )  [ RunTime:0.0010s ]
SQL: SELECT * FROM `tpt_category` WHERE ( tid != 0 )  [ RunTime:0.0010s ]
SQL: SHOW COLUMNS FROM `tpt_article` [ RunTime:0.0160s ]
SQL: SELECT * FROM `tpt_article` WHERE `commend` = 1 AND `open` = 1 ORDER BY id DESC LIMIT 3   [ RunTime:0.0020s ]
SQL: SELECT * FROM `tpt_article` WHERE `choice` = 1 AND `open` = 1 ORDER BY id DESC LIMIT 3   [ RunTime:0.0010s ]
SQL: SHOW COLUMNS FROM `tpt_links` [ RunTime:0.0150s ]
SQL: SELECT * FROM `tpt_links`  [ RunTime:0.0010s ]
SQL: SHOW COLUMNS FROM `tpt_conf` [ RunTime:0.0390s ]
SQL: SELECT * FROM `tpt_conf` WHERE `id` = 1 LIMIT 1   [ RunTime:0.0020s ]
SQL: SELECT `id` FROM `tpt_category` WHERE ( tid=1 )  [ RunTime:0.0010s ]
SQL: SELECT COUNT(*) AS tp_count FROM `tpt_article` WHERE `open` = 1 AND `tid` IN ('2','3','1') LIMIT 1   [ RunTime:0.0010s ]
SQL: SELECT * FROM `tpt_article` WHERE `open` = 1 AND `tid` IN ('2','3','1') ORDER BY id DESC LIMIT 0,8   [ RunTime:0.0030s ]
INFO: [ view_parse ] --START--
INFO: [ template_filter ] --START--
INFO: Run Behavior\ContentReplaceBehavior [ RunTime:0.000000s ]
INFO: [ template_filter ] --END-- [ RunTime:0.001000s ]
NOTIC: [8] Undefined index: title F:\wamp\www\blog\Runtime\Cache\Home\b32b0210c07de47577ce2ed2cf7df3c0.php 第 23 行.
NOTIC: [8] Use of undefined constant commend - assumed 'commend' F:\wamp\www\blog\Runtime\Cache\Home\b32b0210c07de47577ce2ed2cf7df3c0.php 第 75 行.
NOTIC: [8] Use of undefined constant pic - assumed 'pic' F:\wamp\www\blog\Runtime\Cache\Home\b32b0210c07de47577ce2ed2cf7df3c0.php 第 80 行.
NOTIC: [8] Undefined index: name F:\wamp\www\blog\Runtime\Cache\Home\b32b0210c07de47577ce2ed2cf7df3c0.php 第 91 行.
NOTIC: [8] Use of undefined constant commend - assumed 'commend' F:\wamp\www\blog\Runtime\Cache\Home\b32b0210c07de47577ce2ed2cf7df3c0.php 第 75 行.
NOTIC: [8] Use of undefined constant pic - assumed 'pic' F:\wamp\www\blog\Runtime\Cache\Home\b32b0210c07de47577ce2ed2cf7df3c0.php 第 80 行.
NOTIC: [8] Undefined index: name F:\wamp\www\blog\Runtime\Cache\Home\b32b0210c07de47577ce2ed2cf7df3c0.php 第 91 行.
NOTIC: [8] Use of undefined constant commend - assumed 'commend' F:\wamp\www\blog\Runtime\Cache\Home\b32b0210c07de47577ce2ed2cf7df3c0.php 第 75 行.
NOTIC: [8] Use of undefined constant pic - assumed 'pic' F:\wamp\www\blog\Runtime\Cache\Home\b32b0210c07de47577ce2ed2cf7df3c0.php 第 80 行.
NOTIC: [8] Undefined index: name F:\wamp\www\blog\Runtime\Cache\Home\b32b0210c07de47577ce2ed2cf7df3c0.php 第 91 行.
NOTIC: [8] Use of undefined constant pic - assumed 'pic' F:\wamp\www\blog\Runtime\Cache\Home\b32b0210c07de47577ce2ed2cf7df3c0.php 第 127 行.
NOTIC: [8] Use of undefined constant pic - assumed 'pic' F:\wamp\www\blog\Runtime\Cache\Home\b32b0210c07de47577ce2ed2cf7df3c0.php 第 127 行.
NOTIC: [8] Use of undefined constant pic - assumed 'pic' F:\wamp\www\blog\Runtime\Cache\Home\b32b0210c07de47577ce2ed2cf7df3c0.php 第 127 行.
INFO: Run Behavior\ParseTemplateBehavior [ RunTime:0.042002s ]
INFO: [ view_parse ] --END-- [ RunTime:0.042002s ]
INFO: [ view_filter ] --START--
INFO: Run Behavior\WriteHtmlCacheBehavior [ RunTime:0.001000s ]
INFO: [ view_filter ] --END-- [ RunTime:0.001000s ]
INFO: [ app_end ] --START--
INFO: Run Behavior\ShowPageTraceBehavior [ RunTime:0.001000s ]
INFO: [ app_end ] --END-- [ RunTime:0.001000s ]

[ 2018-03-29T10:13:27+08:00 ] ::1 /blog/index.php?m=home&c=index&a=parth&id=1
INFO: [ app_init ] --START--
INFO: Run Behavior\BuildLiteBehavior [ RunTime:0.000000s ]
INFO: [ app_init ] --END-- [ RunTime:0.001000s ]
INFO: [ app_begin ] --START--
INFO: Run Behavior\ReadHtmlCacheBehavior [ RunTime:0.001000s ]
INFO: [ app_begin ] --END-- [ RunTime:0.001000s ]
SQL: SHOW COLUMNS FROM `tpt_category` [ RunTime:0.0140s ]
SQL: SELECT * FROM `tpt_category` WHERE ( tid = 0 )  [ RunTime:0.0020s ]
SQL: SELECT * FROM `tpt_category` WHERE ( tid != 0 )  [ RunTime:0.0010s ]
SQL: SHOW COLUMNS FROM `tpt_article` [ RunTime:0.0160s ]
SQL: SELECT * FROM `tpt_article` WHERE `commend` = 1 AND `open` = 1 ORDER BY id DESC LIMIT 3   [ RunTime:0.0020s ]
SQL: SELECT * FROM `tpt_article` WHERE `choice` = 1 AND `open` = 1 ORDER BY id DESC LIMIT 3   [ RunTime:0.0020s ]
SQL: SHOW COLUMNS FROM `tpt_links` [ RunTime:0.0150s ]
SQL: SELECT * FROM `tpt_links`  [ RunTime:0.0010s ]
SQL: SHOW COLUMNS FROM `tpt_conf` [ RunTime:0.0160s ]
SQL: SELECT * FROM `tpt_conf` WHERE `id` = 1 LIMIT 1   [ RunTime:0.0010s ]
ERR: 非法操作:parth

[ 2018-03-29T10:13:34+08:00 ] ::1 /blog/index.php?m=home&c=indedx&a=part&id=1
INFO: [ app_init ] --START--
INFO: Run Behavior\BuildLiteBehavior [ RunTime:0.000000s ]
INFO: [ app_init ] --END-- [ RunTime:0.001000s ]
INFO: [ app_begin ] --START--
INFO: Run Behavior\ReadHtmlCacheBehavior [ RunTime:0.000000s ]
INFO: [ app_begin ] --END-- [ RunTime:0.000000s ]
ERR: 无法加载控制器:Indedx

[ 2018-03-29T10:13:40+08:00 ] ::1 /blog/index.php?m=home&c=index&a=parth&id=1
INFO: [ app_init ] --START--
INFO: Run Behavior\BuildLiteBehavior [ RunTime:0.000000s ]
INFO: [ app_init ] --END-- [ RunTime:0.001000s ]
INFO: [ app_begin ] --START--
INFO: Run Behavior\ReadHtmlCacheBehavior [ RunTime:0.001001s ]
INFO: [ app_begin ] --END-- [ RunTime:0.001001s ]
SQL: SHOW COLUMNS FROM `tpt_category` [ RunTime:0.1350s ]
SQL: SELECT * FROM `tpt_category` WHERE ( tid = 0 )  [ RunTime:0.0010s ]
SQL: SELECT * FROM `tpt_category` WHERE ( tid != 0 )  [ RunTime:0.0010s ]
SQL: SHOW COLUMNS FROM `tpt_article` [ RunTime:0.1070s ]
SQL: SELECT * FROM `tpt_article` WHERE `commend` = 1 AND `open` = 1 ORDER BY id DESC LIMIT 3   [ RunTime:0.0040s ]
SQL: SELECT * FROM `tpt_article` WHERE `choice` = 1 AND `open` = 1 ORDER BY id DESC LIMIT 3   [ RunTime:0.0030s ]
SQL: SHOW COLUMNS FROM `tpt_links` [ RunTime:0.0360s ]
SQL: SELECT * FROM `tpt_links`  [ RunTime:0.0020s ]
SQL: SHOW COLUMNS FROM `tpt_conf` [ RunTime:0.0170s ]
SQL: SELECT * FROM `tpt_conf` WHERE `id` = 1 LIMIT 1   [ RunTime:0.0030s ]
ERR: 非法操作:parth

[ 2018-03-29T10:13:45+08:00 ] ::1 /blog/index.php?m=homes&c=index&a=part&id=1
INFO: [ app_init ] --START--
INFO: Run Behavior\BuildLiteBehavior [ RunTime:0.000000s ]
INFO: [ app_init ] --END-- [ RunTime:0.000000s ]
INFO: [ app_begin ] --START--
INFO: Run Behavior\ReadHtmlCacheBehavior [ RunTime:0.000000s ]
INFO: [ app_begin ] --END-- [ RunTime:0.000000s ]
SQL: SHOW COLUMNS FROM `tpt_category` [ RunTime:0.0680s ]
SQL: SELECT * FROM `tpt_category` WHERE ( tid = 0 )  [ RunTime:0.0010s ]
SQL: SELECT * FROM `tpt_category` WHERE ( tid != 0 )  [ RunTime:0.0010s ]
SQL: SHOW COLUMNS FROM `tpt_article` [ RunTime:0.0760s ]
SQL: SELECT * FROM `tpt_article` WHERE `commend` = 1 AND `open` = 1 ORDER BY id DESC LIMIT 3   [ RunTime:0.0020s ]
SQL: SELECT * FROM `tpt_article` WHERE `choice` = 1 AND `open` = 1 ORDER BY id DESC LIMIT 3   [ RunTime:0.0010s ]
SQL: SHOW COLUMNS FROM `tpt_links` [ RunTime:0.0320s ]
SQL: SELECT * FROM `tpt_links`  [ RunTime:0.0020s ]
SQL: SHOW COLUMNS FROM `tpt_conf` [ RunTime:0.1020s ]
SQL: SELECT * FROM `tpt_conf` WHERE `id` = 1 LIMIT 1   [ RunTime:0.0010s ]
SQL: SELECT `id` FROM `tpt_category` WHERE ( tid=1 )  [ RunTime:0.0010s ]
SQL: SELECT COUNT(*) AS tp_count FROM `tpt_article` WHERE `open` = 1 AND `tid` IN ('2','3','1') LIMIT 1   [ RunTime:0.0050s ]
SQL: SELECT * FROM `tpt_article` WHERE `open` = 1 AND `tid` IN ('2','3','1') ORDER BY id DESC LIMIT 0,8   [ RunTime:0.0090s ]
INFO: [ view_parse ] --START--
INFO: [ template_filter ] --START--
INFO: Run Behavior\ContentReplaceBehavior [ RunTime:0.000000s ]
INFO: [ template_filter ] --END-- [ RunTime:0.000000s ]
NOTIC: [8] Undefined index: title F:\wamp\www\blog\Runtime\Cache\Home\b32b0210c07de47577ce2ed2cf7df3c0.php 第 23 行.
NOTIC: [8] Use of undefined constant commend - assumed 'commend' F:\wamp\www\blog\Runtime\Cache\Home\b32b0210c07de47577ce2ed2cf7df3c0.php 第 75 行.
NOTIC: [8] Use of undefined constant pic - assumed 'pic' F:\wamp\www\blog\Runtime\Cache\Home\b32b0210c07de47577ce2ed2cf7df3c0.php 第 80 行.
NOTIC: [8] Undefined index: name F:\wamp\www\blog\Runtime\Cache\Home\b32b0210c07de47577ce2ed2cf7df3c0.php 第 91 行.
NOTIC: [8] Use of undefined constant commend - assumed 'commend' F:\wamp\www\blog\Runtime\Cache\Home\b32b0210c07de47577ce2ed2cf7df3c0.php 第 75 行.
NOTIC: [8] Use of undefined constant pic - assumed 'pic' F:\wamp\www\blog\Runtime\Cache\Home\b32b0210c07de47577ce2ed2cf7df3c0.php 第 80 行.
NOTIC: [8] Undefined index: name F:\wamp\www\blog\Runtime\Cache\Home\b32b0210c07de47577ce2ed2cf7df3c0.php 第 91 行.
NOTIC: [8] Use of undefined constant commend - assumed 'commend' F:\wamp\www\blog\Runtime\Cache\Home\b32b0210c07de47577ce2ed2cf7df3c0.php 第 75 行.
NOTIC: [8] Use of undefined constant pic - assumed 'pic' F:\wamp\www\blog\Runtime\Cache\Home\b32b0210c07de47577ce2ed2cf7df3c0.php 第 80 行.
NOTIC: [8] Undefined index: name F:\wamp\www\blog\Runtime\Cache\Home\b32b0210c07de47577ce2ed2cf7df3c0.php 第 91 行.
NOTIC: [8] Use of undefined constant pic - assumed 'pic' F:\wamp\www\blog\Runtime\Cache\Home\b32b0210c07de47577ce2ed2cf7df3c0.php 第 127 行.
NOTIC: [8] Use of undefined constant pic - assumed 'pic' F:\wamp\www\blog\Runtime\Cache\Home\b32b0210c07de47577ce2ed2cf7df3c0.php 第 127 行.
NOTIC: [8] Use of undefined constant pic - assumed 'pic' F:\wamp\www\blog\Runtime\Cache\Home\b32b0210c07de47577ce2ed2cf7df3c0.php 第 127 行.
INFO: Run Behavior\ParseTemplateBehavior [ RunTime:0.042003s ]
INFO: [ view_parse ] --END-- [ RunTime:0.042003s ]
INFO: [ view_filter ] --START--
INFO: Run Behavior\WriteHtmlCacheBehavior [ RunTime:0.001000s ]
INFO: [ view_filter ] --END-- [ RunTime:0.001000s ]
INFO: [ app_end ] --START--
INFO: Run Behavior\ShowPageTraceBehavior [ RunTime:0.001000s ]
INFO: [ app_end ] --END-- [ RunTime:0.001000s ]

[ 2018-03-29T10:13:52+08:00 ] ::1 /blog/index.php?m=homes&c=index&a=part&id=1
INFO: [ app_init ] --START--
INFO: Run Behavior\BuildLiteBehavior [ RunTime:0.000000s ]
INFO: [ app_init ] --END-- [ RunTime:0.000000s ]
INFO: [ app_begin ] --START--
INFO: Run Behavior\ReadHtmlCacheBehavior [ RunTime:0.001000s ]
INFO: [ app_begin ] --END-- [ RunTime:0.001000s ]
SQL: SHOW COLUMNS FROM `tpt_category` [ RunTime:0.0140s ]
SQL: SELECT * FROM `tpt_category` WHERE ( tid = 0 )  [ RunTime:0.0010s ]
SQL: SELECT * FROM `tpt_category` WHERE ( tid != 0 )  [ RunTime:0.0010s ]
SQL: SHOW COLUMNS FROM `tpt_article` [ RunTime:0.0140s ]
SQL: SELECT * FROM `tpt_article` WHERE `commend` = 1 AND `open` = 1 ORDER BY id DESC LIMIT 3   [ RunTime:0.0010s ]
SQL: SELECT * FROM `tpt_article` WHERE `choice` = 1 AND `open` = 1 ORDER BY id DESC LIMIT 3   [ RunTime:0.0010s ]
SQL: SHOW COLUMNS FROM `tpt_links` [ RunTime:0.0140s ]
SQL: SELECT * FROM `tpt_links`  [ RunTime:0.0000s ]
SQL: SHOW COLUMNS FROM `tpt_conf` [ RunTime:0.0160s ]
SQL: SELECT * FROM `tpt_conf` WHERE `id` = 1 LIMIT 1   [ RunTime:0.0010s ]
SQL: SELECT `id` FROM `tpt_category` WHERE ( tid=1 )  [ RunTime:0.0010s ]
SQL: SELECT COUNT(*) AS tp_count FROM `tpt_article` WHERE `open` = 1 AND `tid` IN ('2','3','1') LIMIT 1   [ RunTime:0.0010s ]
SQL: SELECT * FROM `tpt_article` WHERE `open` = 1 AND `tid` IN ('2','3','1') ORDER BY id DESC LIMIT 0,8   [ RunTime:0.0010s ]
INFO: [ view_parse ] --START--
INFO: [ template_filter ] --START--
INFO: Run Behavior\ContentReplaceBehavior [ RunTime:0.000000s ]
INFO: [ template_filter ] --END-- [ RunTime:0.001000s ]
NOTIC: [8] Undefined index: title F:\wamp\www\blog\Runtime\Cache\Home\b32b0210c07de47577ce2ed2cf7df3c0.php 第 23 行.
NOTIC: [8] Use of undefined constant commend - assumed 'commend' F:\wamp\www\blog\Runtime\Cache\Home\b32b0210c07de47577ce2ed2cf7df3c0.php 第 75 行.
NOTIC: [8] Use of undefined constant pic - assumed 'pic' F:\wamp\www\blog\Runtime\Cache\Home\b32b0210c07de47577ce2ed2cf7df3c0.php 第 80 行.
NOTIC: [8] Undefined index: name F:\wamp\www\blog\Runtime\Cache\Home\b32b0210c07de47577ce2ed2cf7df3c0.php 第 91 行.
NOTIC: [8] Use of undefined constant commend - assumed 'commend' F:\wamp\www\blog\Runtime\Cache\Home\b32b0210c07de47577ce2ed2cf7df3c0.php 第 75 行.
NOTIC: [8] Use of undefined constant pic - assumed 'pic' F:\wamp\www\blog\Runtime\Cache\Home\b32b0210c07de47577ce2ed2cf7df3c0.php 第 80 行.
NOTIC: [8] Undefined index: name F:\wamp\www\blog\Runtime\Cache\Home\b32b0210c07de47577ce2ed2cf7df3c0.php 第 91 行.
NOTIC: [8] Use of undefined constant commend - assumed 'commend' F:\wamp\www\blog\Runtime\Cache\Home\b32b0210c07de47577ce2ed2cf7df3c0.php 第 75 行.
NOTIC: [8] Use of undefined constant pic - assumed 'pic' F:\wamp\www\blog\Runtime\Cache\Home\b32b0210c07de47577ce2ed2cf7df3c0.php 第 80 行.
NOTIC: [8] Undefined index: name F:\wamp\www\blog\Runtime\Cache\Home\b32b0210c07de47577ce2ed2cf7df3c0.php 第 91 行.
NOTIC: [8] Use of undefined constant pic - assumed 'pic' F:\wamp\www\blog\Runtime\Cache\Home\b32b0210c07de47577ce2ed2cf7df3c0.php 第 127 行.
NOTIC: [8] Use of undefined constant pic - assumed 'pic' F:\wamp\www\blog\Runtime\Cache\Home\b32b0210c07de47577ce2ed2cf7df3c0.php 第 127 行.
NOTIC: [8] Use of undefined constant pic - assumed 'pic' F:\wamp\www\blog\Runtime\Cache\Home\b32b0210c07de47577ce2ed2cf7df3c0.php 第 127 行.
INFO: Run Behavior\ParseTemplateBehavior [ RunTime:0.047003s ]
INFO: [ view_parse ] --END-- [ RunTime:0.047003s ]
INFO: [ view_filter ] --START--
INFO: Run Behavior\WriteHtmlCacheBehavior [ RunTime:0.000000s ]
INFO: [ view_filter ] --END-- [ RunTime:0.001000s ]
INFO: [ app_end ] --START--
INFO: Run Behavior\ShowPageTraceBehavior [ RunTime:0.000000s ]
INFO: [ app_end ] --END-- [ RunTime:0.000000s ]

[ 2018-03-29T10:14:18+08:00 ] ::1 /blog/index.php?m=homes&c=index&a=part&id=1
INFO: [ app_init ] --START--
INFO: Run Behavior\BuildLiteBehavior [ RunTime:0.000000s ]
INFO: [ app_init ] --END-- [ RunTime:0.001000s ]
INFO: [ app_begin ] --START--
INFO: Run Behavior\ReadHtmlCacheBehavior [ RunTime:0.003000s ]
INFO: [ app_begin ] --END-- [ RunTime:0.003000s ]
SQL: SHOW COLUMNS FROM `tpt_category` [ RunTime:0.0410s ]
SQL: SELECT * FROM `tpt_category` WHERE ( tid = 0 )  [ RunTime:0.0000s ]
SQL: SELECT * FROM `tpt_category` WHERE ( tid != 0 )  [ RunTime:0.0000s ]
SQL: SHOW COLUMNS FROM `tpt_article` [ RunTime:0.0380s ]
SQL: SELECT * FROM `tpt_article` WHERE `commend` = 1 AND `open` = 1 ORDER BY id DESC LIMIT 3   [ RunTime:0.0030s ]
SQL: SELECT * FROM `tpt_article` WHERE `choice` = 1 AND `open` = 1 ORDER BY id DESC LIMIT 3   [ RunTime:0.0020s ]
SQL: SHOW COLUMNS FROM `tpt_links` [ RunTime:0.6710s ]
SQL: SELECT * FROM `tpt_links`  [ RunTime:0.0010s ]
SQL: SHOW COLUMNS FROM `tpt_conf` [ RunTime:0.0520s ]
SQL: SELECT * FROM `tpt_conf` WHERE `id` = 1 LIMIT 1   [ RunTime:0.0010s ]
SQL: SELECT `id` FROM `tpt_category` WHERE ( tid=1 )  [ RunTime:0.0030s ]
SQL: SELECT COUNT(*) AS tp_count FROM `tpt_article` WHERE `open` = 1 AND `tid` IN ('2','3','1') LIMIT 1   [ RunTime:0.0020s ]
SQL: SELECT * FROM `tpt_article` WHERE `open` = 1 AND `tid` IN ('2','3','1') ORDER BY id DESC LIMIT 0,8   [ RunTime:0.0050s ]
INFO: [ view_parse ] --START--
INFO: [ template_filter ] --START--
INFO: Run Behavior\ContentReplaceBehavior [ RunTime:0.000000s ]
INFO: [ template_filter ] --END-- [ RunTime:0.000000s ]
NOTIC: [8] Undefined index: title F:\wamp\www\blog\Runtime\Cache\Home\b32b0210c07de47577ce2ed2cf7df3c0.php 第 23 行.
NOTIC: [8] Use of undefined constant commend - assumed 'commend' F:\wamp\www\blog\Runtime\Cache\Home\b32b0210c07de47577ce2ed2cf7df3c0.php 第 75 行.
NOTIC: [8] Use of undefined constant pic - assumed 'pic' F:\wamp\www\blog\Runtime\Cache\Home\b32b0210c07de47577ce2ed2cf7df3c0.php 第 80 行.
NOTIC: [8] Undefined index: name F:\wamp\www\blog\Runtime\Cache\Home\b32b0210c07de47577ce2ed2cf7df3c0.php 第 91 行.
NOTIC: [8] Use of undefined constant commend - assumed 'commend' F:\wamp\www\blog\Runtime\Cache\Home\b32b0210c07de47577ce2ed2cf7df3c0.php 第 75 行.
NOTIC: [8] Use of undefined constant pic - assumed 'pic' F:\wamp\www\blog\Runtime\Cache\Home\b32b0210c07de47577ce2ed2cf7df3c0.php 第 80 行.
NOTIC: [8] Undefined index: name F:\wamp\www\blog\Runtime\Cache\Home\b32b0210c07de47577ce2ed2cf7df3c0.php 第 91 行.
NOTIC: [8] Use of undefined constant commend - assumed 'commend' F:\wamp\www\blog\Runtime\Cache\Home\b32b0210c07de47577ce2ed2cf7df3c0.php 第 75 行.
NOTIC: [8] Use of undefined constant pic - assumed 'pic' F:\wamp\www\blog\Runtime\Cache\Home\b32b0210c07de47577ce2ed2cf7df3c0.php 第 80 行.
NOTIC: [8] Undefined index: name F:\wamp\www\blog\Runtime\Cache\Home\b32b0210c07de47577ce2ed2cf7df3c0.php 第 91 行.
NOTIC: [8] Use of undefined constant pic - assumed 'pic' F:\wamp\www\blog\Runtime\Cache\Home\b32b0210c07de47577ce2ed2cf7df3c0.php 第 127 行.
NOTIC: [8] Use of undefined constant pic - assumed 'pic' F:\wamp\www\blog\Runtime\Cache\Home\b32b0210c07de47577ce2ed2cf7df3c0.php 第 127 行.
NOTIC: [8] Use of undefined constant pic - assumed 'pic' F:\wamp\www\blog\Runtime\Cache\Home\b32b0210c07de47577ce2ed2cf7df3c0.php 第 127 行.
INFO: Run Behavior\ParseTemplateBehavior [ RunTime:0.036002s ]
INFO: [ view_parse ] --END-- [ RunTime:0.036002s ]
INFO: [ view_filter ] --START--
INFO: Run Behavior\WriteHtmlCacheBehavior [ RunTime:0.001000s ]
INFO: [ view_filter ] --END-- [ RunTime:0.001000s ]
INFO: [ app_end ] --START--
INFO: Run Behavior\ShowPageTraceBehavior [ RunTime:0.001000s ]
INFO: [ app_end ] --END-- [ RunTime:0.001000s ]

[ 2018-03-29T10:14:19+08:00 ] ::1 /blog/
INFO: [ app_init ] --START--
INFO: Run Behavior\BuildLiteBehavior [ RunTime:0.000000s ]
INFO: [ app_init ] --END-- [ RunTime:0.000000s ]
INFO: [ app_begin ] --START--
INFO: Run Behavior\ReadHtmlCacheBehavior [ RunTime:0.000000s ]
INFO: [ app_begin ] --END-- [ RunTime:0.001000s ]
SQL: SHOW COLUMNS FROM `tpt_category` [ RunTime:0.1200s ]
SQL: SELECT * FROM `tpt_category` WHERE ( tid = 0 )  [ RunTime:0.0000s ]
SQL: SELECT * FROM `tpt_category` WHERE ( tid != 0 )  [ RunTime:0.0010s ]
SQL: SHOW COLUMNS FROM `tpt_article` [ RunTime:0.1060s ]
SQL: SELECT * FROM `tpt_article` WHERE `commend` = 1 AND `open` = 1 ORDER BY id DESC LIMIT 3   [ RunTime:0.0020s ]
SQL: SELECT * FROM `tpt_article` WHERE `choice` = 1 AND `open` = 1 ORDER BY id DESC LIMIT 3   [ RunTime:0.0020s ]
SQL: SHOW COLUMNS FROM `tpt_links` [ RunTime:0.0680s ]
SQL: SELECT * FROM `tpt_links`  [ RunTime:0.0040s ]
SQL: SHOW COLUMNS FROM `tpt_conf` [ RunTime:0.0530s ]
SQL: SELECT * FROM `tpt_conf` WHERE `id` = 1 LIMIT 1   [ RunTime:0.0010s ]
SQL: SHOW COLUMNS FROM `tpt_banner` [ RunTime:0.0640s ]
SQL: SELECT * FROM `tpt_banner` WHERE `id` = 1 LIMIT 1   [ RunTime:0.0010s ]
SQL: SHOW COLUMNS FROM `tpt_article` [ RunTime:0.0570s ]
SQL: SHOW COLUMNS FROM `tpt_category` [ RunTime:0.0290s ]
SQL: SELECT COUNT(*) AS tp_count FROM tpt_article article LEFT JOIN tpt_category category ON article.tid=category.id WHERE article.open = 1 LIMIT 1   [ RunTime:0.0010s ]
SQL: SELECT article.id AS id,article.title AS title,article.author AS author,article.view AS view,article.description AS description,article.keywords AS keywords,article.pic AS pic,article.commend AS commend,article.choice AS choice,article.time AS time,article.open AS open,category.name AS name,category.type AS type FROM tpt_article article LEFT JOIN tpt_category category ON article.tid=category.id WHERE article.open = 1 ORDER BY article.id DESC LIMIT 0,6   [ RunTime:0.0010s ]
INFO: [ view_parse ] --START--
INFO: [ template_filter ] --START--
INFO: Run Behavior\ContentReplaceBehavior [ RunTime:0.000000s ]
INFO: [ template_filter ] --END-- [ RunTime:0.001000s ]
NOTIC: [8] Undefined index: title F:\wamp\www\blog\Runtime\Cache\Home\aa448f930e00a2c77d5751c6f186e91a.php 第 23 行.
NOTIC: [8] Use of undefined constant commend - assumed 'commend' F:\wamp\www\blog\Runtime\Cache\Home\aa448f930e00a2c77d5751c6f186e91a.php 第 94 行.
NOTIC: [8] Use of undefined constant pic - assumed 'pic' F:\wamp\www\blog\Runtime\Cache\Home\aa448f930e00a2c77d5751c6f186e91a.php 第 99 行.
NOTIC: [8] Use of undefined constant commend - assumed 'commend' F:\wamp\www\blog\Runtime\Cache\Home\aa448f930e00a2c77d5751c6f186e91a.php 第 94 行.
NOTIC: [8] Use of undefined constant pic - assumed 'pic' F:\wamp\www\blog\Runtime\Cache\Home\aa448f930e00a2c77d5751c6f186e91a.php 第 99 行.
NOTIC: [8] Use of undefined constant commend - assumed 'commend' F:\wamp\www\blog\Runtime\Cache\Home\aa448f930e00a2c77d5751c6f186e91a.php 第 94 行.
NOTIC: [8] Use of undefined constant pic - assumed 'pic' F:\wamp\www\blog\Runtime\Cache\Home\aa448f930e00a2c77d5751c6f186e91a.php 第 99 行.
NOTIC: [8] Use of undefined constant commend - assumed 'commend' F:\wamp\www\blog\Runtime\Cache\Home\aa448f930e00a2c77d5751c6f186e91a.php 第 94 行.
NOTIC: [8] Use of undefined constant pic - assumed 'pic' F:\wamp\www\blog\Runtime\Cache\Home\aa448f930e00a2c77d5751c6f186e91a.php 第 99 行.
NOTIC: [8] Use of undefined constant commend - assumed 'commend' F:\wamp\www\blog\Runtime\Cache\Home\aa448f930e00a2c77d5751c6f186e91a.php 第 94 行.
NOTIC: [8] Use of undefined constant pic - assumed 'pic' F:\wamp\www\blog\Runtime\Cache\Home\aa448f930e00a2c77d5751c6f186e91a.php 第 99 行.
NOTIC: [8] Use of undefined constant commend - assumed 'commend' F:\wamp\www\blog\Runtime\Cache\Home\aa448f930e00a2c77d5751c6f186e91a.php 第 94 行.
NOTIC: [8] Use of undefined constant pic - assumed 'pic' F:\wamp\www\blog\Runtime\Cache\Home\aa448f930e00a2c77d5751c6f186e91a.php 第 99 行.
NOTIC: [8] Use of undefined constant pic - assumed 'pic' F:\wamp\www\blog\Runtime\Cache\Home\aa448f930e00a2c77d5751c6f186e91a.php 第 146 行.
NOTIC: [8] Use of undefined constant pic - assumed 'pic' F:\wamp\www\blog\Runtime\Cache\Home\aa448f930e00a2c77d5751c6f186e91a.php 第 146 行.
NOTIC: [8] Use of undefined constant pic - assumed 'pic' F:\wamp\www\blog\Runtime\Cache\Home\aa448f930e00a2c77d5751c6f186e91a.php 第 146 行.
INFO: Run Behavior\ParseTemplateBehavior [ RunTime:0.037003s ]
INFO: [ view_parse ] --END-- [ RunTime:0.038003s ]
INFO: [ view_filter ] --START--
INFO: Run Behavior\WriteHtmlCacheBehavior [ RunTime:0.000000s ]
INFO: [ view_filter ] --END-- [ RunTime:0.000000s ]
INFO: [ app_end ] --START--
INFO: Run Behavior\ShowPageTraceBehavior [ RunTime:0.001000s ]
INFO: [ app_end ] --END-- [ RunTime:0.001000s ]

[ 2018-03-29T10:14:20+08:00 ] ::1 /blog/index.php?m=home&c=index&a=part&id=1
INFO: [ app_init ] --START--
INFO: Run Behavior\BuildLiteBehavior [ RunTime:0.000000s ]
INFO: [ app_init ] --END-- [ RunTime:0.001000s ]
INFO: [ app_begin ] --START--
INFO: Run Behavior\ReadHtmlCacheBehavior [ RunTime:0.001000s ]
INFO: [ app_begin ] --END-- [ RunTime:0.001000s ]
SQL: SHOW COLUMNS FROM `tpt_category` [ RunTime:0.0150s ]
SQL: SELECT * FROM `tpt_category` WHERE ( tid = 0 )  [ RunTime:0.0010s ]
SQL: SELECT * FROM `tpt_category` WHERE ( tid != 0 )  [ RunTime:0.0020s ]
SQL: SHOW COLUMNS FROM `tpt_article` [ RunTime:0.0120s ]
SQL: SELECT * FROM `tpt_article` WHERE `commend` = 1 AND `open` = 1 ORDER BY id DESC LIMIT 3   [ RunTime:0.0030s ]
SQL: SELECT * FROM `tpt_article` WHERE `choice` = 1 AND `open` = 1 ORDER BY id DESC LIMIT 3   [ RunTime:0.0030s ]
SQL: SHOW COLUMNS FROM `tpt_links` [ RunTime:0.0150s ]
SQL: SELECT * FROM `tpt_links`  [ RunTime:0.0010s ]
SQL: SHOW COLUMNS FROM `tpt_conf` [ RunTime:0.0140s ]
SQL: SELECT * FROM `tpt_conf` WHERE `id` = 1 LIMIT 1   [ RunTime:0.0010s ]
SQL: SELECT `id` FROM `tpt_category` WHERE ( tid=1 )  [ RunTime:0.0000s ]
SQL: SELECT COUNT(*) AS tp_count FROM `tpt_article` WHERE `open` = 1 AND `tid` IN ('2','3','1') LIMIT 1   [ RunTime:0.0010s ]
SQL: SELECT * FROM `tpt_article` WHERE `open` = 1 AND `tid` IN ('2','3','1') ORDER BY id DESC LIMIT 0,8   [ RunTime:0.0050s ]
INFO: [ view_parse ] --START--
INFO: [ template_filter ] --START--
INFO: Run Behavior\ContentReplaceBehavior [ RunTime:0.000000s ]
INFO: [ template_filter ] --END-- [ RunTime:0.000000s ]
NOTIC: [8] Undefined index: title F:\wamp\www\blog\Runtime\Cache\Home\b32b0210c07de47577ce2ed2cf7df3c0.php 第 23 行.
NOTIC: [8] Use of undefined constant commend - assumed 'commend' F:\wamp\www\blog\Runtime\Cache\Home\b32b0210c07de47577ce2ed2cf7df3c0.php 第 75 行.
NOTIC: [8] Use of undefined constant pic - assumed 'pic' F:\wamp\www\blog\Runtime\Cache\Home\b32b0210c07de47577ce2ed2cf7df3c0.php 第 80 行.
NOTIC: [8] Undefined index: name F:\wamp\www\blog\Runtime\Cache\Home\b32b0210c07de47577ce2ed2cf7df3c0.php 第 91 行.
NOTIC: [8] Use of undefined constant commend - assumed 'commend' F:\wamp\www\blog\Runtime\Cache\Home\b32b0210c07de47577ce2ed2cf7df3c0.php 第 75 行.
NOTIC: [8] Use of undefined constant pic - assumed 'pic' F:\wamp\www\blog\Runtime\Cache\Home\b32b0210c07de47577ce2ed2cf7df3c0.php 第 80 行.
NOTIC: [8] Undefined index: name F:\wamp\www\blog\Runtime\Cache\Home\b32b0210c07de47577ce2ed2cf7df3c0.php 第 91 行.
NOTIC: [8] Use of undefined constant commend - assumed 'commend' F:\wamp\www\blog\Runtime\Cache\Home\b32b0210c07de47577ce2ed2cf7df3c0.php 第 75 行.
NOTIC: [8] Use of undefined constant pic - assumed 'pic' F:\wamp\www\blog\Runtime\Cache\Home\b32b0210c07de47577ce2ed2cf7df3c0.php 第 80 行.
NOTIC: [8] Undefined index: name F:\wamp\www\blog\Runtime\Cache\Home\b32b0210c07de47577ce2ed2cf7df3c0.php 第 91 行.
NOTIC: [8] Use of undefined constant pic - assumed 'pic' F:\wamp\www\blog\Runtime\Cache\Home\b32b0210c07de47577ce2ed2cf7df3c0.php 第 127 行.
NOTIC: [8] Use of undefined constant pic - assumed 'pic' F:\wamp\www\blog\Runtime\Cache\Home\b32b0210c07de47577ce2ed2cf7df3c0.php 第 127 行.
NOTIC: [8] Use of undefined constant pic - assumed 'pic' F:\wamp\www\blog\Runtime\Cache\Home\b32b0210c07de47577ce2ed2cf7df3c0.php 第 127 行.
INFO: Run Behavior\ParseTemplateBehavior [ RunTime:0.058003s ]
INFO: [ view_parse ] --END-- [ RunTime:0.058003s ]
INFO: [ view_filter ] --START--
INFO: Run Behavior\WriteHtmlCacheBehavior [ RunTime:0.001000s ]
INFO: [ view_filter ] --END-- [ RunTime:0.001000s ]
INFO: [ app_end ] --START--
INFO: Run Behavior\ShowPageTraceBehavior [ RunTime:0.000000s ]
INFO: [ app_end ] --END-- [ RunTime:0.000000s ]

[ 2018-03-29T10:14:21+08:00 ] ::1 /blog/index.php?m=home&c=index&a=part&id=1
INFO: [ app_init ] --START--
INFO: Run Behavior\BuildLiteBehavior [ RunTime:0.000000s ]
INFO: [ app_init ] --END-- [ RunTime:0.001000s ]
INFO: [ app_begin ] --START--
INFO: Run Behavior\ReadHtmlCacheBehavior [ RunTime:0.000000s ]
INFO: [ app_begin ] --END-- [ RunTime:0.000000s ]
SQL: SHOW COLUMNS FROM `tpt_category` [ RunTime:0.0900s ]
SQL: SELECT * FROM `tpt_category` WHERE ( tid = 0 )  [ RunTime:0.0000s ]
SQL: SELECT * FROM `tpt_category` WHERE ( tid != 0 )  [ RunTime:0.0000s ]
SQL: SHOW COLUMNS FROM `tpt_article` [ RunTime:0.0160s ]
SQL: SELECT * FROM `tpt_article` WHERE `commend` = 1 AND `open` = 1 ORDER BY id DESC LIMIT 3   [ RunTime:0.0010s ]
SQL: SELECT * FROM `tpt_article` WHERE `choice` = 1 AND `open` = 1 ORDER BY id DESC LIMIT 3   [ RunTime:0.0010s ]
SQL: SHOW COLUMNS FROM `tpt_links` [ RunTime:0.0160s ]
SQL: SELECT * FROM `tpt_links`  [ RunTime:0.0010s ]
SQL: SHOW COLUMNS FROM `tpt_conf` [ RunTime:0.0150s ]
SQL: SELECT * FROM `tpt_conf` WHERE `id` = 1 LIMIT 1   [ RunTime:0.0010s ]
SQL: SELECT `id` FROM `tpt_category` WHERE ( tid=1 )  [ RunTime:0.0000s ]
SQL: SELECT COUNT(*) AS tp_count FROM `tpt_article` WHERE `open` = 1 AND `tid` IN ('2','3','1') LIMIT 1   [ RunTime:0.0010s ]
SQL: SELECT * FROM `tpt_article` WHERE `open` = 1 AND `tid` IN ('2','3','1') ORDER BY id DESC LIMIT 0,8   [ RunTime:0.0020s ]
INFO: [ view_parse ] --START--
INFO: [ template_filter ] --START--
INFO: Run Behavior\ContentReplaceBehavior [ RunTime:0.000000s ]
INFO: [ template_filter ] --END-- [ RunTime:0.000000s ]
NOTIC: [8] Undefined index: title F:\wamp\www\blog\Runtime\Cache\Home\b32b0210c07de47577ce2ed2cf7df3c0.php 第 23 行.
NOTIC: [8] Use of undefined constant commend - assumed 'commend' F:\wamp\www\blog\Runtime\Cache\Home\b32b0210c07de47577ce2ed2cf7df3c0.php 第 75 行.
NOTIC: [8] Use of undefined constant pic - assumed 'pic' F:\wamp\www\blog\Runtime\Cache\Home\b32b0210c07de47577ce2ed2cf7df3c0.php 第 80 行.
NOTIC: [8] Undefined index: name F:\wamp\www\blog\Runtime\Cache\Home\b32b0210c07de47577ce2ed2cf7df3c0.php 第 91 行.
NOTIC: [8] Use of undefined constant commend - assumed 'commend' F:\wamp\www\blog\Runtime\Cache\Home\b32b0210c07de47577ce2ed2cf7df3c0.php 第 75 行.
NOTIC: [8] Use of undefined constant pic - assumed 'pic' F:\wamp\www\blog\Runtime\Cache\Home\b32b0210c07de47577ce2ed2cf7df3c0.php 第 80 行.
NOTIC: [8] Undefined index: name F:\wamp\www\blog\Runtime\Cache\Home\b32b0210c07de47577ce2ed2cf7df3c0.php 第 91 行.
NOTIC: [8] Use of undefined constant commend - assumed 'commend' F:\wamp\www\blog\Runtime\Cache\Home\b32b0210c07de47577ce2ed2cf7df3c0.php 第 75 行.
NOTIC: [8] Use of undefined constant pic - assumed 'pic' F:\wamp\www\blog\Runtime\Cache\Home\b32b0210c07de47577ce2ed2cf7df3c0.php 第 80 行.
NOTIC: [8] Undefined index: name F:\wamp\www\blog\Runtime\Cache\Home\b32b0210c07de47577ce2ed2cf7df3c0.php 第 91 行.
NOTIC: [8] Use of undefined constant pic - assumed 'pic' F:\wamp\www\blog\Runtime\Cache\Home\b32b0210c07de47577ce2ed2cf7df3c0.php 第 127 行.
NOTIC: [8] Use of undefined constant pic - assumed 'pic' F:\wamp\www\blog\Runtime\Cache\Home\b32b0210c07de47577ce2ed2cf7df3c0.php 第 127 行.
NOTIC: [8] Use of undefined constant pic - assumed 'pic' F:\wamp\www\blog\Runtime\Cache\Home\b32b0210c07de47577ce2ed2cf7df3c0.php 第 127 行.
INFO: Run Behavior\ParseTemplateBehavior [ RunTime:0.035002s ]
INFO: [ view_parse ] --END-- [ RunTime:0.035002s ]
INFO: [ view_filter ] --START--
INFO: Run Behavior\WriteHtmlCacheBehavior [ RunTime:0.000000s ]
INFO: [ view_filter ] --END-- [ RunTime:0.000000s ]
INFO: [ app_end ] --START--
INFO: Run Behavior\ShowPageTraceBehavior [ RunTime:0.000000s ]
INFO: [ app_end ] --END-- [ RunTime:0.001000s ]

[ 2018-03-29T10:14:39+08:00 ] ::1 /blog/index.php?m=home&c=index&a=part&id=1
INFO: [ app_init ] --START--
INFO: Run Behavior\BuildLiteBehavior [ RunTime:0.000000s ]
INFO: [ app_init ] --END-- [ RunTime:0.001001s ]
INFO: [ app_begin ] --START--
INFO: Run Behavior\ReadHtmlCacheBehavior [ RunTime:0.000000s ]
INFO: [ app_begin ] --END-- [ RunTime:0.000000s ]
SQL: SHOW COLUMNS FROM `tpt_category` [ RunTime:0.0150s ]
SQL: SELECT * FROM `tpt_category` WHERE ( tid = 0 )  [ RunTime:0.0010s ]
SQL: SELECT * FROM `tpt_category` WHERE ( tid != 0 )  [ RunTime:0.0010s ]
SQL: SHOW COLUMNS FROM `tpt_article` [ RunTime:0.0140s ]
SQL: SELECT * FROM `tpt_article` WHERE `commend` = 1 AND `open` = 1 ORDER BY id DESC LIMIT 3   [ RunTime:0.0010s ]
SQL: SELECT * FROM `tpt_article` WHERE `choice` = 1 AND `open` = 1 ORDER BY id DESC LIMIT 3   [ RunTime:0.0010s ]
SQL: SHOW COLUMNS FROM `tpt_links` [ RunTime:0.0140s ]
SQL: SELECT * FROM `tpt_links`  [ RunTime:0.0010s ]
SQL: SHOW COLUMNS FROM `tpt_conf` [ RunTime:0.0130s ]
SQL: SELECT * FROM `tpt_conf` WHERE `id` = 1 LIMIT 1   [ RunTime:0.0010s ]
SQL: SELECT `id` FROM `tpt_category` WHERE ( tid=1 )  [ RunTime:0.0000s ]
SQL: SELECT COUNT(*) AS tp_count FROM `tpt_article` WHERE `open` = 1 AND `tid` IN ('2','3','1') LIMIT 1   [ RunTime:0.0000s ]
SQL: SELECT * FROM `tpt_article` WHERE `open` = 1 AND `tid` IN ('2','3','1') ORDER BY id DESC LIMIT 0,8   [ RunTime:0.0020s ]
INFO: [ view_parse ] --START--
INFO: [ template_filter ] --START--
INFO: Run Behavior\ContentReplaceBehavior [ RunTime:0.000000s ]
INFO: [ template_filter ] --END-- [ RunTime:0.001000s ]
NOTIC: [8] Undefined index: title F:\wamp\www\blog\Runtime\Cache\Home\b32b0210c07de47577ce2ed2cf7df3c0.php 第 23 行.
NOTIC: [8] Use of undefined constant commend - assumed 'commend' F:\wamp\www\blog\Runtime\Cache\Home\b32b0210c07de47577ce2ed2cf7df3c0.php 第 75 行.
NOTIC: [8] Use of undefined constant pic - assumed 'pic' F:\wamp\www\blog\Runtime\Cache\Home\b32b0210c07de47577ce2ed2cf7df3c0.php 第 80 行.
NOTIC: [8] Undefined index: name F:\wamp\www\blog\Runtime\Cache\Home\b32b0210c07de47577ce2ed2cf7df3c0.php 第 91 行.
NOTIC: [8] Use of undefined constant commend - assumed 'commend' F:\wamp\www\blog\Runtime\Cache\Home\b32b0210c07de47577ce2ed2cf7df3c0.php 第 75 行.
NOTIC: [8] Use of undefined constant pic - assumed 'pic' F:\wamp\www\blog\Runtime\Cache\Home\b32b0210c07de47577ce2ed2cf7df3c0.php 第 80 行.
NOTIC: [8] Undefined index: name F:\wamp\www\blog\Runtime\Cache\Home\b32b0210c07de47577ce2ed2cf7df3c0.php 第 91 行.
NOTIC: [8] Use of undefined constant commend - assumed 'commend' F:\wamp\www\blog\Runtime\Cache\Home\b32b0210c07de47577ce2ed2cf7df3c0.php 第 75 行.
NOTIC: [8] Use of undefined constant pic - assumed 'pic' F:\wamp\www\blog\Runtime\Cache\Home\b32b0210c07de47577ce2ed2cf7df3c0.php 第 80 行.
NOTIC: [8] Undefined index: name F:\wamp\www\blog\Runtime\Cache\Home\b32b0210c07de47577ce2ed2cf7df3c0.php 第 91 行.
NOTIC: [8] Use of undefined constant pic - assumed 'pic' F:\wamp\www\blog\Runtime\Cache\Home\b32b0210c07de47577ce2ed2cf7df3c0.php 第 127 行.
NOTIC: [8] Use of undefined constant pic - assumed 'pic' F:\wamp\www\blog\Runtime\Cache\Home\b32b0210c07de47577ce2ed2cf7df3c0.php 第 127 行.
NOTIC: [8] Use of undefined constant pic - assumed 'pic' F:\wamp\www\blog\Runtime\Cache\Home\b32b0210c07de47577ce2ed2cf7df3c0.php 第 127 行.
INFO: Run Behavior\ParseTemplateBehavior [ RunTime:0.041003s ]
INFO: [ view_parse ] --END-- [ RunTime:0.041003s ]
INFO: [ view_filter ] --START--
INFO: Run Behavior\WriteHtmlCacheBehavior [ RunTime:0.000000s ]
INFO: [ view_filter ] --END-- [ RunTime:0.001000s ]
INFO: [ app_end ] --START--
INFO: Run Behavior\ShowPageTraceBehavior [ RunTime:0.001000s ]
INFO: [ app_end ] --END-- [ RunTime:0.001000s ]

[ 2018-03-29T10:14:45+08:00 ] ::1 /blog/index.php?m=homes&c=index&a=part&id=1
INFO: [ app_init ] --START--
INFO: Run Behavior\BuildLiteBehavior [ RunTime:0.000000s ]
INFO: [ app_init ] --END-- [ RunTime:0.001000s ]
INFO: [ app_begin ] --START--
INFO: Run Behavior\ReadHtmlCacheBehavior [ RunTime:0.001000s ]
INFO: [ app_begin ] --END-- [ RunTime:0.001000s ]
SQL: SHOW COLUMNS FROM `tpt_category` [ RunTime:0.0140s ]
SQL: SELECT * FROM `tpt_category` WHERE ( tid = 0 )  [ RunTime:0.0010s ]
SQL: SELECT * FROM `tpt_category` WHERE ( tid != 0 )  [ RunTime:0.0020s ]
SQL: SHOW COLUMNS FROM `tpt_article` [ RunTime:0.0140s ]
SQL: SELECT * FROM `tpt_article` WHERE `commend` = 1 AND `open` = 1 ORDER BY id DESC LIMIT 3   [ RunTime:0.0030s ]
SQL: SELECT * FROM `tpt_article` WHERE `choice` = 1 AND `open` = 1 ORDER BY id DESC LIMIT 3   [ RunTime:0.0010s ]
SQL: SHOW COLUMNS FROM `tpt_links` [ RunTime:0.0170s ]
SQL: SELECT * FROM `tpt_links`  [ RunTime:0.0020s ]
SQL: SHOW COLUMNS FROM `tpt_conf` [ RunTime:0.0160s ]
SQL: SELECT * FROM `tpt_conf` WHERE `id` = 1 LIMIT 1   [ RunTime:0.0010s ]
SQL: SELECT `id` FROM `tpt_category` WHERE ( tid=1 )  [ RunTime:0.0000s ]
SQL: SELECT COUNT(*) AS tp_count FROM `tpt_article` WHERE `open` = 1 AND `tid` IN ('2','3','1') LIMIT 1   [ RunTime:0.0010s ]
SQL: SELECT * FROM `tpt_article` WHERE `open` = 1 AND `tid` IN ('2','3','1') ORDER BY id DESC LIMIT 0,8   [ RunTime:0.0040s ]
INFO: [ view_parse ] --START--
INFO: [ template_filter ] --START--
INFO: Run Behavior\ContentReplaceBehavior [ RunTime:0.000000s ]
INFO: [ template_filter ] --END-- [ RunTime:0.000000s ]
NOTIC: [8] Undefined index: title F:\wamp\www\blog\Runtime\Cache\Home\b32b0210c07de47577ce2ed2cf7df3c0.php 第 23 行.
NOTIC: [8] Use of undefined constant commend - assumed 'commend' F:\wamp\www\blog\Runtime\Cache\Home\b32b0210c07de47577ce2ed2cf7df3c0.php 第 75 行.
NOTIC: [8] Use of undefined constant pic - assumed 'pic' F:\wamp\www\blog\Runtime\Cache\Home\b32b0210c07de47577ce2ed2cf7df3c0.php 第 80 行.
NOTIC: [8] Undefined index: name F:\wamp\www\blog\Runtime\Cache\Home\b32b0210c07de47577ce2ed2cf7df3c0.php 第 91 行.
NOTIC: [8] Use of undefined constant commend - assumed 'commend' F:\wamp\www\blog\Runtime\Cache\Home\b32b0210c07de47577ce2ed2cf7df3c0.php 第 75 行.
NOTIC: [8] Use of undefined constant pic - assumed 'pic' F:\wamp\www\blog\Runtime\Cache\Home\b32b0210c07de47577ce2ed2cf7df3c0.php 第 80 行.
NOTIC: [8] Undefined index: name F:\wamp\www\blog\Runtime\Cache\Home\b32b0210c07de47577ce2ed2cf7df3c0.php 第 91 行.
NOTIC: [8] Use of undefined constant commend - assumed 'commend' F:\wamp\www\blog\Runtime\Cache\Home\b32b0210c07de47577ce2ed2cf7df3c0.php 第 75 行.
NOTIC: [8] Use of undefined constant pic - assumed 'pic' F:\wamp\www\blog\Runtime\Cache\Home\b32b0210c07de47577ce2ed2cf7df3c0.php 第 80 行.
NOTIC: [8] Undefined index: name F:\wamp\www\blog\Runtime\Cache\Home\b32b0210c07de47577ce2ed2cf7df3c0.php 第 91 行.
NOTIC: [8] Use of undefined constant pic - assumed 'pic' F:\wamp\www\blog\Runtime\Cache\Home\b32b0210c07de47577ce2ed2cf7df3c0.php 第 127 行.
NOTIC: [8] Use of undefined constant pic - assumed 'pic' F:\wamp\www\blog\Runtime\Cache\Home\b32b0210c07de47577ce2ed2cf7df3c0.php 第 127 行.
NOTIC: [8] Use of undefined constant pic - assumed 'pic' F:\wamp\www\blog\Runtime\Cache\Home\b32b0210c07de47577ce2ed2cf7df3c0.php 第 127 行.
INFO: Run Behavior\ParseTemplateBehavior [ RunTime:0.038003s ]
INFO: [ view_parse ] --END-- [ RunTime:0.038003s ]
INFO: [ view_filter ] --START--
INFO: Run Behavior\WriteHtmlCacheBehavior [ RunTime:0.001000s ]
INFO: [ view_filter ] --END-- [ RunTime:0.001000s ]
INFO: [ app_end ] --START--
INFO: Run Behavior\ShowPageTraceBehavior [ RunTime:0.001000s ]
INFO: [ app_end ] --END-- [ RunTime:0.001000s ]

[ 2018-03-29T10:14:58+08:00 ] ::1 /blog/index.php?m=home&c=indexd&a=part&id=1
INFO: [ app_init ] --START--
INFO: Run Behavior\BuildLiteBehavior [ RunTime:0.000000s ]
INFO: [ app_init ] --END-- [ RunTime:0.002000s ]
INFO: [ app_begin ] --START--
INFO: Run Behavior\ReadHtmlCacheBehavior [ RunTime:0.000000s ]
INFO: [ app_begin ] --END-- [ RunTime:0.001000s ]
ERR: 无法加载控制器:Indexd

