[ 2018-03-26T10:04:00+08:00 ] ::1 /blog/
INFO: [ app_init ] --START--
INFO: Run Behavior\BuildLiteBehavior [ RunTime:0.000000s ]
INFO: [ app_init ] --END-- [ RunTime:0.002000s ]
INFO: [ app_begin ] --START--
INFO: Run Behavior\ReadHtmlCacheBehavior [ RunTime:0.001000s ]
INFO: [ app_begin ] --END-- [ RunTime:0.001000s ]
SQL: SHOW COLUMNS FROM `tpt_category` [ RunTime:0.0270s ]
SQL: SELECT * FROM `tpt_category` WHERE ( tid = 0 )  [ RunTime:0.0010s ]
SQL: SELECT * FROM `tpt_category` WHERE ( tid != 0 )  [ RunTime:0.0010s ]
SQL: SHOW COLUMNS FROM `tpt_article` [ RunTime:0.0180s ]
SQL: SELECT * FROM `tpt_article` WHERE `commend` = 1 AND `open` = 1 ORDER BY id DESC LIMIT 3   [ RunTime:0.0160s ]
SQL: SELECT * FROM `tpt_article` WHERE `choice` = 1 AND `open` = 1 ORDER BY id DESC LIMIT 3   [ RunTime:0.0020s ]
SQL: SHOW COLUMNS FROM `tpt_links` [ RunTime:0.0200s ]
SQL: SELECT * FROM `tpt_links`  [ RunTime:0.0010s ]
SQL: SHOW COLUMNS FROM `tpt_conf` [ RunTime:0.0210s ]
SQL: SELECT * FROM `tpt_conf` WHERE `id` = 1 LIMIT 1   [ RunTime:0.0010s ]
SQL: SHOW COLUMNS FROM `tpt_banner` [ RunTime:0.0120s ]
SQL: SELECT * FROM `tpt_banner` WHERE `id` = 1 LIMIT 1   [ RunTime:0.0010s ]
SQL: SHOW COLUMNS FROM `tpt_article` [ RunTime:0.0100s ]
SQL: SHOW COLUMNS FROM `tpt_category` [ RunTime:0.0110s ]
SQL: SELECT COUNT(*) AS tp_count FROM tpt_article article LEFT JOIN tpt_category category ON article.tid=category.id WHERE article.open = 1 LIMIT 1   [ RunTime:0.0010s ]
SQL: SELECT article.id AS id,article.title AS title,article.author AS author,article.view AS view,article.description AS description,article.keywords AS keywords,article.pic AS pic,article.commend AS commend,article.choice AS choice,article.time AS time,article.open AS open,category.name AS name,category.type AS type FROM tpt_article article LEFT JOIN tpt_category category ON article.tid=category.id WHERE article.open = 1 ORDER BY article.id DESC LIMIT 0,6   [ RunTime:0.0010s ]
INFO: [ view_parse ] --START--
INFO: [ template_filter ] --START--
INFO: Run Behavior\ContentReplaceBehavior [ RunTime:0.005000s ]
INFO: [ template_filter ] --END-- [ RunTime:0.006000s ]
NOTIC: [8] Undefined index: title F:\wamp\www\blog\Runtime\Cache\Home\aa448f930e00a2c77d5751c6f186e91a.php 第 23 行.
NOTIC: [8] Use of undefined constant commend - assumed 'commend' F:\wamp\www\blog\Runtime\Cache\Home\aa448f930e00a2c77d5751c6f186e91a.php 第 94 行.
NOTIC: [8] Use of undefined constant pic - assumed 'pic' F:\wamp\www\blog\Runtime\Cache\Home\aa448f930e00a2c77d5751c6f186e91a.php 第 99 行.
NOTIC: [8] Use of undefined constant commend - assumed 'commend' F:\wamp\www\blog\Runtime\Cache\Home\aa448f930e00a2c77d5751c6f186e91a.php 第 94 行.
NOTIC: [8] Use of undefined constant pic - assumed 'pic' F:\wamp\www\blog\Runtime\Cache\Home\aa448f930e00a2c77d5751c6f186e91a.php 第 99 行.
NOTIC: [8] Use of undefined constant commend - assumed 'commend' F:\wamp\www\blog\Runtime\Cache\Home\aa448f930e00a2c77d5751c6f186e91a.php 第 94 行.
NOTIC: [8] Use of undefined constant pic - assumed 'pic' F:\wamp\www\blog\Runtime\Cache\Home\aa448f930e00a2c77d5751c6f186e91a.php 第 99 行.
NOTIC: [8] Use of undefined constant commend - assumed 'commend' F:\wamp\www\blog\Runtime\Cache\Home\aa448f930e00a2c77d5751c6f186e91a.php 第 94 行.
NOTIC: [8] Use of undefined constant pic - assumed 'pic' F:\wamp\www\blog\Runtime\Cache\Home\aa448f930e00a2c77d5751c6f186e91a.php 第 99 行.
NOTIC: [8] Use of undefined constant commend - assumed 'commend' F:\wamp\www\blog\Runtime\Cache\Home\aa448f930e00a2c77d5751c6f186e91a.php 第 94 行.
NOTIC: [8] Use of undefined constant pic - assumed 'pic' F:\wamp\www\blog\Runtime\Cache\Home\aa448f930e00a2c77d5751c6f186e91a.php 第 99 行.
NOTIC: [8] Use of undefined constant commend - assumed 'commend' F:\wamp\www\blog\Runtime\Cache\Home\aa448f930e00a2c77d5751c6f186e91a.php 第 94 行.
NOTIC: [8] Use of undefined constant pic - assumed 'pic' F:\wamp\www\blog\Runtime\Cache\Home\aa448f930e00a2c77d5751c6f186e91a.php 第 99 行.
NOTIC: [8] Use of undefined constant pic - assumed 'pic' F:\wamp\www\blog\Runtime\Cache\Home\aa448f930e00a2c77d5751c6f186e91a.php 第 146 行.
NOTIC: [8] Use of undefined constant pic - assumed 'pic' F:\wamp\www\blog\Runtime\Cache\Home\aa448f930e00a2c77d5751c6f186e91a.php 第 146 行.
NOTIC: [8] Use of undefined constant pic - assumed 'pic' F:\wamp\www\blog\Runtime\Cache\Home\aa448f930e00a2c77d5751c6f186e91a.php 第 146 行.
INFO: Run Behavior\ParseTemplateBehavior [ RunTime:0.269016s ]
INFO: [ view_parse ] --END-- [ RunTime:0.269016s ]
INFO: [ view_filter ] --START--
INFO: Run Behavior\WriteHtmlCacheBehavior [ RunTime:0.007000s ]
INFO: [ view_filter ] --END-- [ RunTime:0.007000s ]
INFO: [ app_end ] --START--
INFO: Run Behavior\ShowPageTraceBehavior [ RunTime:0.013001s ]
INFO: [ app_end ] --END-- [ RunTime:0.013001s ]

[ 2018-03-26T10:04:38+08:00 ] ::1 /blog/index.php
INFO: [ app_init ] --START--
INFO: Run Behavior\BuildLiteBehavior [ RunTime:0.000000s ]
INFO: [ app_init ] --END-- [ RunTime:0.001000s ]
INFO: [ app_begin ] --START--
INFO: Run Behavior\ReadHtmlCacheBehavior [ RunTime:0.000000s ]
INFO: [ app_begin ] --END-- [ RunTime:0.001000s ]
SQL: SHOW COLUMNS FROM `tpt_category` [ RunTime:0.0130s ]
SQL: SELECT * FROM `tpt_category` WHERE ( tid = 0 )  [ RunTime:0.0030s ]
SQL: SELECT * FROM `tpt_category` WHERE ( tid != 0 )  [ RunTime:0.0010s ]
SQL: SHOW COLUMNS FROM `tpt_article` [ RunTime:0.0230s ]
SQL: SELECT * FROM `tpt_article` WHERE `commend` = 1 AND `open` = 1 ORDER BY id DESC LIMIT 3   [ RunTime:0.0040s ]
SQL: SELECT * FROM `tpt_article` WHERE `choice` = 1 AND `open` = 1 ORDER BY id DESC LIMIT 3   [ RunTime:0.0010s ]
SQL: SHOW COLUMNS FROM `tpt_links` [ RunTime:0.0120s ]
SQL: SELECT * FROM `tpt_links`  [ RunTime:0.0020s ]
SQL: SHOW COLUMNS FROM `tpt_conf` [ RunTime:0.0160s ]
SQL: SELECT * FROM `tpt_conf` WHERE `id` = 1 LIMIT 1   [ RunTime:0.0010s ]
SQL: SHOW COLUMNS FROM `tpt_banner` [ RunTime:0.0140s ]
SQL: SELECT * FROM `tpt_banner` WHERE `id` = 1 LIMIT 1   [ RunTime:0.0010s ]
SQL: SHOW COLUMNS FROM `tpt_article` [ RunTime:0.0140s ]
SQL: SHOW COLUMNS FROM `tpt_category` [ RunTime:0.0150s ]
SQL: SELECT COUNT(*) AS tp_count FROM tpt_article article LEFT JOIN tpt_category category ON article.tid=category.id WHERE article.open = 1 LIMIT 1   [ RunTime:0.0010s ]
SQL: SELECT article.id AS id,article.title AS title,article.author AS author,article.view AS view,article.description AS description,article.keywords AS keywords,article.pic AS pic,article.commend AS commend,article.choice AS choice,article.time AS time,article.open AS open,category.name AS name,category.type AS type FROM tpt_article article LEFT JOIN tpt_category category ON article.tid=category.id WHERE article.open = 1 ORDER BY article.id DESC LIMIT 0,6   [ RunTime:0.0020s ]
INFO: [ view_parse ] --START--
INFO: [ template_filter ] --START--
INFO: Run Behavior\ContentReplaceBehavior [ RunTime:0.000000s ]
INFO: [ template_filter ] --END-- [ RunTime:0.000000s ]
NOTIC: [8] Undefined index: title F:\wamp\www\blog\Runtime\Cache\Home\aa448f930e00a2c77d5751c6f186e91a.php 第 23 行.
NOTIC: [8] Use of undefined constant commend - assumed 'commend' F:\wamp\www\blog\Runtime\Cache\Home\aa448f930e00a2c77d5751c6f186e91a.php 第 94 行.
NOTIC: [8] Use of undefined constant pic - assumed 'pic' F:\wamp\www\blog\Runtime\Cache\Home\aa448f930e00a2c77d5751c6f186e91a.php 第 99 行.
NOTIC: [8] Use of undefined constant commend - assumed 'commend' F:\wamp\www\blog\Runtime\Cache\Home\aa448f930e00a2c77d5751c6f186e91a.php 第 94 行.
NOTIC: [8] Use of undefined constant pic - assumed 'pic' F:\wamp\www\blog\Runtime\Cache\Home\aa448f930e00a2c77d5751c6f186e91a.php 第 99 行.
NOTIC: [8] Use of undefined constant commend - assumed 'commend' F:\wamp\www\blog\Runtime\Cache\Home\aa448f930e00a2c77d5751c6f186e91a.php 第 94 行.
NOTIC: [8] Use of undefined constant pic - assumed 'pic' F:\wamp\www\blog\Runtime\Cache\Home\aa448f930e00a2c77d5751c6f186e91a.php 第 99 行.
NOTIC: [8] Use of undefined constant commend - assumed 'commend' F:\wamp\www\blog\Runtime\Cache\Home\aa448f930e00a2c77d5751c6f186e91a.php 第 94 行.
NOTIC: [8] Use of undefined constant pic - assumed 'pic' F:\wamp\www\blog\Runtime\Cache\Home\aa448f930e00a2c77d5751c6f186e91a.php 第 99 行.
NOTIC: [8] Use of undefined constant commend - assumed 'commend' F:\wamp\www\blog\Runtime\Cache\Home\aa448f930e00a2c77d5751c6f186e91a.php 第 94 行.
NOTIC: [8] Use of undefined constant pic - assumed 'pic' F:\wamp\www\blog\Runtime\Cache\Home\aa448f930e00a2c77d5751c6f186e91a.php 第 99 行.
NOTIC: [8] Use of undefined constant commend - assumed 'commend' F:\wamp\www\blog\Runtime\Cache\Home\aa448f930e00a2c77d5751c6f186e91a.php 第 94 行.
NOTIC: [8] Use of undefined constant pic - assumed 'pic' F:\wamp\www\blog\Runtime\Cache\Home\aa448f930e00a2c77d5751c6f186e91a.php 第 99 行.
NOTIC: [8] Use of undefined constant pic - assumed 'pic' F:\wamp\www\blog\Runtime\Cache\Home\aa448f930e00a2c77d5751c6f186e91a.php 第 146 行.
NOTIC: [8] Use of undefined constant pic - assumed 'pic' F:\wamp\www\blog\Runtime\Cache\Home\aa448f930e00a2c77d5751c6f186e91a.php 第 146 行.
NOTIC: [8] Use of undefined constant pic - assumed 'pic' F:\wamp\www\blog\Runtime\Cache\Home\aa448f930e00a2c77d5751c6f186e91a.php 第 146 行.
INFO: Run Behavior\ParseTemplateBehavior [ RunTime:0.051003s ]
INFO: [ view_parse ] --END-- [ RunTime:0.051003s ]
INFO: [ view_filter ] --START--
INFO: Run Behavior\WriteHtmlCacheBehavior [ RunTime:0.001000s ]
INFO: [ view_filter ] --END-- [ RunTime:0.001000s ]
INFO: [ app_end ] --START--
INFO: Run Behavior\ShowPageTraceBehavior [ RunTime:0.001000s ]
INFO: [ app_end ] --END-- [ RunTime:0.001000s ]

[ 2018-03-26T10:04:40+08:00 ] ::1 /blog/index.php?m=home&c=index&a=part&id=8
INFO: [ app_init ] --START--
INFO: Run Behavior\BuildLiteBehavior [ RunTime:0.000000s ]
INFO: [ app_init ] --END-- [ RunTime:0.000000s ]
INFO: [ app_begin ] --START--
INFO: Run Behavior\ReadHtmlCacheBehavior [ RunTime:0.000000s ]
INFO: [ app_begin ] --END-- [ RunTime:0.001000s ]
SQL: SHOW COLUMNS FROM `tpt_category` [ RunTime:0.0220s ]
SQL: SELECT * FROM `tpt_category` WHERE ( tid = 0 )  [ RunTime:0.0010s ]
SQL: SELECT * FROM `tpt_category` WHERE ( tid != 0 )  [ RunTime:0.0020s ]
SQL: SHOW COLUMNS FROM `tpt_article` [ RunTime:0.0130s ]
SQL: SELECT * FROM `tpt_article` WHERE `commend` = 1 AND `open` = 1 ORDER BY id DESC LIMIT 3   [ RunTime:0.0020s ]
SQL: SELECT * FROM `tpt_article` WHERE `choice` = 1 AND `open` = 1 ORDER BY id DESC LIMIT 3   [ RunTime:0.0010s ]
SQL: SHOW COLUMNS FROM `tpt_links` [ RunTime:0.0120s ]
SQL: SELECT * FROM `tpt_links`  [ RunTime:0.0020s ]
SQL: SHOW COLUMNS FROM `tpt_conf` [ RunTime:0.0120s ]
SQL: SELECT * FROM `tpt_conf` WHERE `id` = 1 LIMIT 1   [ RunTime:0.0010s ]
SQL: SELECT `id` FROM `tpt_category` WHERE ( tid=8 )  [ RunTime:0.0000s ]
NOTIC: [8] Undefined variable: idmun F:\wamp\www\blog\Application\Home\Controller\IndexController.class.php 第 195 行.
SQL: SELECT COUNT(*) AS tp_count FROM `tpt_article` WHERE `open` = 1 AND `tid` IN ('8') LIMIT 1   [ RunTime:0.0000s ]
SQL: SELECT * FROM `tpt_article` WHERE `open` = 1 AND `tid` IN ('8') ORDER BY id DESC LIMIT 0,8   [ RunTime:0.0010s ]
INFO: [ view_parse ] --START--
INFO: [ template_filter ] --START--
INFO: Run Behavior\ContentReplaceBehavior [ RunTime:0.000000s ]
INFO: [ template_filter ] --END-- [ RunTime:0.000000s ]
NOTIC: [8] Undefined index: title F:\wamp\www\blog\Runtime\Cache\Home\b32b0210c07de47577ce2ed2cf7df3c0.php 第 23 行.
NOTIC: [8] Use of undefined constant commend - assumed 'commend' F:\wamp\www\blog\Runtime\Cache\Home\b32b0210c07de47577ce2ed2cf7df3c0.php 第 75 行.
NOTIC: [8] Use of undefined constant pic - assumed 'pic' F:\wamp\www\blog\Runtime\Cache\Home\b32b0210c07de47577ce2ed2cf7df3c0.php 第 80 行.
NOTIC: [8] Undefined index: name F:\wamp\www\blog\Runtime\Cache\Home\b32b0210c07de47577ce2ed2cf7df3c0.php 第 91 行.
NOTIC: [8] Use of undefined constant commend - assumed 'commend' F:\wamp\www\blog\Runtime\Cache\Home\b32b0210c07de47577ce2ed2cf7df3c0.php 第 75 行.
NOTIC: [8] Use of undefined constant pic - assumed 'pic' F:\wamp\www\blog\Runtime\Cache\Home\b32b0210c07de47577ce2ed2cf7df3c0.php 第 80 行.
NOTIC: [8] Undefined index: name F:\wamp\www\blog\Runtime\Cache\Home\b32b0210c07de47577ce2ed2cf7df3c0.php 第 91 行.
NOTIC: [8] Use of undefined constant pic - assumed 'pic' F:\wamp\www\blog\Runtime\Cache\Home\b32b0210c07de47577ce2ed2cf7df3c0.php 第 127 行.
NOTIC: [8] Use of undefined constant pic - assumed 'pic' F:\wamp\www\blog\Runtime\Cache\Home\b32b0210c07de47577ce2ed2cf7df3c0.php 第 127 行.
NOTIC: [8] Use of undefined constant pic - assumed 'pic' F:\wamp\www\blog\Runtime\Cache\Home\b32b0210c07de47577ce2ed2cf7df3c0.php 第 127 行.
INFO: Run Behavior\ParseTemplateBehavior [ RunTime:0.066004s ]
INFO: [ view_parse ] --END-- [ RunTime:0.066004s ]
INFO: [ view_filter ] --START--
INFO: Run Behavior\WriteHtmlCacheBehavior [ RunTime:0.001000s ]
INFO: [ view_filter ] --END-- [ RunTime:0.001000s ]
INFO: [ app_end ] --START--
INFO: Run Behavior\ShowPageTraceBehavior [ RunTime:0.001000s ]
INFO: [ app_end ] --END-- [ RunTime:0.001000s ]

[ 2018-03-26T10:34:42+08:00 ] ::1 /blog/index.php?m=home&c=index&a=part&id=8
INFO: [ app_init ] --START--
INFO: Run Behavior\BuildLiteBehavior [ RunTime:0.000000s ]
INFO: [ app_init ] --END-- [ RunTime:0.001000s ]
INFO: [ app_begin ] --START--
INFO: Run Behavior\ReadHtmlCacheBehavior [ RunTime:0.000000s ]
INFO: [ app_begin ] --END-- [ RunTime:0.000000s ]
SQL: SHOW COLUMNS FROM `tpt_category` [ RunTime:0.0110s ]
SQL: SELECT * FROM `tpt_category` WHERE ( tid = 0 )  [ RunTime:0.0010s ]
SQL: SELECT * FROM `tpt_category` WHERE ( tid != 0 )  [ RunTime:0.0000s ]
SQL: SHOW COLUMNS FROM `tpt_article` [ RunTime:0.0110s ]
SQL: SELECT * FROM `tpt_article` WHERE `commend` = 1 AND `open` = 1 ORDER BY id DESC LIMIT 3   [ RunTime:0.0010s ]
SQL: SELECT * FROM `tpt_article` WHERE `choice` = 1 AND `open` = 1 ORDER BY id DESC LIMIT 3   [ RunTime:0.0010s ]
SQL: SHOW COLUMNS FROM `tpt_links` [ RunTime:0.0090s ]
SQL: SELECT * FROM `tpt_links`  [ RunTime:0.0010s ]
SQL: SHOW COLUMNS FROM `tpt_conf` [ RunTime:0.0100s ]
SQL: SELECT * FROM `tpt_conf` WHERE `id` = 1 LIMIT 1   [ RunTime:0.0010s ]
SQL: SELECT `id` FROM `tpt_category` WHERE ( tid=8 )  [ RunTime:0.0010s ]
NOTIC: [8] Undefined variable: idmun F:\wamp\www\blog\Application\Home\Controller\IndexController.class.php 第 195 行.
SQL: SELECT COUNT(*) AS tp_count FROM `tpt_article` WHERE `open` = 1 AND `tid` IN ('8') LIMIT 1   [ RunTime:0.0010s ]
SQL: SELECT * FROM `tpt_article` WHERE `open` = 1 AND `tid` IN ('8') ORDER BY id DESC LIMIT 0,8   [ RunTime:0.0010s ]
INFO: [ view_parse ] --START--
INFO: [ template_filter ] --START--
INFO: Run Behavior\ContentReplaceBehavior [ RunTime:0.000000s ]
INFO: [ template_filter ] --END-- [ RunTime:0.001000s ]
NOTIC: [8] Undefined index: title F:\wamp\www\blog\Runtime\Cache\Home\b32b0210c07de47577ce2ed2cf7df3c0.php 第 23 行.
NOTIC: [8] Use of undefined constant commend - assumed 'commend' F:\wamp\www\blog\Runtime\Cache\Home\b32b0210c07de47577ce2ed2cf7df3c0.php 第 75 行.
NOTIC: [8] Use of undefined constant pic - assumed 'pic' F:\wamp\www\blog\Runtime\Cache\Home\b32b0210c07de47577ce2ed2cf7df3c0.php 第 80 行.
NOTIC: [8] Undefined index: name F:\wamp\www\blog\Runtime\Cache\Home\b32b0210c07de47577ce2ed2cf7df3c0.php 第 91 行.
NOTIC: [8] Use of undefined constant pic - assumed 'pic' F:\wamp\www\blog\Runtime\Cache\Home\b32b0210c07de47577ce2ed2cf7df3c0.php 第 127 行.
NOTIC: [8] Use of undefined constant pic - assumed 'pic' F:\wamp\www\blog\Runtime\Cache\Home\b32b0210c07de47577ce2ed2cf7df3c0.php 第 127 行.
NOTIC: [8] Use of undefined constant pic - assumed 'pic' F:\wamp\www\blog\Runtime\Cache\Home\b32b0210c07de47577ce2ed2cf7df3c0.php 第 127 行.
INFO: Run Behavior\ParseTemplateBehavior [ RunTime:0.037002s ]
INFO: [ view_parse ] --END-- [ RunTime:0.037002s ]
INFO: [ view_filter ] --START--
INFO: Run Behavior\WriteHtmlCacheBehavior [ RunTime:0.000000s ]
INFO: [ view_filter ] --END-- [ RunTime:0.000000s ]
INFO: [ app_end ] --START--
INFO: Run Behavior\ShowPageTraceBehavior [ RunTime:0.000000s ]
INFO: [ app_end ] --END-- [ RunTime:0.000000s ]

[ 2018-03-26T10:34:44+08:00 ] ::1 /blog/index.php?m=home&c=index&a=article&id=7
INFO: [ app_init ] --START--
INFO: Run Behavior\BuildLiteBehavior [ RunTime:0.000000s ]
INFO: [ app_init ] --END-- [ RunTime:0.001000s ]
INFO: [ app_begin ] --START--
INFO: Run Behavior\ReadHtmlCacheBehavior [ RunTime:0.000000s ]
INFO: [ app_begin ] --END-- [ RunTime:0.001000s ]
SQL: SHOW COLUMNS FROM `tpt_category` [ RunTime:0.0090s ]
SQL: SELECT * FROM `tpt_category` WHERE ( tid = 0 )  [ RunTime:0.0000s ]
SQL: SELECT * FROM `tpt_category` WHERE ( tid != 0 )  [ RunTime:0.0000s ]
SQL: SHOW COLUMNS FROM `tpt_article` [ RunTime:0.0120s ]
SQL: SELECT * FROM `tpt_article` WHERE `commend` = 1 AND `open` = 1 ORDER BY id DESC LIMIT 3   [ RunTime:0.0030s ]
SQL: SELECT * FROM `tpt_article` WHERE `choice` = 1 AND `open` = 1 ORDER BY id DESC LIMIT 3   [ RunTime:0.0030s ]
SQL: SHOW COLUMNS FROM `tpt_links` [ RunTime:0.0100s ]
SQL: SELECT * FROM `tpt_links`  [ RunTime:0.0010s ]
SQL: SHOW COLUMNS FROM `tpt_conf` [ RunTime:0.0110s ]
SQL: SELECT * FROM `tpt_conf` WHERE `id` = 1 LIMIT 1   [ RunTime:0.0020s ]
SQL: SELECT * FROM `tpt_article` WHERE ( id = 7 ) AND `open` = 1 LIMIT 1   [ RunTime:0.0010s ]
SQL: UPDATE `tpt_article` SET `view`=view+1 WHERE ( id = 7 ) [ RunTime:0.0440s ]
SQL: SELECT * FROM `tpt_article` WHERE `id` = 7 LIMIT 1   [ RunTime:0.0010s ]
SQL: SELECT * FROM `tpt_category` WHERE ( id = 8 ) LIMIT 1   [ RunTime:0.0000s ]
INFO: [ view_parse ] --START--
INFO: [ template_filter ] --START--
INFO: Run Behavior\ContentReplaceBehavior [ RunTime:0.000000s ]
INFO: [ template_filter ] --END-- [ RunTime:0.001000s ]
NOTIC: [8] Undefined index: title F:\wamp\www\blog\Runtime\Cache\Home\d58be5712d74f334ac386227169db94b.php 第 23 行.
NOTIC: [8] Use of undefined constant pic - assumed 'pic' F:\wamp\www\blog\Runtime\Cache\Home\d58be5712d74f334ac386227169db94b.php 第 151 行.
NOTIC: [8] Use of undefined constant pic - assumed 'pic' F:\wamp\www\blog\Runtime\Cache\Home\d58be5712d74f334ac386227169db94b.php 第 151 行.
NOTIC: [8] Use of undefined constant pic - assumed 'pic' F:\wamp\www\blog\Runtime\Cache\Home\d58be5712d74f334ac386227169db94b.php 第 151 行.
INFO: Run Behavior\ParseTemplateBehavior [ RunTime:0.058003s ]
INFO: [ view_parse ] --END-- [ RunTime:0.058003s ]
INFO: [ view_filter ] --START--
INFO: Run Behavior\WriteHtmlCacheBehavior [ RunTime:0.001000s ]
INFO: [ view_filter ] --END-- [ RunTime:0.001000s ]
INFO: [ app_end ] --START--
INFO: Run Behavior\ShowPageTraceBehavior [ RunTime:0.001000s ]
INFO: [ app_end ] --END-- [ RunTime:0.001000s ]

