[ 2018-03-26T10:04:04+08:00 ] ::1 /blog/admin.php?m=Admin&c=links&a=index
INFO: [ app_init ] --START--
INFO: Run Behavior\BuildLiteBehavior [ RunTime:0.000000s ]
INFO: [ app_init ] --END-- [ RunTime:0.001000s ]
INFO: [ app_begin ] --START--
INFO: Run Behavior\ReadHtmlCacheBehavior [ RunTime:0.001000s ]
INFO: [ app_begin ] --END-- [ RunTime:0.001000s ]
SQL: SHOW COLUMNS FROM `tpt_member` [ RunTime:0.0890s ]
NOTIC: [8] Undefined index: username F:\wamp\www\blog\Application\Admin\Controller\CommonController.class.php 第 10 行.
SQL: SELECT * FROM `tpt_member` WHERE ( username = '%s' ) LIMIT 1   [ RunTime:0.0010s ]
NOTIC: [8] Undefined index: username F:\wamp\www\blog\Application\Admin\Controller\CommonController.class.php 第 11 行.
INFO: [ view_parse ] --START--
INFO: [ template_filter ] --START--
INFO: Run Behavior\ContentReplaceBehavior [ RunTime:0.000000s ]
INFO: [ template_filter ] --END-- [ RunTime:0.000000s ]
INFO: Run Behavior\ParseTemplateBehavior [ RunTime:0.050003s ]
INFO: [ view_parse ] --END-- [ RunTime:0.050003s ]
INFO: [ view_filter ] --START--
INFO: Run Behavior\WriteHtmlCacheBehavior [ RunTime:0.001000s ]
INFO: [ view_filter ] --END-- [ RunTime:0.001000s ]

[ 2018-03-26T10:04:06+08:00 ] ::1 /blog/admin.php/login/index.html
INFO: [ app_init ] --START--
INFO: Run Behavior\BuildLiteBehavior [ RunTime:0.000000s ]
INFO: [ app_init ] --END-- [ RunTime:0.000000s ]
INFO: [ app_begin ] --START--
INFO: Run Behavior\ReadHtmlCacheBehavior [ RunTime:0.001000s ]
INFO: [ app_begin ] --END-- [ RunTime:0.001000s ]
INFO: [ view_parse ] --START--
INFO: [ template_filter ] --START--
INFO: Run Behavior\ContentReplaceBehavior [ RunTime:0.000000s ]
INFO: [ template_filter ] --END-- [ RunTime:0.000000s ]
INFO: Run Behavior\ParseTemplateBehavior [ RunTime:0.013001s ]
INFO: [ view_parse ] --END-- [ RunTime:0.013001s ]
INFO: [ view_filter ] --START--
INFO: Run Behavior\WriteHtmlCacheBehavior [ RunTime:0.000000s ]
INFO: [ view_filter ] --END-- [ RunTime:0.000000s ]
INFO: [ app_end ] --START--
INFO: Run Behavior\ShowPageTraceBehavior [ RunTime:0.000000s ]
INFO: [ app_end ] --END-- [ RunTime:0.001000s ]

[ 2018-03-26T10:04:16+08:00 ] ::1 /blog/admin.php/login/checklogin.html
INFO: [ app_init ] --START--
INFO: Run Behavior\BuildLiteBehavior [ RunTime:0.000000s ]
INFO: [ app_init ] --END-- [ RunTime:0.001000s ]
INFO: [ app_begin ] --START--
INFO: Run Behavior\ReadHtmlCacheBehavior [ RunTime:0.002000s ]
INFO: [ app_begin ] --END-- [ RunTime:0.002000s ]
SQL: SHOW COLUMNS FROM `tpt_member` [ RunTime:0.0100s ]
SQL: SELECT * FROM `tpt_member` WHERE ( username='admin' AND password='21232f297a57a5a743894a0e4a801fc3' AND kouling='123456' ) LIMIT 1   [ RunTime:0.0000s ]
INFO: [ view_parse ] --START--
INFO: [ template_filter ] --START--
INFO: Run Behavior\ContentReplaceBehavior [ RunTime:0.000000s ]
INFO: [ template_filter ] --END-- [ RunTime:0.000000s ]
INFO: Run Behavior\ParseTemplateBehavior [ RunTime:0.010001s ]
INFO: [ view_parse ] --END-- [ RunTime:0.011001s ]
INFO: [ view_filter ] --START--
INFO: Run Behavior\WriteHtmlCacheBehavior [ RunTime:0.000000s ]
INFO: [ view_filter ] --END-- [ RunTime:0.000000s ]
INFO: [ app_end ] --START--
INFO: Run Behavior\ShowPageTraceBehavior [ RunTime:0.001000s ]
INFO: [ app_end ] --END-- [ RunTime:0.001000s ]

[ 2018-03-26T10:04:17+08:00 ] ::1 /blog/admin.php/index/index.html
INFO: [ app_init ] --START--
INFO: Run Behavior\BuildLiteBehavior [ RunTime:0.000000s ]
INFO: [ app_init ] --END-- [ RunTime:0.001000s ]
INFO: [ app_begin ] --START--
INFO: Run Behavior\ReadHtmlCacheBehavior [ RunTime:0.001000s ]
INFO: [ app_begin ] --END-- [ RunTime:0.001000s ]
SQL: SHOW COLUMNS FROM `tpt_member` [ RunTime:0.0190s ]
SQL: SELECT * FROM `tpt_member` WHERE ( username = 'admin' ) LIMIT 1   [ RunTime:0.0010s ]
INFO: [ view_parse ] --START--
INFO: [ template_filter ] --START--
INFO: Run Behavior\ContentReplaceBehavior [ RunTime:0.000000s ]
INFO: [ template_filter ] --END-- [ RunTime:0.000000s ]
INFO: Run Behavior\ParseTemplateBehavior [ RunTime:0.092005s ]
INFO: [ view_parse ] --END-- [ RunTime:0.093005s ]
INFO: [ view_filter ] --START--
INFO: Run Behavior\WriteHtmlCacheBehavior [ RunTime:0.001000s ]
INFO: [ view_filter ] --END-- [ RunTime:0.001000s ]
INFO: [ app_end ] --START--
INFO: Run Behavior\ShowPageTraceBehavior [ RunTime:0.001000s ]
INFO: [ app_end ] --END-- [ RunTime:0.001000s ]

[ 2018-03-26T10:04:19+08:00 ] ::1 /blog/admin.php/category/index.html
INFO: [ app_init ] --START--
INFO: Run Behavior\BuildLiteBehavior [ RunTime:0.000000s ]
INFO: [ app_init ] --END-- [ RunTime:0.001000s ]
INFO: [ app_begin ] --START--
INFO: Run Behavior\ReadHtmlCacheBehavior [ RunTime:0.000000s ]
INFO: [ app_begin ] --END-- [ RunTime:0.001000s ]
SQL: SHOW COLUMNS FROM `tpt_member` [ RunTime:0.0090s ]
SQL: SELECT * FROM `tpt_member` WHERE ( username = 'admin' ) LIMIT 1   [ RunTime:0.0010s ]
SQL: SHOW COLUMNS FROM `tpt_category` [ RunTime:0.0100s ]
SQL: SELECT * FROM `tpt_category` WHERE ( tid = 0 ) ORDER BY id ASC  [ RunTime:0.0010s ]
SQL: SELECT * FROM `tpt_category` WHERE ( tid != 0 ) ORDER BY id ASC  [ RunTime:0.0010s ]
INFO: [ view_parse ] --START--
INFO: [ template_filter ] --START--
INFO: Run Behavior\ContentReplaceBehavior [ RunTime:0.001001s ]
INFO: [ template_filter ] --END-- [ RunTime:0.001001s ]
INFO: Run Behavior\ParseTemplateBehavior [ RunTime:0.030001s ]
INFO: [ view_parse ] --END-- [ RunTime:0.030001s ]
INFO: [ view_filter ] --START--
INFO: Run Behavior\WriteHtmlCacheBehavior [ RunTime:0.001000s ]
INFO: [ view_filter ] --END-- [ RunTime:0.001000s ]
INFO: [ app_end ] --START--
INFO: Run Behavior\ShowPageTraceBehavior [ RunTime:0.000000s ]
INFO: [ app_end ] --END-- [ RunTime:0.000000s ]

[ 2018-03-26T10:04:20+08:00 ] ::1 /blog/admin.php/article/index.html
INFO: [ app_init ] --START--
INFO: Run Behavior\BuildLiteBehavior [ RunTime:0.000000s ]
INFO: [ app_init ] --END-- [ RunTime:0.001000s ]
INFO: [ app_begin ] --START--
INFO: Run Behavior\ReadHtmlCacheBehavior [ RunTime:0.001000s ]
INFO: [ app_begin ] --END-- [ RunTime:0.001000s ]
SQL: SHOW COLUMNS FROM `tpt_member` [ RunTime:0.0100s ]
SQL: SELECT * FROM `tpt_member` WHERE ( username = 'admin' ) LIMIT 1   [ RunTime:0.0010s ]
SQL: SHOW COLUMNS FROM `tpt_article` [ RunTime:0.0110s ]
SQL: SHOW COLUMNS FROM `tpt_category` [ RunTime:0.0100s ]
NOTIC: [2] Invalid argument supplied for foreach() F:\wamp\www\blog\ThinkPHP\Library\Think\Db\Driver.class.php 第 504 行.
SQL: SELECT COUNT(*) AS tp_count FROM tpt_article article LEFT JOIN tpt_category category ON article.tid=category.id LIMIT 1   [ RunTime:0.0010s ]
NOTIC: [2] Invalid argument supplied for foreach() F:\wamp\www\blog\ThinkPHP\Library\Think\Db\Driver.class.php 第 504 行.
SQL: SELECT article.id AS id,article.title AS title,article.pic AS pic,article.commend AS commend,article.choice AS choice,article.time AS time,article.open AS open,article.tid AS tid,category.name AS name,category.type AS type FROM tpt_article article LEFT JOIN tpt_category category ON article.tid=category.id ORDER BY article.id DESC LIMIT 0,15   [ RunTime:0.0010s ]
INFO: [ view_parse ] --START--
INFO: [ template_filter ] --START--
INFO: Run Behavior\ContentReplaceBehavior [ RunTime:0.000000s ]
INFO: [ template_filter ] --END-- [ RunTime:0.001000s ]
NOTIC: [8] Use of undefined constant pic - assumed 'pic' F:\wamp\www\blog\Runtime\Cache\Admin\fe3b60fe672510c0886011ecdc14bba9.php 第 70 行.
NOTIC: [8] Use of undefined constant commend - assumed 'commend' F:\wamp\www\blog\Runtime\Cache\Admin\fe3b60fe672510c0886011ecdc14bba9.php 第 74 行.
NOTIC: [8] Use of undefined constant choice - assumed 'choice' F:\wamp\www\blog\Runtime\Cache\Admin\fe3b60fe672510c0886011ecdc14bba9.php 第 75 行.
NOTIC: [8] Use of undefined constant tid - assumed 'tid' F:\wamp\www\blog\Runtime\Cache\Admin\fe3b60fe672510c0886011ecdc14bba9.php 第 76 行.
NOTIC: [8] Use of undefined constant open - assumed 'open' F:\wamp\www\blog\Runtime\Cache\Admin\fe3b60fe672510c0886011ecdc14bba9.php 第 77 行.
NOTIC: [8] Use of undefined constant pic - assumed 'pic' F:\wamp\www\blog\Runtime\Cache\Admin\fe3b60fe672510c0886011ecdc14bba9.php 第 70 行.
NOTIC: [8] Use of undefined constant commend - assumed 'commend' F:\wamp\www\blog\Runtime\Cache\Admin\fe3b60fe672510c0886011ecdc14bba9.php 第 74 行.
NOTIC: [8] Use of undefined constant choice - assumed 'choice' F:\wamp\www\blog\Runtime\Cache\Admin\fe3b60fe672510c0886011ecdc14bba9.php 第 75 行.
NOTIC: [8] Use of undefined constant tid - assumed 'tid' F:\wamp\www\blog\Runtime\Cache\Admin\fe3b60fe672510c0886011ecdc14bba9.php 第 76 行.
NOTIC: [8] Use of undefined constant open - assumed 'open' F:\wamp\www\blog\Runtime\Cache\Admin\fe3b60fe672510c0886011ecdc14bba9.php 第 77 行.
NOTIC: [8] Use of undefined constant pic - assumed 'pic' F:\wamp\www\blog\Runtime\Cache\Admin\fe3b60fe672510c0886011ecdc14bba9.php 第 70 行.
NOTIC: [8] Use of undefined constant commend - assumed 'commend' F:\wamp\www\blog\Runtime\Cache\Admin\fe3b60fe672510c0886011ecdc14bba9.php 第 74 行.
NOTIC: [8] Use of undefined constant choice - assumed 'choice' F:\wamp\www\blog\Runtime\Cache\Admin\fe3b60fe672510c0886011ecdc14bba9.php 第 75 行.
NOTIC: [8] Use of undefined constant tid - assumed 'tid' F:\wamp\www\blog\Runtime\Cache\Admin\fe3b60fe672510c0886011ecdc14bba9.php 第 76 行.
NOTIC: [8] Use of undefined constant open - assumed 'open' F:\wamp\www\blog\Runtime\Cache\Admin\fe3b60fe672510c0886011ecdc14bba9.php 第 77 行.
NOTIC: [8] Use of undefined constant pic - assumed 'pic' F:\wamp\www\blog\Runtime\Cache\Admin\fe3b60fe672510c0886011ecdc14bba9.php 第 70 行.
NOTIC: [8] Use of undefined constant commend - assumed 'commend' F:\wamp\www\blog\Runtime\Cache\Admin\fe3b60fe672510c0886011ecdc14bba9.php 第 74 行.
NOTIC: [8] Use of undefined constant choice - assumed 'choice' F:\wamp\www\blog\Runtime\Cache\Admin\fe3b60fe672510c0886011ecdc14bba9.php 第 75 行.
NOTIC: [8] Use of undefined constant tid - assumed 'tid' F:\wamp\www\blog\Runtime\Cache\Admin\fe3b60fe672510c0886011ecdc14bba9.php 第 76 行.
NOTIC: [8] Use of undefined constant open - assumed 'open' F:\wamp\www\blog\Runtime\Cache\Admin\fe3b60fe672510c0886011ecdc14bba9.php 第 77 行.
NOTIC: [8] Use of undefined constant pic - assumed 'pic' F:\wamp\www\blog\Runtime\Cache\Admin\fe3b60fe672510c0886011ecdc14bba9.php 第 70 行.
NOTIC: [8] Use of undefined constant commend - assumed 'commend' F:\wamp\www\blog\Runtime\Cache\Admin\fe3b60fe672510c0886011ecdc14bba9.php 第 74 行.
NOTIC: [8] Use of undefined constant choice - assumed 'choice' F:\wamp\www\blog\Runtime\Cache\Admin\fe3b60fe672510c0886011ecdc14bba9.php 第 75 行.
NOTIC: [8] Use of undefined constant tid - assumed 'tid' F:\wamp\www\blog\Runtime\Cache\Admin\fe3b60fe672510c0886011ecdc14bba9.php 第 76 行.
NOTIC: [8] Use of undefined constant open - assumed 'open' F:\wamp\www\blog\Runtime\Cache\Admin\fe3b60fe672510c0886011ecdc14bba9.php 第 77 行.
NOTIC: [8] Use of undefined constant pic - assumed 'pic' F:\wamp\www\blog\Runtime\Cache\Admin\fe3b60fe672510c0886011ecdc14bba9.php 第 70 行.
NOTIC: [8] Use of undefined constant commend - assumed 'commend' F:\wamp\www\blog\Runtime\Cache\Admin\fe3b60fe672510c0886011ecdc14bba9.php 第 74 行.
NOTIC: [8] Use of undefined constant choice - assumed 'choice' F:\wamp\www\blog\Runtime\Cache\Admin\fe3b60fe672510c0886011ecdc14bba9.php 第 75 行.
NOTIC: [8] Use of undefined constant tid - assumed 'tid' F:\wamp\www\blog\Runtime\Cache\Admin\fe3b60fe672510c0886011ecdc14bba9.php 第 76 行.
NOTIC: [8] Use of undefined constant open - assumed 'open' F:\wamp\www\blog\Runtime\Cache\Admin\fe3b60fe672510c0886011ecdc14bba9.php 第 77 行.
NOTIC: [8] Use of undefined constant pic - assumed 'pic' F:\wamp\www\blog\Runtime\Cache\Admin\fe3b60fe672510c0886011ecdc14bba9.php 第 70 行.
NOTIC: [8] Use of undefined constant commend - assumed 'commend' F:\wamp\www\blog\Runtime\Cache\Admin\fe3b60fe672510c0886011ecdc14bba9.php 第 74 行.
NOTIC: [8] Use of undefined constant choice - assumed 'choice' F:\wamp\www\blog\Runtime\Cache\Admin\fe3b60fe672510c0886011ecdc14bba9.php 第 75 行.
NOTIC: [8] Use of undefined constant tid - assumed 'tid' F:\wamp\www\blog\Runtime\Cache\Admin\fe3b60fe672510c0886011ecdc14bba9.php 第 76 行.
NOTIC: [8] Use of undefined constant open - assumed 'open' F:\wamp\www\blog\Runtime\Cache\Admin\fe3b60fe672510c0886011ecdc14bba9.php 第 77 行.
INFO: Run Behavior\ParseTemplateBehavior [ RunTime:0.028002s ]
INFO: [ view_parse ] --END-- [ RunTime:0.028002s ]
INFO: [ view_filter ] --START--
INFO: Run Behavior\WriteHtmlCacheBehavior [ RunTime:0.001000s ]
INFO: [ view_filter ] --END-- [ RunTime:0.001000s ]
INFO: [ app_end ] --START--
INFO: Run Behavior\ShowPageTraceBehavior [ RunTime:0.000000s ]
INFO: [ app_end ] --END-- [ RunTime:0.001000s ]

[ 2018-03-26T10:04:21+08:00 ] ::1 /blog/admin.php/article/add.html
INFO: [ app_init ] --START--
INFO: Run Behavior\BuildLiteBehavior [ RunTime:0.000000s ]
INFO: [ app_init ] --END-- [ RunTime:0.000000s ]
INFO: [ app_begin ] --START--
INFO: Run Behavior\ReadHtmlCacheBehavior [ RunTime:0.001000s ]
INFO: [ app_begin ] --END-- [ RunTime:0.001000s ]
SQL: SHOW COLUMNS FROM `tpt_member` [ RunTime:0.0120s ]
SQL: SELECT * FROM `tpt_member` WHERE ( username = 'admin' ) LIMIT 1   [ RunTime:0.0010s ]
SQL: SHOW COLUMNS FROM `tpt_category` [ RunTime:0.0110s ]
SQL: SELECT * FROM `tpt_category` WHERE ( type = 1 )  [ RunTime:0.0010s ]
INFO: [ view_parse ] --START--
INFO: [ template_filter ] --START--
INFO: Run Behavior\ContentReplaceBehavior [ RunTime:0.000000s ]
INFO: [ template_filter ] --END-- [ RunTime:0.000000s ]
NOTIC: [8] Use of undefined constant keywords - assumed 'keywords' F:\wamp\www\blog\Runtime\Cache\Admin\9759d94993c289ada096e85747e90043.php 第 140 行.
NOTIC: [8] Undefined variable: a F:\wamp\www\blog\Runtime\Cache\Admin\9759d94993c289ada096e85747e90043.php 第 140 行.
INFO: Run Behavior\ParseTemplateBehavior [ RunTime:0.049003s ]
INFO: [ view_parse ] --END-- [ RunTime:0.050003s ]
INFO: [ view_filter ] --START--
INFO: Run Behavior\WriteHtmlCacheBehavior [ RunTime:0.000000s ]
INFO: [ view_filter ] --END-- [ RunTime:0.000000s ]
INFO: [ app_end ] --START--
INFO: Run Behavior\ShowPageTraceBehavior [ RunTime:0.001000s ]
INFO: [ app_end ] --END-- [ RunTime:0.001000s ]

[ 2018-03-26T10:04:31+08:00 ] ::1 /blog/admin.php/article/doadd.html
INFO: [ app_init ] --START--
INFO: Run Behavior\BuildLiteBehavior [ RunTime:0.000000s ]
INFO: [ app_init ] --END-- [ RunTime:0.001000s ]
INFO: [ app_begin ] --START--
INFO: Run Behavior\ReadHtmlCacheBehavior [ RunTime:0.001000s ]
INFO: [ app_begin ] --END-- [ RunTime:0.001000s ]
SQL: SHOW COLUMNS FROM `tpt_member` [ RunTime:0.0110s ]
SQL: SELECT * FROM `tpt_member` WHERE ( username = 'admin' ) LIMIT 1   [ RunTime:0.0010s ]
SQL: SHOW COLUMNS FROM `tpt_article` [ RunTime:0.0200s ]
NOTIC: [8] Undefined index: validate F:\wamp\www\blog\ThinkPHP\Library\Think\Model.class.php 第 1185 行.
NOTIC: [8] Undefined index: auto F:\wamp\www\blog\ThinkPHP\Library\Think\Model.class.php 第 1128 行.
SQL: INSERT INTO `tpt_article` (`title`,`tid`,`author`,`source`,`open`,`commend`,`description`,`content`,`keywords`,`time`) VALUES ('dddddd','8','ddddd','ddddddddd','1','1','ddddddddddd','      &lt;p&gt;请输入内容...&lt;/p&gt;
      &lt;p&gt;dddddddddd&lt;/p&gt;','','1522029870') [ RunTime:0.1260s ]
INFO: [ view_parse ] --START--
INFO: [ template_filter ] --START--
INFO: Run Behavior\ContentReplaceBehavior [ RunTime:0.000000s ]
INFO: [ template_filter ] --END-- [ RunTime:0.000000s ]
INFO: Run Behavior\ParseTemplateBehavior [ RunTime:0.010001s ]
INFO: [ view_parse ] --END-- [ RunTime:0.010001s ]
INFO: [ view_filter ] --START--
INFO: Run Behavior\WriteHtmlCacheBehavior [ RunTime:0.000000s ]
INFO: [ view_filter ] --END-- [ RunTime:0.000000s ]
INFO: [ app_end ] --START--
INFO: Run Behavior\ShowPageTraceBehavior [ RunTime:0.001000s ]
INFO: [ app_end ] --END-- [ RunTime:0.001000s ]

[ 2018-03-26T10:04:32+08:00 ] ::1 /blog/admin.php/article/index.html
INFO: [ app_init ] --START--
INFO: Run Behavior\BuildLiteBehavior [ RunTime:0.000000s ]
INFO: [ app_init ] --END-- [ RunTime:0.001000s ]
INFO: [ app_begin ] --START--
INFO: Run Behavior\ReadHtmlCacheBehavior [ RunTime:0.001000s ]
INFO: [ app_begin ] --END-- [ RunTime:0.001000s ]
SQL: SHOW COLUMNS FROM `tpt_member` [ RunTime:0.0150s ]
SQL: SELECT * FROM `tpt_member` WHERE ( username = 'admin' ) LIMIT 1   [ RunTime:0.0010s ]
SQL: SHOW COLUMNS FROM `tpt_article` [ RunTime:0.0140s ]
SQL: SHOW COLUMNS FROM `tpt_category` [ RunTime:0.0120s ]
NOTIC: [2] Invalid argument supplied for foreach() F:\wamp\www\blog\ThinkPHP\Library\Think\Db\Driver.class.php 第 504 行.
SQL: SELECT COUNT(*) AS tp_count FROM tpt_article article LEFT JOIN tpt_category category ON article.tid=category.id LIMIT 1   [ RunTime:0.0000s ]
NOTIC: [2] Invalid argument supplied for foreach() F:\wamp\www\blog\ThinkPHP\Library\Think\Db\Driver.class.php 第 504 行.
SQL: SELECT article.id AS id,article.title AS title,article.pic AS pic,article.commend AS commend,article.choice AS choice,article.time AS time,article.open AS open,article.tid AS tid,category.name AS name,category.type AS type FROM tpt_article article LEFT JOIN tpt_category category ON article.tid=category.id ORDER BY article.id DESC LIMIT 0,15   [ RunTime:0.0010s ]
INFO: [ view_parse ] --START--
INFO: [ template_filter ] --START--
INFO: Run Behavior\ContentReplaceBehavior [ RunTime:0.000000s ]
INFO: [ template_filter ] --END-- [ RunTime:0.000000s ]
NOTIC: [8] Use of undefined constant pic - assumed 'pic' F:\wamp\www\blog\Runtime\Cache\Admin\fe3b60fe672510c0886011ecdc14bba9.php 第 70 行.
NOTIC: [8] Use of undefined constant commend - assumed 'commend' F:\wamp\www\blog\Runtime\Cache\Admin\fe3b60fe672510c0886011ecdc14bba9.php 第 74 行.
NOTIC: [8] Use of undefined constant choice - assumed 'choice' F:\wamp\www\blog\Runtime\Cache\Admin\fe3b60fe672510c0886011ecdc14bba9.php 第 75 行.
NOTIC: [8] Use of undefined constant tid - assumed 'tid' F:\wamp\www\blog\Runtime\Cache\Admin\fe3b60fe672510c0886011ecdc14bba9.php 第 76 行.
NOTIC: [8] Use of undefined constant open - assumed 'open' F:\wamp\www\blog\Runtime\Cache\Admin\fe3b60fe672510c0886011ecdc14bba9.php 第 77 行.
NOTIC: [8] Use of undefined constant pic - assumed 'pic' F:\wamp\www\blog\Runtime\Cache\Admin\fe3b60fe672510c0886011ecdc14bba9.php 第 70 行.
NOTIC: [8] Use of undefined constant commend - assumed 'commend' F:\wamp\www\blog\Runtime\Cache\Admin\fe3b60fe672510c0886011ecdc14bba9.php 第 74 行.
NOTIC: [8] Use of undefined constant choice - assumed 'choice' F:\wamp\www\blog\Runtime\Cache\Admin\fe3b60fe672510c0886011ecdc14bba9.php 第 75 行.
NOTIC: [8] Use of undefined constant tid - assumed 'tid' F:\wamp\www\blog\Runtime\Cache\Admin\fe3b60fe672510c0886011ecdc14bba9.php 第 76 行.
NOTIC: [8] Use of undefined constant open - assumed 'open' F:\wamp\www\blog\Runtime\Cache\Admin\fe3b60fe672510c0886011ecdc14bba9.php 第 77 行.
NOTIC: [8] Use of undefined constant pic - assumed 'pic' F:\wamp\www\blog\Runtime\Cache\Admin\fe3b60fe672510c0886011ecdc14bba9.php 第 70 行.
NOTIC: [8] Use of undefined constant commend - assumed 'commend' F:\wamp\www\blog\Runtime\Cache\Admin\fe3b60fe672510c0886011ecdc14bba9.php 第 74 行.
NOTIC: [8] Use of undefined constant choice - assumed 'choice' F:\wamp\www\blog\Runtime\Cache\Admin\fe3b60fe672510c0886011ecdc14bba9.php 第 75 行.
NOTIC: [8] Use of undefined constant tid - assumed 'tid' F:\wamp\www\blog\Runtime\Cache\Admin\fe3b60fe672510c0886011ecdc14bba9.php 第 76 行.
NOTIC: [8] Use of undefined constant open - assumed 'open' F:\wamp\www\blog\Runtime\Cache\Admin\fe3b60fe672510c0886011ecdc14bba9.php 第 77 行.
NOTIC: [8] Use of undefined constant pic - assumed 'pic' F:\wamp\www\blog\Runtime\Cache\Admin\fe3b60fe672510c0886011ecdc14bba9.php 第 70 行.
NOTIC: [8] Use of undefined constant commend - assumed 'commend' F:\wamp\www\blog\Runtime\Cache\Admin\fe3b60fe672510c0886011ecdc14bba9.php 第 74 行.
NOTIC: [8] Use of undefined constant choice - assumed 'choice' F:\wamp\www\blog\Runtime\Cache\Admin\fe3b60fe672510c0886011ecdc14bba9.php 第 75 行.
NOTIC: [8] Use of undefined constant tid - assumed 'tid' F:\wamp\www\blog\Runtime\Cache\Admin\fe3b60fe672510c0886011ecdc14bba9.php 第 76 行.
NOTIC: [8] Use of undefined constant open - assumed 'open' F:\wamp\www\blog\Runtime\Cache\Admin\fe3b60fe672510c0886011ecdc14bba9.php 第 77 行.
NOTIC: [8] Use of undefined constant pic - assumed 'pic' F:\wamp\www\blog\Runtime\Cache\Admin\fe3b60fe672510c0886011ecdc14bba9.php 第 70 行.
NOTIC: [8] Use of undefined constant commend - assumed 'commend' F:\wamp\www\blog\Runtime\Cache\Admin\fe3b60fe672510c0886011ecdc14bba9.php 第 74 行.
NOTIC: [8] Use of undefined constant choice - assumed 'choice' F:\wamp\www\blog\Runtime\Cache\Admin\fe3b60fe672510c0886011ecdc14bba9.php 第 75 行.
NOTIC: [8] Use of undefined constant tid - assumed 'tid' F:\wamp\www\blog\Runtime\Cache\Admin\fe3b60fe672510c0886011ecdc14bba9.php 第 76 行.
NOTIC: [8] Use of undefined constant open - assumed 'open' F:\wamp\www\blog\Runtime\Cache\Admin\fe3b60fe672510c0886011ecdc14bba9.php 第 77 行.
NOTIC: [8] Use of undefined constant pic - assumed 'pic' F:\wamp\www\blog\Runtime\Cache\Admin\fe3b60fe672510c0886011ecdc14bba9.php 第 70 行.
NOTIC: [8] Use of undefined constant commend - assumed 'commend' F:\wamp\www\blog\Runtime\Cache\Admin\fe3b60fe672510c0886011ecdc14bba9.php 第 74 行.
NOTIC: [8] Use of undefined constant choice - assumed 'choice' F:\wamp\www\blog\Runtime\Cache\Admin\fe3b60fe672510c0886011ecdc14bba9.php 第 75 行.
NOTIC: [8] Use of undefined constant tid - assumed 'tid' F:\wamp\www\blog\Runtime\Cache\Admin\fe3b60fe672510c0886011ecdc14bba9.php 第 76 行.
NOTIC: [8] Use of undefined constant open - assumed 'open' F:\wamp\www\blog\Runtime\Cache\Admin\fe3b60fe672510c0886011ecdc14bba9.php 第 77 行.
NOTIC: [8] Use of undefined constant pic - assumed 'pic' F:\wamp\www\blog\Runtime\Cache\Admin\fe3b60fe672510c0886011ecdc14bba9.php 第 70 行.
NOTIC: [8] Use of undefined constant commend - assumed 'commend' F:\wamp\www\blog\Runtime\Cache\Admin\fe3b60fe672510c0886011ecdc14bba9.php 第 74 行.
NOTIC: [8] Use of undefined constant choice - assumed 'choice' F:\wamp\www\blog\Runtime\Cache\Admin\fe3b60fe672510c0886011ecdc14bba9.php 第 75 行.
NOTIC: [8] Use of undefined constant tid - assumed 'tid' F:\wamp\www\blog\Runtime\Cache\Admin\fe3b60fe672510c0886011ecdc14bba9.php 第 76 行.
NOTIC: [8] Use of undefined constant open - assumed 'open' F:\wamp\www\blog\Runtime\Cache\Admin\fe3b60fe672510c0886011ecdc14bba9.php 第 77 行.
NOTIC: [8] Use of undefined constant pic - assumed 'pic' F:\wamp\www\blog\Runtime\Cache\Admin\fe3b60fe672510c0886011ecdc14bba9.php 第 70 行.
NOTIC: [8] Use of undefined constant commend - assumed 'commend' F:\wamp\www\blog\Runtime\Cache\Admin\fe3b60fe672510c0886011ecdc14bba9.php 第 74 行.
NOTIC: [8] Use of undefined constant choice - assumed 'choice' F:\wamp\www\blog\Runtime\Cache\Admin\fe3b60fe672510c0886011ecdc14bba9.php 第 75 行.
NOTIC: [8] Use of undefined constant tid - assumed 'tid' F:\wamp\www\blog\Runtime\Cache\Admin\fe3b60fe672510c0886011ecdc14bba9.php 第 76 行.
NOTIC: [8] Use of undefined constant open - assumed 'open' F:\wamp\www\blog\Runtime\Cache\Admin\fe3b60fe672510c0886011ecdc14bba9.php 第 77 行.
INFO: Run Behavior\ParseTemplateBehavior [ RunTime:0.025002s ]
INFO: [ view_parse ] --END-- [ RunTime:0.025002s ]
INFO: [ view_filter ] --START--
INFO: Run Behavior\WriteHtmlCacheBehavior [ RunTime:0.001000s ]
INFO: [ view_filter ] --END-- [ RunTime:0.001000s ]
INFO: [ app_end ] --START--
INFO: Run Behavior\ShowPageTraceBehavior [ RunTime:0.001000s ]
INFO: [ app_end ] --END-- [ RunTime:0.001000s ]

[ 2018-03-26T10:04:50+08:00 ] ::1 /blog/admin.php/article/delete/id/9.html
INFO: [ app_init ] --START--
INFO: Run Behavior\BuildLiteBehavior [ RunTime:0.000000s ]
INFO: [ app_init ] --END-- [ RunTime:0.001000s ]
INFO: [ app_begin ] --START--
INFO: Run Behavior\ReadHtmlCacheBehavior [ RunTime:0.001000s ]
INFO: [ app_begin ] --END-- [ RunTime:0.001000s ]
SQL: SHOW COLUMNS FROM `tpt_member` [ RunTime:0.0090s ]
SQL: SELECT * FROM `tpt_member` WHERE ( username = 'admin' ) LIMIT 1   [ RunTime:0.0030s ]
SQL: SHOW COLUMNS FROM `tpt_article` [ RunTime:0.0100s ]
SQL: DELETE FROM `tpt_article` WHERE `id` = 9 [ RunTime:0.0470s ]
INFO: [ view_parse ] --START--
INFO: [ template_filter ] --START--
INFO: Run Behavior\ContentReplaceBehavior [ RunTime:0.000000s ]
INFO: [ template_filter ] --END-- [ RunTime:0.000000s ]
INFO: Run Behavior\ParseTemplateBehavior [ RunTime:0.010001s ]
INFO: [ view_parse ] --END-- [ RunTime:0.010001s ]
INFO: [ view_filter ] --START--
INFO: Run Behavior\WriteHtmlCacheBehavior [ RunTime:0.000000s ]
INFO: [ view_filter ] --END-- [ RunTime:0.000000s ]
INFO: [ app_end ] --START--
INFO: Run Behavior\ShowPageTraceBehavior [ RunTime:0.000000s ]
INFO: [ app_end ] --END-- [ RunTime:0.000000s ]

[ 2018-03-26T10:04:51+08:00 ] ::1 /blog/admin.php/article/index.html
INFO: [ app_init ] --START--
INFO: Run Behavior\BuildLiteBehavior [ RunTime:0.000000s ]
INFO: [ app_init ] --END-- [ RunTime:0.001000s ]
INFO: [ app_begin ] --START--
INFO: Run Behavior\ReadHtmlCacheBehavior [ RunTime:0.001001s ]
INFO: [ app_begin ] --END-- [ RunTime:0.001001s ]
SQL: SHOW COLUMNS FROM `tpt_member` [ RunTime:0.0740s ]
SQL: SELECT * FROM `tpt_member` WHERE ( username = 'admin' ) LIMIT 1   [ RunTime:0.0010s ]
SQL: SHOW COLUMNS FROM `tpt_article` [ RunTime:0.0530s ]
SQL: SHOW COLUMNS FROM `tpt_category` [ RunTime:0.0140s ]
NOTIC: [2] Invalid argument supplied for foreach() F:\wamp\www\blog\ThinkPHP\Library\Think\Db\Driver.class.php 第 504 行.
SQL: SELECT COUNT(*) AS tp_count FROM tpt_article article LEFT JOIN tpt_category category ON article.tid=category.id LIMIT 1   [ RunTime:0.0010s ]
NOTIC: [2] Invalid argument supplied for foreach() F:\wamp\www\blog\ThinkPHP\Library\Think\Db\Driver.class.php 第 504 行.
SQL: SELECT article.id AS id,article.title AS title,article.pic AS pic,article.commend AS commend,article.choice AS choice,article.time AS time,article.open AS open,article.tid AS tid,category.name AS name,category.type AS type FROM tpt_article article LEFT JOIN tpt_category category ON article.tid=category.id ORDER BY article.id DESC LIMIT 0,15   [ RunTime:0.0050s ]
INFO: [ view_parse ] --START--
INFO: [ template_filter ] --START--
INFO: Run Behavior\ContentReplaceBehavior [ RunTime:0.000000s ]
INFO: [ template_filter ] --END-- [ RunTime:0.001000s ]
NOTIC: [8] Use of undefined constant pic - assumed 'pic' F:\wamp\www\blog\Runtime\Cache\Admin\fe3b60fe672510c0886011ecdc14bba9.php 第 70 行.
NOTIC: [8] Use of undefined constant commend - assumed 'commend' F:\wamp\www\blog\Runtime\Cache\Admin\fe3b60fe672510c0886011ecdc14bba9.php 第 74 行.
NOTIC: [8] Use of undefined constant choice - assumed 'choice' F:\wamp\www\blog\Runtime\Cache\Admin\fe3b60fe672510c0886011ecdc14bba9.php 第 75 行.
NOTIC: [8] Use of undefined constant tid - assumed 'tid' F:\wamp\www\blog\Runtime\Cache\Admin\fe3b60fe672510c0886011ecdc14bba9.php 第 76 行.
NOTIC: [8] Use of undefined constant open - assumed 'open' F:\wamp\www\blog\Runtime\Cache\Admin\fe3b60fe672510c0886011ecdc14bba9.php 第 77 行.
NOTIC: [8] Use of undefined constant pic - assumed 'pic' F:\wamp\www\blog\Runtime\Cache\Admin\fe3b60fe672510c0886011ecdc14bba9.php 第 70 行.
NOTIC: [8] Use of undefined constant commend - assumed 'commend' F:\wamp\www\blog\Runtime\Cache\Admin\fe3b60fe672510c0886011ecdc14bba9.php 第 74 行.
NOTIC: [8] Use of undefined constant choice - assumed 'choice' F:\wamp\www\blog\Runtime\Cache\Admin\fe3b60fe672510c0886011ecdc14bba9.php 第 75 行.
NOTIC: [8] Use of undefined constant tid - assumed 'tid' F:\wamp\www\blog\Runtime\Cache\Admin\fe3b60fe672510c0886011ecdc14bba9.php 第 76 行.
NOTIC: [8] Use of undefined constant open - assumed 'open' F:\wamp\www\blog\Runtime\Cache\Admin\fe3b60fe672510c0886011ecdc14bba9.php 第 77 行.
NOTIC: [8] Use of undefined constant pic - assumed 'pic' F:\wamp\www\blog\Runtime\Cache\Admin\fe3b60fe672510c0886011ecdc14bba9.php 第 70 行.
NOTIC: [8] Use of undefined constant commend - assumed 'commend' F:\wamp\www\blog\Runtime\Cache\Admin\fe3b60fe672510c0886011ecdc14bba9.php 第 74 行.
NOTIC: [8] Use of undefined constant choice - assumed 'choice' F:\wamp\www\blog\Runtime\Cache\Admin\fe3b60fe672510c0886011ecdc14bba9.php 第 75 行.
NOTIC: [8] Use of undefined constant tid - assumed 'tid' F:\wamp\www\blog\Runtime\Cache\Admin\fe3b60fe672510c0886011ecdc14bba9.php 第 76 行.
NOTIC: [8] Use of undefined constant open - assumed 'open' F:\wamp\www\blog\Runtime\Cache\Admin\fe3b60fe672510c0886011ecdc14bba9.php 第 77 行.
NOTIC: [8] Use of undefined constant pic - assumed 'pic' F:\wamp\www\blog\Runtime\Cache\Admin\fe3b60fe672510c0886011ecdc14bba9.php 第 70 行.
NOTIC: [8] Use of undefined constant commend - assumed 'commend' F:\wamp\www\blog\Runtime\Cache\Admin\fe3b60fe672510c0886011ecdc14bba9.php 第 74 行.
NOTIC: [8] Use of undefined constant choice - assumed 'choice' F:\wamp\www\blog\Runtime\Cache\Admin\fe3b60fe672510c0886011ecdc14bba9.php 第 75 行.
NOTIC: [8] Use of undefined constant tid - assumed 'tid' F:\wamp\www\blog\Runtime\Cache\Admin\fe3b60fe672510c0886011ecdc14bba9.php 第 76 行.
NOTIC: [8] Use of undefined constant open - assumed 'open' F:\wamp\www\blog\Runtime\Cache\Admin\fe3b60fe672510c0886011ecdc14bba9.php 第 77 行.
NOTIC: [8] Use of undefined constant pic - assumed 'pic' F:\wamp\www\blog\Runtime\Cache\Admin\fe3b60fe672510c0886011ecdc14bba9.php 第 70 行.
NOTIC: [8] Use of undefined constant commend - assumed 'commend' F:\wamp\www\blog\Runtime\Cache\Admin\fe3b60fe672510c0886011ecdc14bba9.php 第 74 行.
NOTIC: [8] Use of undefined constant choice - assumed 'choice' F:\wamp\www\blog\Runtime\Cache\Admin\fe3b60fe672510c0886011ecdc14bba9.php 第 75 行.
NOTIC: [8] Use of undefined constant tid - assumed 'tid' F:\wamp\www\blog\Runtime\Cache\Admin\fe3b60fe672510c0886011ecdc14bba9.php 第 76 行.
NOTIC: [8] Use of undefined constant open - assumed 'open' F:\wamp\www\blog\Runtime\Cache\Admin\fe3b60fe672510c0886011ecdc14bba9.php 第 77 行.
NOTIC: [8] Use of undefined constant pic - assumed 'pic' F:\wamp\www\blog\Runtime\Cache\Admin\fe3b60fe672510c0886011ecdc14bba9.php 第 70 行.
NOTIC: [8] Use of undefined constant commend - assumed 'commend' F:\wamp\www\blog\Runtime\Cache\Admin\fe3b60fe672510c0886011ecdc14bba9.php 第 74 行.
NOTIC: [8] Use of undefined constant choice - assumed 'choice' F:\wamp\www\blog\Runtime\Cache\Admin\fe3b60fe672510c0886011ecdc14bba9.php 第 75 行.
NOTIC: [8] Use of undefined constant tid - assumed 'tid' F:\wamp\www\blog\Runtime\Cache\Admin\fe3b60fe672510c0886011ecdc14bba9.php 第 76 行.
NOTIC: [8] Use of undefined constant open - assumed 'open' F:\wamp\www\blog\Runtime\Cache\Admin\fe3b60fe672510c0886011ecdc14bba9.php 第 77 行.
NOTIC: [8] Use of undefined constant pic - assumed 'pic' F:\wamp\www\blog\Runtime\Cache\Admin\fe3b60fe672510c0886011ecdc14bba9.php 第 70 行.
NOTIC: [8] Use of undefined constant commend - assumed 'commend' F:\wamp\www\blog\Runtime\Cache\Admin\fe3b60fe672510c0886011ecdc14bba9.php 第 74 行.
NOTIC: [8] Use of undefined constant choice - assumed 'choice' F:\wamp\www\blog\Runtime\Cache\Admin\fe3b60fe672510c0886011ecdc14bba9.php 第 75 行.
NOTIC: [8] Use of undefined constant tid - assumed 'tid' F:\wamp\www\blog\Runtime\Cache\Admin\fe3b60fe672510c0886011ecdc14bba9.php 第 76 行.
NOTIC: [8] Use of undefined constant open - assumed 'open' F:\wamp\www\blog\Runtime\Cache\Admin\fe3b60fe672510c0886011ecdc14bba9.php 第 77 行.
INFO: Run Behavior\ParseTemplateBehavior [ RunTime:0.029002s ]
INFO: [ view_parse ] --END-- [ RunTime:0.030002s ]
INFO: [ view_filter ] --START--
INFO: Run Behavior\WriteHtmlCacheBehavior [ RunTime:0.002000s ]
INFO: [ view_filter ] --END-- [ RunTime:0.003000s ]
INFO: [ app_end ] --START--
INFO: Run Behavior\ShowPageTraceBehavior [ RunTime:0.001000s ]
INFO: [ app_end ] --END-- [ RunTime:0.001000s ]

[ 2018-03-26T10:04:51+08:00 ] ::1 /blog/admin.php/article/index.html
INFO: [ app_init ] --START--
INFO: Run Behavior\BuildLiteBehavior [ RunTime:0.000000s ]
INFO: [ app_init ] --END-- [ RunTime:0.001000s ]
INFO: [ app_begin ] --START--
INFO: Run Behavior\ReadHtmlCacheBehavior [ RunTime:0.001000s ]
INFO: [ app_begin ] --END-- [ RunTime:0.001000s ]
SQL: SHOW COLUMNS FROM `tpt_member` [ RunTime:0.0180s ]
SQL: SELECT * FROM `tpt_member` WHERE ( username = 'admin' ) LIMIT 1   [ RunTime:0.0010s ]
SQL: SHOW COLUMNS FROM `tpt_article` [ RunTime:0.0150s ]
SQL: SHOW COLUMNS FROM `tpt_category` [ RunTime:0.0220s ]
NOTIC: [2] Invalid argument supplied for foreach() F:\wamp\www\blog\ThinkPHP\Library\Think\Db\Driver.class.php 第 504 行.
SQL: SELECT COUNT(*) AS tp_count FROM tpt_article article LEFT JOIN tpt_category category ON article.tid=category.id LIMIT 1   [ RunTime:0.0000s ]
NOTIC: [2] Invalid argument supplied for foreach() F:\wamp\www\blog\ThinkPHP\Library\Think\Db\Driver.class.php 第 504 行.
SQL: SELECT article.id AS id,article.title AS title,article.pic AS pic,article.commend AS commend,article.choice AS choice,article.time AS time,article.open AS open,article.tid AS tid,category.name AS name,category.type AS type FROM tpt_article article LEFT JOIN tpt_category category ON article.tid=category.id ORDER BY article.id DESC LIMIT 0,15   [ RunTime:0.0000s ]
INFO: [ view_parse ] --START--
INFO: [ template_filter ] --START--
INFO: Run Behavior\ContentReplaceBehavior [ RunTime:0.000000s ]
INFO: [ template_filter ] --END-- [ RunTime:0.000000s ]
NOTIC: [8] Use of undefined constant pic - assumed 'pic' F:\wamp\www\blog\Runtime\Cache\Admin\fe3b60fe672510c0886011ecdc14bba9.php 第 70 行.
NOTIC: [8] Use of undefined constant commend - assumed 'commend' F:\wamp\www\blog\Runtime\Cache\Admin\fe3b60fe672510c0886011ecdc14bba9.php 第 74 行.
NOTIC: [8] Use of undefined constant choice - assumed 'choice' F:\wamp\www\blog\Runtime\Cache\Admin\fe3b60fe672510c0886011ecdc14bba9.php 第 75 行.
NOTIC: [8] Use of undefined constant tid - assumed 'tid' F:\wamp\www\blog\Runtime\Cache\Admin\fe3b60fe672510c0886011ecdc14bba9.php 第 76 行.
NOTIC: [8] Use of undefined constant open - assumed 'open' F:\wamp\www\blog\Runtime\Cache\Admin\fe3b60fe672510c0886011ecdc14bba9.php 第 77 行.
NOTIC: [8] Use of undefined constant pic - assumed 'pic' F:\wamp\www\blog\Runtime\Cache\Admin\fe3b60fe672510c0886011ecdc14bba9.php 第 70 行.
NOTIC: [8] Use of undefined constant commend - assumed 'commend' F:\wamp\www\blog\Runtime\Cache\Admin\fe3b60fe672510c0886011ecdc14bba9.php 第 74 行.
NOTIC: [8] Use of undefined constant choice - assumed 'choice' F:\wamp\www\blog\Runtime\Cache\Admin\fe3b60fe672510c0886011ecdc14bba9.php 第 75 行.
NOTIC: [8] Use of undefined constant tid - assumed 'tid' F:\wamp\www\blog\Runtime\Cache\Admin\fe3b60fe672510c0886011ecdc14bba9.php 第 76 行.
NOTIC: [8] Use of undefined constant open - assumed 'open' F:\wamp\www\blog\Runtime\Cache\Admin\fe3b60fe672510c0886011ecdc14bba9.php 第 77 行.
NOTIC: [8] Use of undefined constant pic - assumed 'pic' F:\wamp\www\blog\Runtime\Cache\Admin\fe3b60fe672510c0886011ecdc14bba9.php 第 70 行.
NOTIC: [8] Use of undefined constant commend - assumed 'commend' F:\wamp\www\blog\Runtime\Cache\Admin\fe3b60fe672510c0886011ecdc14bba9.php 第 74 行.
NOTIC: [8] Use of undefined constant choice - assumed 'choice' F:\wamp\www\blog\Runtime\Cache\Admin\fe3b60fe672510c0886011ecdc14bba9.php 第 75 行.
NOTIC: [8] Use of undefined constant tid - assumed 'tid' F:\wamp\www\blog\Runtime\Cache\Admin\fe3b60fe672510c0886011ecdc14bba9.php 第 76 行.
NOTIC: [8] Use of undefined constant open - assumed 'open' F:\wamp\www\blog\Runtime\Cache\Admin\fe3b60fe672510c0886011ecdc14bba9.php 第 77 行.
NOTIC: [8] Use of undefined constant pic - assumed 'pic' F:\wamp\www\blog\Runtime\Cache\Admin\fe3b60fe672510c0886011ecdc14bba9.php 第 70 行.
NOTIC: [8] Use of undefined constant commend - assumed 'commend' F:\wamp\www\blog\Runtime\Cache\Admin\fe3b60fe672510c0886011ecdc14bba9.php 第 74 行.
NOTIC: [8] Use of undefined constant choice - assumed 'choice' F:\wamp\www\blog\Runtime\Cache\Admin\fe3b60fe672510c0886011ecdc14bba9.php 第 75 行.
NOTIC: [8] Use of undefined constant tid - assumed 'tid' F:\wamp\www\blog\Runtime\Cache\Admin\fe3b60fe672510c0886011ecdc14bba9.php 第 76 行.
NOTIC: [8] Use of undefined constant open - assumed 'open' F:\wamp\www\blog\Runtime\Cache\Admin\fe3b60fe672510c0886011ecdc14bba9.php 第 77 行.
NOTIC: [8] Use of undefined constant pic - assumed 'pic' F:\wamp\www\blog\Runtime\Cache\Admin\fe3b60fe672510c0886011ecdc14bba9.php 第 70 行.
NOTIC: [8] Use of undefined constant commend - assumed 'commend' F:\wamp\www\blog\Runtime\Cache\Admin\fe3b60fe672510c0886011ecdc14bba9.php 第 74 行.
NOTIC: [8] Use of undefined constant choice - assumed 'choice' F:\wamp\www\blog\Runtime\Cache\Admin\fe3b60fe672510c0886011ecdc14bba9.php 第 75 行.
NOTIC: [8] Use of undefined constant tid - assumed 'tid' F:\wamp\www\blog\Runtime\Cache\Admin\fe3b60fe672510c0886011ecdc14bba9.php 第 76 行.
NOTIC: [8] Use of undefined constant open - assumed 'open' F:\wamp\www\blog\Runtime\Cache\Admin\fe3b60fe672510c0886011ecdc14bba9.php 第 77 行.
NOTIC: [8] Use of undefined constant pic - assumed 'pic' F:\wamp\www\blog\Runtime\Cache\Admin\fe3b60fe672510c0886011ecdc14bba9.php 第 70 行.
NOTIC: [8] Use of undefined constant commend - assumed 'commend' F:\wamp\www\blog\Runtime\Cache\Admin\fe3b60fe672510c0886011ecdc14bba9.php 第 74 行.
NOTIC: [8] Use of undefined constant choice - assumed 'choice' F:\wamp\www\blog\Runtime\Cache\Admin\fe3b60fe672510c0886011ecdc14bba9.php 第 75 行.
NOTIC: [8] Use of undefined constant tid - assumed 'tid' F:\wamp\www\blog\Runtime\Cache\Admin\fe3b60fe672510c0886011ecdc14bba9.php 第 76 行.
NOTIC: [8] Use of undefined constant open - assumed 'open' F:\wamp\www\blog\Runtime\Cache\Admin\fe3b60fe672510c0886011ecdc14bba9.php 第 77 行.
NOTIC: [8] Use of undefined constant pic - assumed 'pic' F:\wamp\www\blog\Runtime\Cache\Admin\fe3b60fe672510c0886011ecdc14bba9.php 第 70 行.
NOTIC: [8] Use of undefined constant commend - assumed 'commend' F:\wamp\www\blog\Runtime\Cache\Admin\fe3b60fe672510c0886011ecdc14bba9.php 第 74 行.
NOTIC: [8] Use of undefined constant choice - assumed 'choice' F:\wamp\www\blog\Runtime\Cache\Admin\fe3b60fe672510c0886011ecdc14bba9.php 第 75 行.
NOTIC: [8] Use of undefined constant tid - assumed 'tid' F:\wamp\www\blog\Runtime\Cache\Admin\fe3b60fe672510c0886011ecdc14bba9.php 第 76 行.
NOTIC: [8] Use of undefined constant open - assumed 'open' F:\wamp\www\blog\Runtime\Cache\Admin\fe3b60fe672510c0886011ecdc14bba9.php 第 77 行.
INFO: Run Behavior\ParseTemplateBehavior [ RunTime:0.035002s ]
INFO: [ view_parse ] --END-- [ RunTime:0.035002s ]
INFO: [ view_filter ] --START--
INFO: Run Behavior\WriteHtmlCacheBehavior [ RunTime:0.002000s ]
INFO: [ view_filter ] --END-- [ RunTime:0.003000s ]
INFO: [ app_end ] --START--
INFO: Run Behavior\ShowPageTraceBehavior [ RunTime:0.001000s ]
INFO: [ app_end ] --END-- [ RunTime:0.001000s ]

[ 2018-03-26T10:52:51+08:00 ] ::1 /blog/admin.php/article/index.html
INFO: [ app_init ] --START--
INFO: Run Behavior\BuildLiteBehavior [ RunTime:0.000000s ]
INFO: [ app_init ] --END-- [ RunTime:0.000000s ]
INFO: [ app_begin ] --START--
INFO: Run Behavior\ReadHtmlCacheBehavior [ RunTime:0.001000s ]
INFO: [ app_begin ] --END-- [ RunTime:0.001000s ]
SQL: SHOW COLUMNS FROM `tpt_member` [ RunTime:0.0100s ]
SQL: SELECT * FROM `tpt_member` WHERE ( username = 'admin' ) LIMIT 1   [ RunTime:0.0000s ]
SQL: SHOW COLUMNS FROM `tpt_article` [ RunTime:0.0110s ]
SQL: SHOW COLUMNS FROM `tpt_category` [ RunTime:0.0100s ]
NOTIC: [2] Invalid argument supplied for foreach() F:\wamp\www\blog\ThinkPHP\Library\Think\Db\Driver.class.php 第 504 行.
SQL: SELECT COUNT(*) AS tp_count FROM tpt_article article LEFT JOIN tpt_category category ON article.tid=category.id LIMIT 1   [ RunTime:0.0010s ]
NOTIC: [2] Invalid argument supplied for foreach() F:\wamp\www\blog\ThinkPHP\Library\Think\Db\Driver.class.php 第 504 行.
SQL: SELECT article.id AS id,article.title AS title,article.pic AS pic,article.commend AS commend,article.choice AS choice,article.time AS time,article.open AS open,article.tid AS tid,category.name AS name,category.type AS type FROM tpt_article article LEFT JOIN tpt_category category ON article.tid=category.id ORDER BY article.id DESC LIMIT 0,15   [ RunTime:0.0010s ]
INFO: [ view_parse ] --START--
INFO: [ template_filter ] --START--
INFO: Run Behavior\ContentReplaceBehavior [ RunTime:0.000000s ]
INFO: [ template_filter ] --END-- [ RunTime:0.000000s ]
NOTIC: [8] Use of undefined constant pic - assumed 'pic' F:\wamp\www\blog\Runtime\Cache\Admin\fe3b60fe672510c0886011ecdc14bba9.php 第 70 行.
NOTIC: [8] Use of undefined constant commend - assumed 'commend' F:\wamp\www\blog\Runtime\Cache\Admin\fe3b60fe672510c0886011ecdc14bba9.php 第 74 行.
NOTIC: [8] Use of undefined constant choice - assumed 'choice' F:\wamp\www\blog\Runtime\Cache\Admin\fe3b60fe672510c0886011ecdc14bba9.php 第 75 行.
NOTIC: [8] Use of undefined constant tid - assumed 'tid' F:\wamp\www\blog\Runtime\Cache\Admin\fe3b60fe672510c0886011ecdc14bba9.php 第 76 行.
NOTIC: [8] Use of undefined constant open - assumed 'open' F:\wamp\www\blog\Runtime\Cache\Admin\fe3b60fe672510c0886011ecdc14bba9.php 第 77 行.
NOTIC: [8] Use of undefined constant pic - assumed 'pic' F:\wamp\www\blog\Runtime\Cache\Admin\fe3b60fe672510c0886011ecdc14bba9.php 第 70 行.
NOTIC: [8] Use of undefined constant commend - assumed 'commend' F:\wamp\www\blog\Runtime\Cache\Admin\fe3b60fe672510c0886011ecdc14bba9.php 第 74 行.
NOTIC: [8] Use of undefined constant choice - assumed 'choice' F:\wamp\www\blog\Runtime\Cache\Admin\fe3b60fe672510c0886011ecdc14bba9.php 第 75 行.
NOTIC: [8] Use of undefined constant tid - assumed 'tid' F:\wamp\www\blog\Runtime\Cache\Admin\fe3b60fe672510c0886011ecdc14bba9.php 第 76 行.
NOTIC: [8] Use of undefined constant open - assumed 'open' F:\wamp\www\blog\Runtime\Cache\Admin\fe3b60fe672510c0886011ecdc14bba9.php 第 77 行.
NOTIC: [8] Use of undefined constant pic - assumed 'pic' F:\wamp\www\blog\Runtime\Cache\Admin\fe3b60fe672510c0886011ecdc14bba9.php 第 70 行.
NOTIC: [8] Use of undefined constant commend - assumed 'commend' F:\wamp\www\blog\Runtime\Cache\Admin\fe3b60fe672510c0886011ecdc14bba9.php 第 74 行.
NOTIC: [8] Use of undefined constant choice - assumed 'choice' F:\wamp\www\blog\Runtime\Cache\Admin\fe3b60fe672510c0886011ecdc14bba9.php 第 75 行.
NOTIC: [8] Use of undefined constant tid - assumed 'tid' F:\wamp\www\blog\Runtime\Cache\Admin\fe3b60fe672510c0886011ecdc14bba9.php 第 76 行.
NOTIC: [8] Use of undefined constant open - assumed 'open' F:\wamp\www\blog\Runtime\Cache\Admin\fe3b60fe672510c0886011ecdc14bba9.php 第 77 行.
NOTIC: [8] Use of undefined constant pic - assumed 'pic' F:\wamp\www\blog\Runtime\Cache\Admin\fe3b60fe672510c0886011ecdc14bba9.php 第 70 行.
NOTIC: [8] Use of undefined constant commend - assumed 'commend' F:\wamp\www\blog\Runtime\Cache\Admin\fe3b60fe672510c0886011ecdc14bba9.php 第 74 行.
NOTIC: [8] Use of undefined constant choice - assumed 'choice' F:\wamp\www\blog\Runtime\Cache\Admin\fe3b60fe672510c0886011ecdc14bba9.php 第 75 行.
NOTIC: [8] Use of undefined constant tid - assumed 'tid' F:\wamp\www\blog\Runtime\Cache\Admin\fe3b60fe672510c0886011ecdc14bba9.php 第 76 行.
NOTIC: [8] Use of undefined constant open - assumed 'open' F:\wamp\www\blog\Runtime\Cache\Admin\fe3b60fe672510c0886011ecdc14bba9.php 第 77 行.
NOTIC: [8] Use of undefined constant pic - assumed 'pic' F:\wamp\www\blog\Runtime\Cache\Admin\fe3b60fe672510c0886011ecdc14bba9.php 第 70 行.
NOTIC: [8] Use of undefined constant commend - assumed 'commend' F:\wamp\www\blog\Runtime\Cache\Admin\fe3b60fe672510c0886011ecdc14bba9.php 第 74 行.
NOTIC: [8] Use of undefined constant choice - assumed 'choice' F:\wamp\www\blog\Runtime\Cache\Admin\fe3b60fe672510c0886011ecdc14bba9.php 第 75 行.
NOTIC: [8] Use of undefined constant tid - assumed 'tid' F:\wamp\www\blog\Runtime\Cache\Admin\fe3b60fe672510c0886011ecdc14bba9.php 第 76 行.
NOTIC: [8] Use of undefined constant open - assumed 'open' F:\wamp\www\blog\Runtime\Cache\Admin\fe3b60fe672510c0886011ecdc14bba9.php 第 77 行.
NOTIC: [8] Use of undefined constant pic - assumed 'pic' F:\wamp\www\blog\Runtime\Cache\Admin\fe3b60fe672510c0886011ecdc14bba9.php 第 70 行.
NOTIC: [8] Use of undefined constant commend - assumed 'commend' F:\wamp\www\blog\Runtime\Cache\Admin\fe3b60fe672510c0886011ecdc14bba9.php 第 74 行.
NOTIC: [8] Use of undefined constant choice - assumed 'choice' F:\wamp\www\blog\Runtime\Cache\Admin\fe3b60fe672510c0886011ecdc14bba9.php 第 75 行.
NOTIC: [8] Use of undefined constant tid - assumed 'tid' F:\wamp\www\blog\Runtime\Cache\Admin\fe3b60fe672510c0886011ecdc14bba9.php 第 76 行.
NOTIC: [8] Use of undefined constant open - assumed 'open' F:\wamp\www\blog\Runtime\Cache\Admin\fe3b60fe672510c0886011ecdc14bba9.php 第 77 行.
NOTIC: [8] Use of undefined constant pic - assumed 'pic' F:\wamp\www\blog\Runtime\Cache\Admin\fe3b60fe672510c0886011ecdc14bba9.php 第 70 行.
NOTIC: [8] Use of undefined constant commend - assumed 'commend' F:\wamp\www\blog\Runtime\Cache\Admin\fe3b60fe672510c0886011ecdc14bba9.php 第 74 行.
NOTIC: [8] Use of undefined constant choice - assumed 'choice' F:\wamp\www\blog\Runtime\Cache\Admin\fe3b60fe672510c0886011ecdc14bba9.php 第 75 行.
NOTIC: [8] Use of undefined constant tid - assumed 'tid' F:\wamp\www\blog\Runtime\Cache\Admin\fe3b60fe672510c0886011ecdc14bba9.php 第 76 行.
NOTIC: [8] Use of undefined constant open - assumed 'open' F:\wamp\www\blog\Runtime\Cache\Admin\fe3b60fe672510c0886011ecdc14bba9.php 第 77 行.
INFO: Run Behavior\ParseTemplateBehavior [ RunTime:0.060003s ]
INFO: [ view_parse ] --END-- [ RunTime:0.060003s ]
INFO: [ view_filter ] --START--
INFO: Run Behavior\WriteHtmlCacheBehavior [ RunTime:0.001000s ]
INFO: [ view_filter ] --END-- [ RunTime:0.001000s ]
INFO: [ app_end ] --START--
INFO: Run Behavior\ShowPageTraceBehavior [ RunTime:0.001000s ]
INFO: [ app_end ] --END-- [ RunTime:0.001000s ]

